<?xml version="1.0" encoding="UTF-8"?>
<testsuite name="org.iata.bsplink.refund.service.CommentServiceTest" tests="2" skipped="0" failures="0" errors="0" timestamp="2018-08-09T11:36:38" hostname="a2ljenkins1" time="0.425">
  <properties/>
  <testcase name="testSave" classname="org.iata.bsplink.refund.service.CommentServiceTest" time="0.424"/>
  <testcase name="testFindByRefundId" classname="org.iata.bsplink.refund.service.CommentServiceTest" time="0.001"/>
  <system-out><![CDATA[]]></system-out>
  <system-err><![CDATA[Aug 09, 2018 1:36:38 PM org.iata.bsplink.refund.service.CommentService save
INFO: Saving Comment: CommentRequest(text=Text one)
Aug 09, 2018 1:36:38 PM org.iata.bsplink.refund.service.CommentService save
INFO: Saving refund history: RefundHistory(id=null, action=ADD_COMMENT, insertDateTime=2018-08-09T11:36:38.809Z, refundId=98798798, fileName=null)
Aug 09, 2018 1:36:38 PM org.iata.bsplink.refund.service.CommentService save
INFO: Comment saved: Comment(id=1, text=Comment one, insertDateTime=2018-08-09T11:36:38.538Z, refundId=98798798)
Aug 09, 2018 1:36:38 PM org.iata.bsplink.refund.service.CommentService findByRefundId
INFO: Getting comment list by refund id: 1
]]></system-err>
</testsuite>
