<?xml version="1.0" encoding="UTF-8"?>
<testsuite name="org.iata.bsplink.refund.validation.DateOfIssueRelatedDocumentValidatorTest" tests="4" skipped="0" failures="0" errors="0" timestamp="2018-08-09T11:36:39" hostname="a2ljenkins1" time="0.074">
  <properties/>
  <testcase name="testIsValidDateOfIssueIsNull" classname="org.iata.bsplink.refund.validation.DateOfIssueRelatedDocumentValidatorTest" time="0.064"/>
  <testcase name="testIsNotValid" classname="org.iata.bsplink.refund.validation.DateOfIssueRelatedDocumentValidatorTest" time="0.004"/>
  <testcase name="testIsValidDateOfIssueRelatedDocumentIsNull" classname="org.iata.bsplink.refund.validation.DateOfIssueRelatedDocumentValidatorTest" time="0.0"/>
  <testcase name="testIsValid" classname="org.iata.bsplink.refund.validation.DateOfIssueRelatedDocumentValidatorTest" time="0.001"/>
  <system-out><![CDATA[]]></system-out>
  <system-err><![CDATA[]]></system-err>
</testsuite>
