<?xml version="1.0" encoding="UTF-8"?>
<testsuite name="org.iata.bsplink.refund.service.RefundHistoryServiceTest" tests="2" skipped="0" failures="0" errors="0" timestamp="2018-08-09T11:36:39" hostname="a2ljenkins1" time="0.075">
  <properties/>
  <testcase name="testSave" classname="org.iata.bsplink.refund.service.RefundHistoryServiceTest" time="0.074"/>
  <testcase name="testFindByRefundId" classname="org.iata.bsplink.refund.service.RefundHistoryServiceTest" time="0.001"/>
  <system-out><![CDATA[]]></system-out>
  <system-err><![CDATA[Aug 09, 2018 1:36:39 PM org.iata.bsplink.refund.service.RefundHistoryService save
INFO: Saving refund history: RefundHistory(id=1, action=REFUND_ISSUE, insertDateTime=2018-08-09T11:36:39.086Z, refundId=1, fileName=null)
Aug 09, 2018 1:36:39 PM org.iata.bsplink.refund.service.RefundHistoryService findByRefundId
INFO: Getting refund history by id: 1
]]></system-err>
</testsuite>
