<?xml version="1.0" encoding="UTF-8"?>
<testsuite name="org.iata.bsplink.refund.model.entity.ConfigTest" tests="1" skipped="0" failures="0" errors="0" timestamp="2018-08-09T11:36:35" hostname="a2ljenkins1" time="0.45">
  <properties/>
  <testcase name="equalsContract" classname="org.iata.bsplink.refund.model.entity.ConfigTest" time="0.45"/>
  <system-out><![CDATA[]]></system-out>
  <system-err><![CDATA[]]></system-err>
</testsuite>
