<?xml version="1.0" encoding="UTF-8"?>
<testsuite name="org.iata.bsplink.refund.validation.NetReportingValidatorTest" tests="6" skipped="0" failures="0" errors="0" timestamp="2018-08-09T11:36:39" hostname="a2ljenkins1" time="0.004">
  <properties/>
  <testcase name="testIsValidForNetReporting" classname="org.iata.bsplink.refund.validation.NetReportingValidatorTest" time="0.001"/>
  <testcase name="testIsValidForNullSpam" classname="org.iata.bsplink.refund.validation.NetReportingValidatorTest" time="0.0"/>
  <testcase name="testIsValidForNullAmounts" classname="org.iata.bsplink.refund.validation.NetReportingValidatorTest" time="0.0"/>
  <testcase name="testIsNotValidForNetReportingNull" classname="org.iata.bsplink.refund.validation.NetReportingValidatorTest" time="0.001"/>
  <testcase name="testIsNotValidForNetReportingFalse" classname="org.iata.bsplink.refund.validation.NetReportingValidatorTest" time="0.001"/>
  <testcase name="testIsValidForZeroSpam" classname="org.iata.bsplink.refund.validation.NetReportingValidatorTest" time="0.001"/>
  <system-out><![CDATA[]]></system-out>
  <system-err><![CDATA[]]></system-err>
</testsuite>
