<?xml version="1.0" encoding="UTF-8"?>
<testsuite name="org.iata.bsplink.refund.fake.CountryTest" tests="1" skipped="0" failures="0" errors="0" timestamp="2018-08-09T11:36:34" hostname="a2ljenkins1" time="0.112">
  <properties/>
  <testcase name="equalsContract" classname="org.iata.bsplink.refund.fake.CountryTest" time="0.112"/>
  <system-out><![CDATA[]]></system-out>
  <system-err><![CDATA[]]></system-err>
</testsuite>
