<?xml version="1.0" encoding="UTF-8"?>
<testsuite name="org.iata.bsplink.refund.validation.RefundAgentVatNumberValidatorTest" tests="7" skipped="0" failures="0" errors="0" timestamp="2018-08-09T11:36:39" hostname="a2ljenkins1" time="0.003">
  <properties/>
  <testcase name="testAddExpectedMessageWhenNotValid" classname="org.iata.bsplink.refund.validation.RefundAgentVatNumberValidatorTest" time="0.001"/>
  <testcase name="testSupports" classname="org.iata.bsplink.refund.validation.RefundAgentVatNumberValidatorTest" time="0.0"/>
  <testcase name="testValidatesObject(1, true, false) [0]" classname="org.iata.bsplink.refund.validation.RefundAgentVatNumberValidatorTest" time="0.0"/>
  <testcase name="testValidatesObject(null, true, false) [1]" classname="org.iata.bsplink.refund.validation.RefundAgentVatNumberValidatorTest" time="0.001"/>
  <testcase name="testValidatesObject(, true, false) [2]" classname="org.iata.bsplink.refund.validation.RefundAgentVatNumberValidatorTest" time="0.0"/>
  <testcase name="testValidatesObject(1, false, true) [3]" classname="org.iata.bsplink.refund.validation.RefundAgentVatNumberValidatorTest" time="0.0"/>
  <testcase name="testResultIsValidIfDoesntHaveIsoCountryCode" classname="org.iata.bsplink.refund.validation.RefundAgentVatNumberValidatorTest" time="0.001"/>
  <system-out><![CDATA[]]></system-out>
  <system-err><![CDATA[]]></system-err>
</testsuite>
