<?xml version="1.0" encoding="UTF-8"?>
<testsuite name="org.iata.bsplink.refund.utils.AgentCodeUtilityTest" tests="4" skipped="0" failures="0" errors="0" timestamp="2018-08-09T11:36:39" hostname="a2ljenkins1" time="0.014">
  <properties/>
  <testcase name="testIncorrectFormat" classname="org.iata.bsplink.refund.utils.AgentCodeUtilityTest" time="0.013"/>
  <testcase name="testInvalidCheckDigit" classname="org.iata.bsplink.refund.utils.AgentCodeUtilityTest" time="0.0"/>
  <testcase name="testIncorrectCheckDigit" classname="org.iata.bsplink.refund.utils.AgentCodeUtilityTest" time="0.001"/>
  <testcase name="testValidAgentCode" classname="org.iata.bsplink.refund.utils.AgentCodeUtilityTest" time="0.0"/>
  <system-out><![CDATA[]]></system-out>
  <system-err><![CDATA[]]></system-err>
</testsuite>
