<?xml version="1.0" encoding="UTF-8"?>
<testsuite name="org.iata.bsplink.refund.validation.CurrencyValidatorTest" tests="10" skipped="0" failures="0" errors="0" timestamp="2018-08-09T11:36:39" hostname="a2ljenkins1" time="0.005">
  <properties/>
  <testcase name="testIsValidNullCurrency" classname="org.iata.bsplink.refund.validation.CurrencyValidatorTest" time="0.001"/>
  <testcase name="testIsValidNullCurrencyCode" classname="org.iata.bsplink.refund.validation.CurrencyValidatorTest" time="0.0"/>
  <testcase name="testSupports" classname="org.iata.bsplink.refund.validation.CurrencyValidatorTest" time="0.0"/>
  <testcase name="testIsValidNullCurrencyDecimals" classname="org.iata.bsplink.refund.validation.CurrencyValidatorTest" time="0.0"/>
  <testcase name="testIsNotValidCurrencyNotFound" classname="org.iata.bsplink.refund.validation.CurrencyValidatorTest" time="0.003"/>
  <testcase name="testIsNotValidCurrencyExpired" classname="org.iata.bsplink.refund.validation.CurrencyValidatorTest" time="0.0"/>
  <testcase name="testIsValid" classname="org.iata.bsplink.refund.validation.CurrencyValidatorTest" time="0.0"/>
  <testcase name="testIsValidCountryNotExists" classname="org.iata.bsplink.refund.validation.CurrencyValidatorTest" time="0.0"/>
  <testcase name="testIsValidNullCountry" classname="org.iata.bsplink.refund.validation.CurrencyValidatorTest" time="0.0"/>
  <testcase name="testIsValidNullDateOfIssue" classname="org.iata.bsplink.refund.validation.CurrencyValidatorTest" time="0.0"/>
  <system-out><![CDATA[]]></system-out>
  <system-err><![CDATA[]]></system-err>
</testsuite>
