<?xml version="1.0" encoding="UTF-8"?>
<testsuite name="org.iata.bsplink.refund.service.RefundIssuePermissionServiceTest" tests="6" skipped="0" failures="0" errors="0" timestamp="2018-08-09T11:36:39" hostname="a2ljenkins1" time="0.078">
  <properties/>
  <testcase name="testFindAll" classname="org.iata.bsplink.refund.service.RefundIssuePermissionServiceTest" time="0.072"/>
  <testcase name="testSave" classname="org.iata.bsplink.refund.service.RefundIssuePermissionServiceTest" time="0.001"/>
  <testcase name="testFindById" classname="org.iata.bsplink.refund.service.RefundIssuePermissionServiceTest" time="0.0"/>
  <testcase name="testFindByIsoCountryCodeAndAirlineCodeAndAgentCode" classname="org.iata.bsplink.refund.service.RefundIssuePermissionServiceTest" time="0.001"/>
  <testcase name="testDelete" classname="org.iata.bsplink.refund.service.RefundIssuePermissionServiceTest" time="0.0"/>
  <testcase name="testFindByIsoCountryCodeAndAirlineCode" classname="org.iata.bsplink.refund.service.RefundIssuePermissionServiceTest" time="0.001"/>
  <system-out><![CDATA[]]></system-out>
  <system-err><![CDATA[]]></system-err>
</testsuite>
