<?xml version="1.0" encoding="UTF-8"?>
<testsuite name="org.iata.bsplink.refund.validation.CountryValidatorTest" tests="4" skipped="0" failures="0" errors="0" timestamp="2018-08-09T11:36:39" hostname="a2ljenkins1" time="0.002">
  <properties/>
  <testcase name="testSupports" classname="org.iata.bsplink.refund.validation.CountryValidatorTest" time="0.0"/>
  <testcase name="testIsNotValid" classname="org.iata.bsplink.refund.validation.CountryValidatorTest" time="0.002"/>
  <testcase name="testIsNullValid" classname="org.iata.bsplink.refund.validation.CountryValidatorTest" time="0.0"/>
  <testcase name="testIsValid" classname="org.iata.bsplink.refund.validation.CountryValidatorTest" time="0.0"/>
  <system-out><![CDATA[]]></system-out>
  <system-err><![CDATA[]]></system-err>
</testsuite>
