<?xml version="1.0" encoding="UTF-8"?>
<testsuite name="org.iata.bsplink.refund.validation.RefundUsedCouponsValidatorTest" tests="18" skipped="0" failures="0" errors="0" timestamp="2018-08-09T11:36:42" hostname="a2ljenkins1" time="0.016">
  <properties/>
  <testcase name="testAddExpectedMessageWhenNotValid" classname="org.iata.bsplink.refund.validation.RefundUsedCouponsValidatorTest" time="0.006"/>
  <testcase name="testSupports" classname="org.iata.bsplink.refund.validation.RefundUsedCouponsValidatorTest" time="0.0"/>
  <testcase name="testResultIsValidIfDoesntHaveIsoCountryCode" classname="org.iata.bsplink.refund.validation.RefundUsedCouponsValidatorTest" time="0.001"/>
  <testcase name="testValidatesNumberOfCoupons(null, null, true, false) [0]" classname="org.iata.bsplink.refund.validation.RefundUsedCouponsValidatorTest" time="0.0"/>
  <testcase name="testValidatesNumberOfCoupons(RelatedDocument[relatedTicketDocumentNumber=null, relatedTicketCoupon1=false, relatedTicketCoupon2=false, relatedTicketCoupon3=false, relatedTicketCoupon4=false], [RelatedDocument[relatedTicketDocumentNumber=null, relatedTicketCoupon1=false, relatedTicketCoupon2=false, relatedTicketCoupon3=false, relatedTicketCoupon4=false], RelatedDocument[relatedTicketDocumentNumber=null, relatedTicketCoupon1=false, relatedTicketCoupon2=false, relatedTicketCoupon3=false, relatedTicketCoupon4=false]], true, false) [1]" classname="org.iata.bsplink.refund.validation.RefundUsedCouponsValidatorTest" time="0.0"/>
  <testcase name="testValidatesNumberOfCoupons(RelatedDocument[relatedTicketDocumentNumber=null, relatedTicketCoupon1=false, relatedTicketCoupon2=false, relatedTicketCoupon3=false, relatedTicketCoupon4=false], [RelatedDocument[relatedTicketDocumentNumber=null, relatedTicketCoupon1=false, relatedTicketCoupon2=false, relatedTicketCoupon3=false, relatedTicketCoupon4=false], RelatedDocument[relatedTicketDocumentNumber=null, relatedTicketCoupon1=false, relatedTicketCoupon2=false, relatedTicketCoupon3=false, relatedTicketCoupon4=false]], false, true) [2]" classname="org.iata.bsplink.refund.validation.RefundUsedCouponsValidatorTest" time="0.0"/>
  <testcase name="testValidatesNumberOfCoupons(RelatedDocument[relatedTicketDocumentNumber=null, relatedTicketCoupon1=true, relatedTicketCoupon2=false, relatedTicketCoupon3=false, relatedTicketCoupon4=false], [RelatedDocument[relatedTicketDocumentNumber=null, relatedTicketCoupon1=false, relatedTicketCoupon2=false, relatedTicketCoupon3=false, relatedTicketCoupon4=false], RelatedDocument[relatedTicketDocumentNumber=null, relatedTicketCoupon1=false, relatedTicketCoupon2=false, relatedTicketCoupon3=false, relatedTicketCoupon4=false]], true, false) [3]" classname="org.iata.bsplink.refund.validation.RefundUsedCouponsValidatorTest" time="0.0"/>
  <testcase name="testValidatesNumberOfCoupons(RelatedDocument[relatedTicketDocumentNumber=null, relatedTicketCoupon1=true, relatedTicketCoupon2=false, relatedTicketCoupon3=false, relatedTicketCoupon4=false], [RelatedDocument[relatedTicketDocumentNumber=null, relatedTicketCoupon1=false, relatedTicketCoupon2=false, relatedTicketCoupon3=false, relatedTicketCoupon4=false], RelatedDocument[relatedTicketDocumentNumber=null, relatedTicketCoupon1=false, relatedTicketCoupon2=false, relatedTicketCoupon3=false, relatedTicketCoupon4=false]], false, false) [4]" classname="org.iata.bsplink.refund.validation.RefundUsedCouponsValidatorTest" time="0.001"/>
  <testcase name="testValidatesNumberOfCoupons(RelatedDocument[relatedTicketDocumentNumber=null, relatedTicketCoupon1=false, relatedTicketCoupon2=true, relatedTicketCoupon3=false, relatedTicketCoupon4=false], [RelatedDocument[relatedTicketDocumentNumber=null, relatedTicketCoupon1=false, relatedTicketCoupon2=false, relatedTicketCoupon3=false, relatedTicketCoupon4=false], RelatedDocument[relatedTicketDocumentNumber=null, relatedTicketCoupon1=false, relatedTicketCoupon2=false, relatedTicketCoupon3=false, relatedTicketCoupon4=false]], true, false) [5]" classname="org.iata.bsplink.refund.validation.RefundUsedCouponsValidatorTest" time="0.0"/>
  <testcase name="testValidatesNumberOfCoupons(RelatedDocument[relatedTicketDocumentNumber=null, relatedTicketCoupon1=false, relatedTicketCoupon2=true, relatedTicketCoupon3=false, relatedTicketCoupon4=false], [RelatedDocument[relatedTicketDocumentNumber=null, relatedTicketCoupon1=false, relatedTicketCoupon2=false, relatedTicketCoupon3=false, relatedTicketCoupon4=false], RelatedDocument[relatedTicketDocumentNumber=null, relatedTicketCoupon1=false, relatedTicketCoupon2=false, relatedTicketCoupon3=false, relatedTicketCoupon4=false]], false, false) [6]" classname="org.iata.bsplink.refund.validation.RefundUsedCouponsValidatorTest" time="0.001"/>
  <testcase name="testValidatesNumberOfCoupons(RelatedDocument[relatedTicketDocumentNumber=null, relatedTicketCoupon1=false, relatedTicketCoupon2=false, relatedTicketCoupon3=true, relatedTicketCoupon4=false], [RelatedDocument[relatedTicketDocumentNumber=null, relatedTicketCoupon1=false, relatedTicketCoupon2=false, relatedTicketCoupon3=false, relatedTicketCoupon4=false], RelatedDocument[relatedTicketDocumentNumber=null, relatedTicketCoupon1=false, relatedTicketCoupon2=false, relatedTicketCoupon3=false, relatedTicketCoupon4=false]], true, false) [7]" classname="org.iata.bsplink.refund.validation.RefundUsedCouponsValidatorTest" time="0.0"/>
  <testcase name="testValidatesNumberOfCoupons(RelatedDocument[relatedTicketDocumentNumber=null, relatedTicketCoupon1=false, relatedTicketCoupon2=false, relatedTicketCoupon3=true, relatedTicketCoupon4=false], [RelatedDocument[relatedTicketDocumentNumber=null, relatedTicketCoupon1=false, relatedTicketCoupon2=false, relatedTicketCoupon3=false, relatedTicketCoupon4=false], RelatedDocument[relatedTicketDocumentNumber=null, relatedTicketCoupon1=false, relatedTicketCoupon2=false, relatedTicketCoupon3=false, relatedTicketCoupon4=false]], false, false) [8]" classname="org.iata.bsplink.refund.validation.RefundUsedCouponsValidatorTest" time="0.0"/>
  <testcase name="testValidatesNumberOfCoupons(RelatedDocument[relatedTicketDocumentNumber=null, relatedTicketCoupon1=false, relatedTicketCoupon2=false, relatedTicketCoupon3=false, relatedTicketCoupon4=true], [RelatedDocument[relatedTicketDocumentNumber=null, relatedTicketCoupon1=false, relatedTicketCoupon2=false, relatedTicketCoupon3=false, relatedTicketCoupon4=false], RelatedDocument[relatedTicketDocumentNumber=null, relatedTicketCoupon1=false, relatedTicketCoupon2=false, relatedTicketCoupon3=false, relatedTicketCoupon4=false]], true, false) [9]" classname="org.iata.bsplink.refund.validation.RefundUsedCouponsValidatorTest" time="0.0"/>
  <testcase name="testValidatesNumberOfCoupons(RelatedDocument[relatedTicketDocumentNumber=null, relatedTicketCoupon1=false, relatedTicketCoupon2=false, relatedTicketCoupon3=false, relatedTicketCoupon4=true], [RelatedDocument[relatedTicketDocumentNumber=null, relatedTicketCoupon1=false, relatedTicketCoupon2=false, relatedTicketCoupon3=false, relatedTicketCoupon4=false], RelatedDocument[relatedTicketDocumentNumber=null, relatedTicketCoupon1=false, relatedTicketCoupon2=false, relatedTicketCoupon3=false, relatedTicketCoupon4=false]], false, false) [10]" classname="org.iata.bsplink.refund.validation.RefundUsedCouponsValidatorTest" time="0.0"/>
  <testcase name="testValidatesNumberOfCoupons(RelatedDocument[relatedTicketDocumentNumber=null, relatedTicketCoupon1=false, relatedTicketCoupon2=false, relatedTicketCoupon3=false, relatedTicketCoupon4=false], [RelatedDocument[relatedTicketDocumentNumber=null, relatedTicketCoupon1=true, relatedTicketCoupon2=false, relatedTicketCoupon3=false, relatedTicketCoupon4=false], RelatedDocument[relatedTicketDocumentNumber=null, relatedTicketCoupon1=false, relatedTicketCoupon2=true, relatedTicketCoupon3=false, relatedTicketCoupon4=false], RelatedDocument[relatedTicketDocumentNumber=null, relatedTicketCoupon1=false, relatedTicketCoupon2=false, relatedTicketCoupon3=true, relatedTicketCoupon4=false], RelatedDocument[relatedTicketDocumentNumber=null, relatedTicketCoupon1=false, relatedTicketCoupon2=false, relatedTicketCoupon3=false, relatedTicketCoupon4=true]], true, false) [11]" classname="org.iata.bsplink.refund.validation.RefundUsedCouponsValidatorTest" time="0.001"/>
  <testcase name="testValidatesNumberOfCoupons(RelatedDocument[relatedTicketDocumentNumber=null, relatedTicketCoupon1=true, relatedTicketCoupon2=false, relatedTicketCoupon3=false, relatedTicketCoupon4=false], [RelatedDocument[relatedTicketDocumentNumber=null, relatedTicketCoupon1=true, relatedTicketCoupon2=false, relatedTicketCoupon3=false, relatedTicketCoupon4=false], RelatedDocument[relatedTicketDocumentNumber=null, relatedTicketCoupon1=false, relatedTicketCoupon2=true, relatedTicketCoupon3=false, relatedTicketCoupon4=false], RelatedDocument[relatedTicketDocumentNumber=null, relatedTicketCoupon1=false, relatedTicketCoupon2=false, relatedTicketCoupon3=true, relatedTicketCoupon4=false], RelatedDocument[relatedTicketDocumentNumber=null, relatedTicketCoupon1=false, relatedTicketCoupon2=false, relatedTicketCoupon3=false, relatedTicketCoupon4=true]], true, true) [12]" classname="org.iata.bsplink.refund.validation.RefundUsedCouponsValidatorTest" time="0.003"/>
  <testcase name="testValidatesNumberOfCoupons(RelatedDocument[relatedTicketDocumentNumber=null, relatedTicketCoupon1=true, relatedTicketCoupon2=true, relatedTicketCoupon3=true, relatedTicketCoupon4=true], [RelatedDocument[relatedTicketDocumentNumber=null, relatedTicketCoupon1=false, relatedTicketCoupon2=false, relatedTicketCoupon3=false, relatedTicketCoupon4=false], RelatedDocument[relatedTicketDocumentNumber=null, relatedTicketCoupon1=false, relatedTicketCoupon2=false, relatedTicketCoupon3=false, relatedTicketCoupon4=false]], true, false) [13]" classname="org.iata.bsplink.refund.validation.RefundUsedCouponsValidatorTest" time="0.0"/>
  <testcase name="testValidatesNumberOfCoupons(RelatedDocument[relatedTicketDocumentNumber=null, relatedTicketCoupon1=true, relatedTicketCoupon2=true, relatedTicketCoupon3=true, relatedTicketCoupon4=true], [RelatedDocument[relatedTicketDocumentNumber=null, relatedTicketCoupon1=true, relatedTicketCoupon2=false, relatedTicketCoupon3=false, relatedTicketCoupon4=false], RelatedDocument[relatedTicketDocumentNumber=null, relatedTicketCoupon1=false, relatedTicketCoupon2=true, relatedTicketCoupon3=false, relatedTicketCoupon4=false], RelatedDocument[relatedTicketDocumentNumber=null, relatedTicketCoupon1=false, relatedTicketCoupon2=false, relatedTicketCoupon3=true, relatedTicketCoupon4=false], RelatedDocument[relatedTicketDocumentNumber=null, relatedTicketCoupon1=false, relatedTicketCoupon2=false, relatedTicketCoupon3=false, relatedTicketCoupon4=true]], true, true) [14]" classname="org.iata.bsplink.refund.validation.RefundUsedCouponsValidatorTest" time="0.001"/>
  <system-out><![CDATA[]]></system-out>
  <system-err><![CDATA[]]></system-err>
</testsuite>
