<?xml version="1.0" encoding="UTF-8"?>
<testsuite name="org.iata.bsplink.refund.service.AirlineServiceTest" tests="5" skipped="0" failures="0" errors="0" timestamp="2018-08-09T11:36:38" hostname="a2ljenkins1" time="0.038">
  <properties/>
  <testcase name="testFindAirlineResponseNotFound" classname="org.iata.bsplink.refund.service.AirlineServiceTest" time="0.035"/>
  <testcase name="testFindAirlineNotFound" classname="org.iata.bsplink.refund.service.AirlineServiceTest" time="0.001"/>
  <testcase name="testFindAirlineBadRequest" classname="org.iata.bsplink.refund.service.AirlineServiceTest" time="0.001"/>
  <testcase name="testFindAirline" classname="org.iata.bsplink.refund.service.AirlineServiceTest" time="0.0"/>
  <testcase name="testFindAirlineResponse" classname="org.iata.bsplink.refund.service.AirlineServiceTest" time="0.001"/>
  <system-out><![CDATA[]]></system-out>
  <system-err><![CDATA[]]></system-err>
</testsuite>
