<?xml version="1.0" encoding="UTF-8"?>
<testsuite name="org.iata.bsplink.refund.exception.ActionNotAllowedTest" tests="1" skipped="0" failures="0" errors="0" timestamp="2018-08-09T11:36:34" hostname="a2ljenkins1" time="0.008">
  <properties/>
  <testcase name="testHasExpectedMessage" classname="org.iata.bsplink.refund.exception.ActionNotAllowedTest" time="0.008"/>
  <system-out><![CDATA[]]></system-out>
  <system-err><![CDATA[]]></system-err>
</testsuite>
