<?xml version="1.0" encoding="UTF-8"?>
<testsuite name="org.iata.bsplink.refund.validation.OriginalIssueValidatorTest" tests="6" skipped="0" failures="0" errors="0" timestamp="2018-08-09T11:36:39" hostname="a2ljenkins1" time="0.003">
  <properties/>
  <testcase name="testIsValidOriginalIssueDate" classname="org.iata.bsplink.refund.validation.OriginalIssueValidatorTest" time="0.0"/>
  <testcase name="testIsNotValidOriginalIssueDate" classname="org.iata.bsplink.refund.validation.OriginalIssueValidatorTest" time="0.001"/>
  <testcase name="testIsValidIfExchange" classname="org.iata.bsplink.refund.validation.OriginalIssueValidatorTest" time="0.0"/>
  <testcase name="testIsNotValidExchangeWithoutOriginalIssue" classname="org.iata.bsplink.refund.validation.OriginalIssueValidatorTest" time="0.001"/>
  <testcase name="testIsValidIfNotExchange" classname="org.iata.bsplink.refund.validation.OriginalIssueValidatorTest" time="0.001"/>
  <testcase name="testIsNotValidNoExchangeWithOriginalIssue" classname="org.iata.bsplink.refund.validation.OriginalIssueValidatorTest" time="0.0"/>
  <system-out><![CDATA[]]></system-out>
  <system-err><![CDATA[]]></system-err>
</testsuite>
