<?xml version="1.0" encoding="UTF-8"?>
<testsuite name="org.iata.bsplink.refund.validation.TaxAmountsValidatorTest" tests="6" skipped="0" failures="0" errors="0" timestamp="2018-08-09T11:36:42" hostname="a2ljenkins1" time="0.003">
  <properties/>
  <testcase name="testIsValidAmountsNull" classname="org.iata.bsplink.refund.validation.TaxAmountsValidatorTest" time="0.0"/>
  <testcase name="testIsValidTaxNull" classname="org.iata.bsplink.refund.validation.TaxAmountsValidatorTest" time="0.001"/>
  <testcase name="testIsNotValid" classname="org.iata.bsplink.refund.validation.TaxAmountsValidatorTest" time="0.001"/>
  <testcase name="testIsNotValidTotal" classname="org.iata.bsplink.refund.validation.TaxAmountsValidatorTest" time="0.001"/>
  <testcase name="testIsValid" classname="org.iata.bsplink.refund.validation.TaxAmountsValidatorTest" time="0.0"/>
  <testcase name="testIsValidNullTaxMiscellaneousFee" classname="org.iata.bsplink.refund.validation.TaxAmountsValidatorTest" time="0.0"/>
  <system-out><![CDATA[]]></system-out>
  <system-err><![CDATA[]]></system-err>
</testsuite>
