<?xml version="1.0" encoding="UTF-8"?>
<testsuite name="org.iata.bsplink.refund.validation.XfTaxesValidatorTest" tests="11" skipped="0" failures="0" errors="0" timestamp="2018-08-09T11:36:42" hostname="a2ljenkins1" time="0.011">
  <properties/>
  <testcase name="testIsValidWithNullTax" classname="org.iata.bsplink.refund.validation.XfTaxesValidatorTest" time="0.0"/>
  <testcase name="testIsValidWithNullTaxes" classname="org.iata.bsplink.refund.validation.XfTaxesValidatorTest" time="0.001"/>
  <testcase name="testIsNotValid(BC, 1, DE, 2, XF, 3, HI, 4, XF-taxes without amount to be reported., 3) [0]" classname="org.iata.bsplink.refund.validation.XfTaxesValidatorTest" time="0.004"/>
  <testcase name="testIsNotValid(BC, 1, XFXXX1, 0, XFXXX2, 0, XF, 4, 'XF' tax should be reported first., 4) [1]" classname="org.iata.bsplink.refund.validation.XfTaxesValidatorTest" time="0.001"/>
  <testcase name="testIsNotValid(XF, 1, XFXXX1, 2, XFXXX2, 3, HI, 4, When 'XF' tax is reported, then XF-amount expected to be zero., 2) [2]" classname="org.iata.bsplink.refund.validation.XfTaxesValidatorTest" time="0.001"/>
  <testcase name="testIsNotValid(XF, 1, DE, 2, XFXXX2, 0, HI, 4, XF-taxes should be reported one after the other., 3) [3]" classname="org.iata.bsplink.refund.validation.XfTaxesValidatorTest" time="0.001"/>
  <testcase name="testIsNotValid(XF, 1, XF, 2, XFXXX2, 0, HI, 4, Only one XF tax permitted., 2) [4]" classname="org.iata.bsplink.refund.validation.XfTaxesValidatorTest" time="0.001"/>
  <testcase name="testIsValid(BC, 1, DE, 2, FG, 3, HI, 4) [0]" classname="org.iata.bsplink.refund.validation.XfTaxesValidatorTest" time="0.0"/>
  <testcase name="testIsValid(BC, 1, XFXXX1, 2, XFXXX2, 3, HI, 4) [1]" classname="org.iata.bsplink.refund.validation.XfTaxesValidatorTest" time="0.001"/>
  <testcase name="testIsValid(XF, 1, XFXXX1, 0, XFXXX2, 0, HI, 4) [2]" classname="org.iata.bsplink.refund.validation.XfTaxesValidatorTest" time="0.0"/>
  <testcase name="testIsValidWithNullTaxType" classname="org.iata.bsplink.refund.validation.XfTaxesValidatorTest" time="0.001"/>
  <system-out><![CDATA[]]></system-out>
  <system-err><![CDATA[]]></system-err>
</testsuite>
