<?xml version="1.0" encoding="UTF-8"?>
<testsuite name="org.iata.bsplink.refund.validation.MixedTaxesValidatorTest" tests="18" skipped="0" failures="0" errors="0" timestamp="2018-08-09T11:36:39" hostname="a2ljenkins1" time="0.017">
  <properties/>
  <testcase name="testSupports" classname="org.iata.bsplink.refund.validation.MixedTaxesValidatorTest" time="0.001"/>
  <testcase name="testIsValidIfIsNullField(isoCountryCode) [0]" classname="org.iata.bsplink.refund.validation.MixedTaxesValidatorTest" time="0.001"/>
  <testcase name="testIsValidIfIsNullField(amounts) [1]" classname="org.iata.bsplink.refund.validation.MixedTaxesValidatorTest" time="0.0"/>
  <testcase name="testIsValidIfIsNullField(formOfPaymentAmounts) [2]" classname="org.iata.bsplink.refund.validation.MixedTaxesValidatorTest" time="0.001"/>
  <testcase name="testIsNotValid(false, 5, FormOfPaymentAmount[type=CA, amount=4, vendorCode=null, number=null], FormOfPaymentAmount[type=MSCC, amount=7, vendorCode=null, number=null]) [0]" classname="org.iata.bsplink.refund.validation.MixedTaxesValidatorTest" time="0.003"/>
  <testcase name="testIsNotValid(false, 21, FormOfPaymentAmount[type=MSCA, amount=17, vendorCode=null, number=null], FormOfPaymentAmount[type=CA, amount=3, vendorCode=null, number=null], FormOfPaymentAmount[type=CC, amount=7, vendorCode=null, number=null]) [1]" classname="org.iata.bsplink.refund.validation.MixedTaxesValidatorTest" time="0.0"/>
  <testcase name="testIsValidWithoutTaxes" classname="org.iata.bsplink.refund.validation.MixedTaxesValidatorTest" time="0.0"/>
  <testcase name="testIsValid(false, 10, FormOfPaymentAmount[type=CA, amount=7, vendorCode=null, number=null]) [0]" classname="org.iata.bsplink.refund.validation.MixedTaxesValidatorTest" time="0.001"/>
  <testcase name="testIsValid(false, 10, FormOfPaymentAmount[type=CC, amount=7, vendorCode=null, number=null]) [1]" classname="org.iata.bsplink.refund.validation.MixedTaxesValidatorTest" time="0.0"/>
  <testcase name="testIsValid(false, 10, FormOfPaymentAmount[type=CA, amount=17, vendorCode=null, number=null], FormOfPaymentAmount[type=CC, amount=7, vendorCode=null, number=null]) [2]" classname="org.iata.bsplink.refund.validation.MixedTaxesValidatorTest" time="0.001"/>
  <testcase name="testIsValid(false, 10, FormOfPaymentAmount[type=CA, amount=7, vendorCode=null, number=null], FormOfPaymentAmount[type=MSCA, amount=7, vendorCode=null, number=null], FormOfPaymentAmount[type=CC, amount=7, vendorCode=null, number=null]) [3]" classname="org.iata.bsplink.refund.validation.MixedTaxesValidatorTest" time="0.0"/>
  <testcase name="testIsValid(true, 10, FormOfPaymentAmount[type=CA, amount=7, vendorCode=null, number=null], FormOfPaymentAmount[type=CC, amount=7, vendorCode=null, number=null]) [4]" classname="org.iata.bsplink.refund.validation.MixedTaxesValidatorTest" time="0.0"/>
  <testcase name="testIsValid(true, 10, FormOfPaymentAmount[type=CA, amount=7, vendorCode=null, number=null]) [5]" classname="org.iata.bsplink.refund.validation.MixedTaxesValidatorTest" time="0.0"/>
  <testcase name="testIsValid(true, 10, FormOfPaymentAmount[type=CC, amount=7, vendorCode=null, number=null]) [6]" classname="org.iata.bsplink.refund.validation.MixedTaxesValidatorTest" time="0.0"/>
  <testcase name="testIsValid(true, 10, FormOfPaymentAmount[type=CA, amount=17, vendorCode=null, number=null], FormOfPaymentAmount[type=CC, amount=7, vendorCode=null, number=null]) [7]" classname="org.iata.bsplink.refund.validation.MixedTaxesValidatorTest" time="0.001"/>
  <testcase name="testIsValid(false, null, FormOfPaymentAmount[type=MSCA, amount=17, vendorCode=null, number=null], FormOfPaymentAmount[type=CC, amount=7, vendorCode=null, number=null]) [8]" classname="org.iata.bsplink.refund.validation.MixedTaxesValidatorTest" time="0.0"/>
  <testcase name="testIsValid(false, 21, FormOfPaymentAmount[type=MSCA, amount=17, vendorCode=null, number=null], FormOfPaymentAmount[type=null, amount=1, vendorCode=null, number=null], FormOfPaymentAmount[type=CC, amount=7, vendorCode=null, number=null]) [9]" classname="org.iata.bsplink.refund.validation.MixedTaxesValidatorTest" time="0.0"/>
  <testcase name="testIsValid(false, 21, FormOfPaymentAmount[type=MSCA, amount=17, vendorCode=null, number=null], FormOfPaymentAmount[type=CA, amount=0, vendorCode=null, number=null], FormOfPaymentAmount[type=CC, amount=7, vendorCode=null, number=null]) [10]" classname="org.iata.bsplink.refund.validation.MixedTaxesValidatorTest" time="0.0"/>
  <system-out><![CDATA[]]></system-out>
  <system-err><![CDATA[]]></system-err>
</testsuite>
