<?xml version="1.0" encoding="UTF-8"?>
<testsuite name="org.iata.bsplink.refund.service.BsplinkFileServiceTest" tests="3" skipped="0" failures="0" errors="0" timestamp="2018-08-09T11:36:38" hostname="a2ljenkins1" time="0.176">
  <properties/>
  <testcase name="testSaveFile" classname="org.iata.bsplink.refund.service.BsplinkFileServiceTest" time="0.166"/>
  <testcase name="testFindByRefundId" classname="org.iata.bsplink.refund.service.BsplinkFileServiceTest" time="0.0"/>
  <testcase name="testFindById" classname="org.iata.bsplink.refund.service.BsplinkFileServiceTest" time="0.002"/>
  <system-out><![CDATA[]]></system-out>
  <system-err><![CDATA[]]></system-err>
</testsuite>
