<?xml version="1.0" encoding="UTF-8"?>
<testsuite name="org.iata.bsplink.refund.validation.FormOfPaymentAmountsValidatorTest" tests="12" skipped="0" failures="0" errors="0" timestamp="2018-08-09T11:36:39" hostname="a2ljenkins1" time="0.013">
  <properties/>
  <testcase name="testIsValidAmountsNull" classname="org.iata.bsplink.refund.validation.FormOfPaymentAmountsValidatorTest" time="0.001"/>
  <testcase name="testIsNotValidMoreThanOneCa" classname="org.iata.bsplink.refund.validation.FormOfPaymentAmountsValidatorTest" time="0.002"/>
  <testcase name="testIsNotValidMoreThanTwoCc" classname="org.iata.bsplink.refund.validation.FormOfPaymentAmountsValidatorTest" time="0.0"/>
  <testcase name="testIsValidTwoCc" classname="org.iata.bsplink.refund.validation.FormOfPaymentAmountsValidatorTest" time="0.004"/>
  <testcase name="testIsValidFopTypeNull" classname="org.iata.bsplink.refund.validation.FormOfPaymentAmountsValidatorTest" time="0.0"/>
  <testcase name="testIsNotValid" classname="org.iata.bsplink.refund.validation.FormOfPaymentAmountsValidatorTest" time="0.001"/>
  <testcase name="testIsNotValidOneMscaAndOneCaTotal" classname="org.iata.bsplink.refund.validation.FormOfPaymentAmountsValidatorTest" time="0.001"/>
  <testcase name="testIsValidOneMscaAnOneCa" classname="org.iata.bsplink.refund.validation.FormOfPaymentAmountsValidatorTest" time="0.001"/>
  <testcase name="testIsValidFopNull" classname="org.iata.bsplink.refund.validation.FormOfPaymentAmountsValidatorTest" time="0.0"/>
  <testcase name="testIsValidRefundtoPassengerNull" classname="org.iata.bsplink.refund.validation.FormOfPaymentAmountsValidatorTest" time="0.0"/>
  <testcase name="testIsValid" classname="org.iata.bsplink.refund.validation.FormOfPaymentAmountsValidatorTest" time="0.0"/>
  <testcase name="testIsValidNullFormOfPayments" classname="org.iata.bsplink.refund.validation.FormOfPaymentAmountsValidatorTest" time="0.0"/>
  <system-out><![CDATA[]]></system-out>
  <system-err><![CDATA[]]></system-err>
</testsuite>
