<?xml version="1.0" encoding="UTF-8"?>
<testsuite name="org.iata.bsplink.refund.validation.AgentValidatorTest" tests="7" skipped="0" failures="0" errors="0" timestamp="2018-08-09T11:36:39" hostname="a2ljenkins1" time="0.078">
  <properties/>
  <testcase name="testSupports" classname="org.iata.bsplink.refund.validation.AgentValidatorTest" time="0.038"/>
  <testcase name="testIsValidAgentNotFound" classname="org.iata.bsplink.refund.validation.AgentValidatorTest" time="0.037"/>
  <testcase name="testIsNotValid" classname="org.iata.bsplink.refund.validation.AgentValidatorTest" time="0.001"/>
  <testcase name="testIsNotValidCheckDigit" classname="org.iata.bsplink.refund.validation.AgentValidatorTest" time="0.0"/>
  <testcase name="testIsValidNullAgent" classname="org.iata.bsplink.refund.validation.AgentValidatorTest" time="0.001"/>
  <testcase name="testIsValid" classname="org.iata.bsplink.refund.validation.AgentValidatorTest" time="0.0"/>
  <testcase name="testIsValidNullCountry" classname="org.iata.bsplink.refund.validation.AgentValidatorTest" time="0.001"/>
  <system-out><![CDATA[]]></system-out>
  <system-err><![CDATA[]]></system-err>
</testsuite>
