<?xml version="1.0" encoding="UTF-8"?>
<testsuite name="org.iata.bsplink.refund.model.entity.FormOfPaymentAmountTest" tests="1" skipped="0" failures="0" errors="0" timestamp="2018-08-09T11:36:35" hostname="a2ljenkins1" time="0.059">
  <properties/>
  <testcase name="equalsContract" classname="org.iata.bsplink.refund.model.entity.FormOfPaymentAmountTest" time="0.059"/>
  <system-out><![CDATA[]]></system-out>
  <system-err><![CDATA[]]></system-err>
</testsuite>
