<?xml version="1.0" encoding="UTF-8"?>
<testsuite name="org.iata.bsplink.refund.validation.RefundEasyPayAuthorizedValidatorTest" tests="12" skipped="0" failures="0" errors="0" timestamp="2018-08-09T11:36:39" hostname="a2ljenkins1" time="0.006">
  <properties/>
  <testcase name="testValidatesFormOfPayment([org.iata.bsplink.refund.dto.FormOfPayment@4dee6cd9, org.iata.bsplink.refund.dto.FormOfPayment@d68d844], [FormOfPaymentAmount[type=CC, amount=0, vendorCode=null, number=null], FormOfPaymentAmount[type=EP, amount=0, vendorCode=null, number=null]], false) [0]" classname="org.iata.bsplink.refund.validation.RefundEasyPayAuthorizedValidatorTest" time="0.002"/>
  <testcase name="testValidatesFormOfPayment([org.iata.bsplink.refund.dto.FormOfPayment@4dee6cd9, org.iata.bsplink.refund.dto.FormOfPayment@d68d844], [FormOfPaymentAmount[type=CC, amount=0, vendorCode=null, number=null], FormOfPaymentAmount[type=MSCC, amount=0, vendorCode=null, number=null]], false) [1]" classname="org.iata.bsplink.refund.validation.RefundEasyPayAuthorizedValidatorTest" time="0.0"/>
  <testcase name="testValidatesFormOfPayment([org.iata.bsplink.refund.dto.FormOfPayment@12b8a14b, org.iata.bsplink.refund.dto.FormOfPayment@4eac6207], [FormOfPaymentAmount[type=CC, amount=0, vendorCode=null, number=null], FormOfPaymentAmount[type=EP, amount=0, vendorCode=null, number=null]], true) [2]" classname="org.iata.bsplink.refund.validation.RefundEasyPayAuthorizedValidatorTest" time="0.001"/>
  <testcase name="testValidatesFormOfPayment([org.iata.bsplink.refund.dto.FormOfPayment@12b8a14b, org.iata.bsplink.refund.dto.FormOfPayment@4eac6207], [FormOfPaymentAmount[type=CC, amount=0, vendorCode=null, number=null], FormOfPaymentAmount[type=MSCC, amount=0, vendorCode=null, number=null]], false) [3]" classname="org.iata.bsplink.refund.validation.RefundEasyPayAuthorizedValidatorTest" time="0.0"/>
  <testcase name="testValidatesFormOfPayment([org.iata.bsplink.refund.dto.FormOfPayment@709a57af, org.iata.bsplink.refund.dto.FormOfPayment@3bfb0b00], [FormOfPaymentAmount[type=CC, amount=0, vendorCode=null, number=null], FormOfPaymentAmount[type=EP, amount=0, vendorCode=null, number=null]], true) [4]" classname="org.iata.bsplink.refund.validation.RefundEasyPayAuthorizedValidatorTest" time="0.001"/>
  <testcase name="testValidatesFormOfPayment([org.iata.bsplink.refund.dto.FormOfPayment@709a57af, org.iata.bsplink.refund.dto.FormOfPayment@3bfb0b00], [FormOfPaymentAmount[type=CC, amount=0, vendorCode=null, number=null], FormOfPaymentAmount[type=MSCC, amount=0, vendorCode=null, number=null]], false) [5]" classname="org.iata.bsplink.refund.validation.RefundEasyPayAuthorizedValidatorTest" time="0.0"/>
  <testcase name="testValidatesFormOfPayment([org.iata.bsplink.refund.dto.FormOfPayment@6c1e57cd, org.iata.bsplink.refund.dto.FormOfPayment@410fac13], [FormOfPaymentAmount[type=CC, amount=0, vendorCode=null, number=null], FormOfPaymentAmount[type=EP, amount=0, vendorCode=null, number=null]], true) [6]" classname="org.iata.bsplink.refund.validation.RefundEasyPayAuthorizedValidatorTest" time="0.001"/>
  <testcase name="testValidatesFormOfPayment([org.iata.bsplink.refund.dto.FormOfPayment@6c1e57cd, org.iata.bsplink.refund.dto.FormOfPayment@410fac13], [FormOfPaymentAmount[type=CC, amount=0, vendorCode=null, number=null], FormOfPaymentAmount[type=MSCC, amount=0, vendorCode=null, number=null]], false) [7]" classname="org.iata.bsplink.refund.validation.RefundEasyPayAuthorizedValidatorTest" time="0.0"/>
  <testcase name="testSupports" classname="org.iata.bsplink.refund.validation.RefundEasyPayAuthorizedValidatorTest" time="0.0"/>
  <testcase name="testResultIsValidIfDoesntHaveAgentCode" classname="org.iata.bsplink.refund.validation.RefundEasyPayAuthorizedValidatorTest" time="0.0"/>
  <testcase name="testAddsExpectedMessageWhenNotValid" classname="org.iata.bsplink.refund.validation.RefundEasyPayAuthorizedValidatorTest" time="0.0"/>
  <testcase name="testValidationFailsIfAgentDoesNotExist" classname="org.iata.bsplink.refund.validation.RefundEasyPayAuthorizedValidatorTest" time="0.0"/>
  <system-out><![CDATA[]]></system-out>
  <system-err><![CDATA[]]></system-err>
</testsuite>
