<?xml version="1.0" encoding="UTF-8"?>
<testsuite name="org.iata.bsplink.refund.validation.AirlineValidatorTest" tests="5" skipped="0" failures="0" errors="0" timestamp="2018-08-09T11:36:39" hostname="a2ljenkins1" time="0.028">
  <properties/>
  <testcase name="testIsValidAirlineNotFound" classname="org.iata.bsplink.refund.validation.AirlineValidatorTest" time="0.026"/>
  <testcase name="testSupports" classname="org.iata.bsplink.refund.validation.AirlineValidatorTest" time="0.001"/>
  <testcase name="testIsValidNullAirline" classname="org.iata.bsplink.refund.validation.AirlineValidatorTest" time="0.0"/>
  <testcase name="testIsValid" classname="org.iata.bsplink.refund.validation.AirlineValidatorTest" time="0.001"/>
  <testcase name="testIsValidNullCountry" classname="org.iata.bsplink.refund.validation.AirlineValidatorTest" time="0.0"/>
  <system-out><![CDATA[]]></system-out>
  <system-err><![CDATA[]]></system-err>
</testsuite>
