<?xml version="1.0" encoding="UTF-8"?>
<testsuite name="org.iata.bsplink.refund.validation.FreeStatValidatorTest" tests="6" skipped="0" failures="0" errors="0" timestamp="2018-08-09T11:36:39" hostname="a2ljenkins1" time="0.032">
  <properties/>
  <testcase name="testIsValidIsoCountryCodeIsNull" classname="org.iata.bsplink.refund.validation.FreeStatValidatorTest" time="0.031"/>
  <testcase name="testSupports" classname="org.iata.bsplink.refund.validation.FreeStatValidatorTest" time="0.0"/>
  <testcase name="testIsNotValid" classname="org.iata.bsplink.refund.validation.FreeStatValidatorTest" time="0.001"/>
  <testcase name="testIsValidFreeStatIsFalse" classname="org.iata.bsplink.refund.validation.FreeStatValidatorTest" time="0.0"/>
  <testcase name="testIsValidStatisticalCodeIsNull" classname="org.iata.bsplink.refund.validation.FreeStatValidatorTest" time="0.0"/>
  <testcase name="testIsValidFreeStatIsTrue" classname="org.iata.bsplink.refund.validation.FreeStatValidatorTest" time="0.0"/>
  <system-out><![CDATA[]]></system-out>
  <system-err><![CDATA[]]></system-err>
</testsuite>
