<?xml version="1.0" encoding="UTF-8"?>
<testsuite name="org.iata.bsplink.refund.service.ReasonServiceTest" tests="7" skipped="0" failures="0" errors="0" timestamp="2018-08-09T11:36:38" hostname="a2ljenkins1" time="0.083">
  <properties/>
  <testcase name="testFindAll" classname="org.iata.bsplink.refund.service.ReasonServiceTest" time="0.08"/>
  <testcase name="testSave" classname="org.iata.bsplink.refund.service.ReasonServiceTest" time="0.0"/>
  <testcase name="testFindByIsoCountryCode" classname="org.iata.bsplink.refund.service.ReasonServiceTest" time="0.001"/>
  <testcase name="testFindByIsoCountryCodeAndType" classname="org.iata.bsplink.refund.service.ReasonServiceTest" time="0.0"/>
  <testcase name="testIsAwareOfInexistentReasonOnUpdate" classname="org.iata.bsplink.refund.service.ReasonServiceTest" time="0.001"/>
  <testcase name="testUpdatesReason" classname="org.iata.bsplink.refund.service.ReasonServiceTest" time="0.0"/>
  <testcase name="testDelete" classname="org.iata.bsplink.refund.service.ReasonServiceTest" time="0.001"/>
  <system-out><![CDATA[]]></system-out>
  <system-err><![CDATA[]]></system-err>
</testsuite>
