<?xml version="1.0" encoding="UTF-8"?>
<testsuite name="org.iata.bsplink.refund.validation.RefundCorrelativeConjunctionsValidatorTest" tests="11" skipped="0" failures="0" errors="0" timestamp="2018-08-09T11:36:39" hostname="a2ljenkins1" time="0.008">
  <properties/>
  <testcase name="testResultIsValidIfConjuntionsAreCorrect" classname="org.iata.bsplink.refund.validation.RefundCorrelativeConjunctionsValidatorTest" time="0.002"/>
  <testcase name="testAddExpectedMessageWhenNotValid" classname="org.iata.bsplink.refund.validation.RefundCorrelativeConjunctionsValidatorTest" time="0.001"/>
  <testcase name="testSupports" classname="org.iata.bsplink.refund.validation.RefundCorrelativeConjunctionsValidatorTest" time="0.0"/>
  <testcase name="testValidatesMaxConjunctions(RelatedDocument[relatedTicketDocumentNumber=123450, relatedTicketCoupon1=false, relatedTicketCoupon2=false, relatedTicketCoupon3=false, relatedTicketCoupon4=false], [RelatedDocument[relatedTicketDocumentNumber=123451, relatedTicketCoupon1=false, relatedTicketCoupon2=false, relatedTicketCoupon3=false, relatedTicketCoupon4=false], RelatedDocument[relatedTicketDocumentNumber=123452, relatedTicketCoupon1=false, relatedTicketCoupon2=false, relatedTicketCoupon3=false, relatedTicketCoupon4=false]], false) [0]" classname="org.iata.bsplink.refund.validation.RefundCorrelativeConjunctionsValidatorTest" time="0.0"/>
  <testcase name="testValidatesMaxConjunctions(RelatedDocument[relatedTicketDocumentNumber=123450, relatedTicketCoupon1=false, relatedTicketCoupon2=false, relatedTicketCoupon3=false, relatedTicketCoupon4=false], [RelatedDocument[relatedTicketDocumentNumber=123451, relatedTicketCoupon1=false, relatedTicketCoupon2=false, relatedTicketCoupon3=false, relatedTicketCoupon4=false], RelatedDocument[relatedTicketDocumentNumber=123453, relatedTicketCoupon1=false, relatedTicketCoupon2=false, relatedTicketCoupon3=false, relatedTicketCoupon4=false]], true) [1]" classname="org.iata.bsplink.refund.validation.RefundCorrelativeConjunctionsValidatorTest" time="0.001"/>
  <testcase name="testValidatesMaxConjunctions(RelatedDocument[relatedTicketDocumentNumber=123450, relatedTicketCoupon1=false, relatedTicketCoupon2=false, relatedTicketCoupon3=false, relatedTicketCoupon4=false], [RelatedDocument[relatedTicketDocumentNumber=123455, relatedTicketCoupon1=false, relatedTicketCoupon2=false, relatedTicketCoupon3=false, relatedTicketCoupon4=false], RelatedDocument[relatedTicketDocumentNumber=123456, relatedTicketCoupon1=false, relatedTicketCoupon2=false, relatedTicketCoupon3=false, relatedTicketCoupon4=false]], true) [2]" classname="org.iata.bsplink.refund.validation.RefundCorrelativeConjunctionsValidatorTest" time="0.0"/>
  <testcase name="testValidatesMaxConjunctions(RelatedDocument[relatedTicketDocumentNumber=123450, relatedTicketCoupon1=false, relatedTicketCoupon2=false, relatedTicketCoupon3=false, relatedTicketCoupon4=false], [RelatedDocument[relatedTicketDocumentNumber=123451, relatedTicketCoupon1=false, relatedTicketCoupon2=false, relatedTicketCoupon3=false, relatedTicketCoupon4=false], RelatedDocument[relatedTicketDocumentNumber=AAAA, relatedTicketCoupon1=false, relatedTicketCoupon2=false, relatedTicketCoupon3=false, relatedTicketCoupon4=false]], true) [3]" classname="org.iata.bsplink.refund.validation.RefundCorrelativeConjunctionsValidatorTest" time="0.0"/>
  <testcase name="testValidatesMaxConjunctions(RelatedDocument[relatedTicketDocumentNumber=AAAA, relatedTicketCoupon1=false, relatedTicketCoupon2=false, relatedTicketCoupon3=false, relatedTicketCoupon4=false], [RelatedDocument[relatedTicketDocumentNumber=123451, relatedTicketCoupon1=false, relatedTicketCoupon2=false, relatedTicketCoupon3=false, relatedTicketCoupon4=false], RelatedDocument[relatedTicketDocumentNumber=123452, relatedTicketCoupon1=false, relatedTicketCoupon2=false, relatedTicketCoupon3=false, relatedTicketCoupon4=false]], true) [4]" classname="org.iata.bsplink.refund.validation.RefundCorrelativeConjunctionsValidatorTest" time="0.0"/>
  <testcase name="testValidatesMaxConjunctions(RelatedDocument[relatedTicketDocumentNumber=null, relatedTicketCoupon1=false, relatedTicketCoupon2=false, relatedTicketCoupon3=false, relatedTicketCoupon4=false], [RelatedDocument[relatedTicketDocumentNumber=123451, relatedTicketCoupon1=false, relatedTicketCoupon2=false, relatedTicketCoupon3=false, relatedTicketCoupon4=false], RelatedDocument[relatedTicketDocumentNumber=123452, relatedTicketCoupon1=false, relatedTicketCoupon2=false, relatedTicketCoupon3=false, relatedTicketCoupon4=false]], true) [5]" classname="org.iata.bsplink.refund.validation.RefundCorrelativeConjunctionsValidatorTest" time="0.0"/>
  <testcase name="testResultIsValidIfDoesntHaveIsoCountryCode" classname="org.iata.bsplink.refund.validation.RefundCorrelativeConjunctionsValidatorTest" time="0.0"/>
  <testcase name="testCanManageBigDocumentNumbers" classname="org.iata.bsplink.refund.validation.RefundCorrelativeConjunctionsValidatorTest" time="0.0"/>
  <system-out><![CDATA[]]></system-out>
  <system-err><![CDATA[]]></system-err>
</testsuite>
