<?xml version="1.0" encoding="UTF-8"?>
<testsuite name="org.iata.bsplink.refund.controller.CurrenciesControllerTest" tests="2" skipped="0" failures="0" errors="0" timestamp="2018-08-09T11:37:05" hostname="a2ljenkins1" time="0.085">
  <properties/>
  <testcase name="testGetCurrencies" classname="org.iata.bsplink.refund.controller.CurrenciesControllerTest" time="0.077"/>
  <testcase name="testGetCurrenciesNotFound" classname="org.iata.bsplink.refund.controller.CurrenciesControllerTest" time="0.007"/>
  <system-out><![CDATA[21689 [Test worker] INFO  org.springframework.boot.test.context.SpringBootTestContextBootstrapper  – Neither @ContextConfiguration nor @ContextHierarchy found for test class [org.iata.bsplink.refund.controller.CurrenciesControllerTest], using SpringBootContextLoader
21690 [Test worker] INFO  org.springframework.test.context.support.AbstractContextLoader  – Could not detect default resource locations for test class [org.iata.bsplink.refund.controller.CurrenciesControllerTest]: no resource found for suffixes {-context.xml, Context.groovy}.
21690 [Test worker] INFO  org.springframework.test.context.support.AnnotationConfigContextLoaderUtils  – Could not detect default configuration classes for test class [org.iata.bsplink.refund.controller.CurrenciesControllerTest]: CurrenciesControllerTest does not declare any static, non-private, non-final, nested classes annotated with @Configuration.
21692 [Test worker] INFO  org.springframework.boot.test.context.SpringBootTestContextBootstrapper  – Found @SpringBootConfiguration org.iata.bsplink.refund.Application for test class org.iata.bsplink.refund.controller.CurrenciesControllerTest
21709 [Test worker] INFO  org.springframework.boot.test.context.SpringBootTestContextBootstrapper  – Loaded default TestExecutionListener class names from location [META-INF/spring.factories]: [org.springframework.boot.test.autoconfigure.restdocs.RestDocsTestExecutionListener, org.springframework.boot.test.autoconfigure.web.client.MockRestServiceServerResetTestExecutionListener, org.springframework.boot.test.autoconfigure.web.servlet.MockMvcPrintOnlyOnFailureTestExecutionListener, org.springframework.boot.test.autoconfigure.web.servlet.WebDriverTestExecutionListener, org.springframework.boot.test.mock.mockito.MockitoTestExecutionListener, org.springframework.boot.test.mock.mockito.ResetMocksTestExecutionListener, org.springframework.test.context.web.ServletTestExecutionListener, org.springframework.test.context.support.DirtiesContextBeforeModesTestExecutionListener, org.springframework.test.context.support.DependencyInjectionTestExecutionListener, org.springframework.test.context.support.DirtiesContextTestExecutionListener, org.springframework.test.context.transaction.TransactionalTestExecutionListener, org.springframework.test.context.jdbc.SqlScriptsTestExecutionListener]
21710 [Test worker] INFO  org.springframework.boot.test.context.SpringBootTestContextBootstrapper  – Using TestExecutionListeners: [org.springframework.test.context.web.ServletTestExecutionListener@162ffe48, org.springframework.test.context.support.DirtiesContextBeforeModesTestExecutionListener@5ccc0447, org.springframework.boot.test.mock.mockito.MockitoTestExecutionListener@20cf6bf5, org.springframework.boot.test.autoconfigure.SpringBootDependencyInjectionTestExecutionListener@4a6858f2, org.springframework.test.context.support.DirtiesContextTestExecutionListener@23dc3249, org.springframework.test.context.transaction.TransactionalTestExecutionListener@1f0ee449, org.springframework.test.context.jdbc.SqlScriptsTestExecutionListener@44c5b49e, org.springframework.boot.test.autoconfigure.restdocs.RestDocsTestExecutionListener@4c62db3c, org.springframework.boot.test.autoconfigure.web.client.MockRestServiceServerResetTestExecutionListener@eeee683, org.springframework.boot.test.autoconfigure.web.servlet.MockMvcPrintOnlyOnFailureTestExecutionListener@66aa77bb, org.springframework.boot.test.autoconfigure.web.servlet.WebDriverTestExecutionListener@fa24eb4, org.springframework.boot.test.mock.mockito.ResetMocksTestExecutionListener@5543df47]
]]></system-out>
  <system-err><![CDATA[]]></system-err>
</testsuite>
