<?xml version="1.0" encoding="UTF-8"?>
<testsuite name="org.iata.bsplink.refund.controller.AirlineControllerTest" tests="2" skipped="0" failures="0" errors="0" timestamp="2018-08-09T11:37:01" hostname="a2ljenkins1" time="0.028">
  <properties/>
  <testcase name="testGetAirlineNotFound" classname="org.iata.bsplink.refund.controller.AirlineControllerTest" time="0.015"/>
  <testcase name="testGetAirline" classname="org.iata.bsplink.refund.controller.AirlineControllerTest" time="0.012"/>
  <system-out><![CDATA[14153 [Test worker] INFO  org.springframework.boot.test.context.SpringBootTestContextBootstrapper  – Neither @ContextConfiguration nor @ContextHierarchy found for test class [org.iata.bsplink.refund.controller.AirlineControllerTest], using SpringBootContextLoader
14154 [Test worker] INFO  org.springframework.test.context.support.AbstractContextLoader  – Could not detect default resource locations for test class [org.iata.bsplink.refund.controller.AirlineControllerTest]: no resource found for suffixes {-context.xml, Context.groovy}.
14154 [Test worker] INFO  org.springframework.test.context.support.AnnotationConfigContextLoaderUtils  – Could not detect default configuration classes for test class [org.iata.bsplink.refund.controller.AirlineControllerTest]: AirlineControllerTest does not declare any static, non-private, non-final, nested classes annotated with @Configuration.
14157 [Test worker] INFO  org.springframework.boot.test.context.SpringBootTestContextBootstrapper  – Found @SpringBootConfiguration org.iata.bsplink.refund.Application for test class org.iata.bsplink.refund.controller.AirlineControllerTest
14159 [Test worker] INFO  org.springframework.boot.test.context.SpringBootTestContextBootstrapper  – Loaded default TestExecutionListener class names from location [META-INF/spring.factories]: [org.springframework.boot.test.autoconfigure.restdocs.RestDocsTestExecutionListener, org.springframework.boot.test.autoconfigure.web.client.MockRestServiceServerResetTestExecutionListener, org.springframework.boot.test.autoconfigure.web.servlet.MockMvcPrintOnlyOnFailureTestExecutionListener, org.springframework.boot.test.autoconfigure.web.servlet.WebDriverTestExecutionListener, org.springframework.boot.test.mock.mockito.MockitoTestExecutionListener, org.springframework.boot.test.mock.mockito.ResetMocksTestExecutionListener, org.springframework.test.context.web.ServletTestExecutionListener, org.springframework.test.context.support.DirtiesContextBeforeModesTestExecutionListener, org.springframework.test.context.support.DependencyInjectionTestExecutionListener, org.springframework.test.context.support.DirtiesContextTestExecutionListener, org.springframework.test.context.transaction.TransactionalTestExecutionListener, org.springframework.test.context.jdbc.SqlScriptsTestExecutionListener]
14159 [Test worker] INFO  org.springframework.boot.test.context.SpringBootTestContextBootstrapper  – Using TestExecutionListeners: [org.springframework.test.context.web.ServletTestExecutionListener@6f905e0f, org.springframework.test.context.support.DirtiesContextBeforeModesTestExecutionListener@73c8bbb1, org.springframework.boot.test.mock.mockito.MockitoTestExecutionListener@d88c40b, org.springframework.boot.test.autoconfigure.SpringBootDependencyInjectionTestExecutionListener@64c173a8, org.springframework.test.context.support.DirtiesContextTestExecutionListener@9cc3919, org.springframework.test.context.transaction.TransactionalTestExecutionListener@3f6f1ea2, org.springframework.test.context.jdbc.SqlScriptsTestExecutionListener@748c3dd8, org.springframework.boot.test.autoconfigure.restdocs.RestDocsTestExecutionListener@1bbf4cd2, org.springframework.boot.test.autoconfigure.web.client.MockRestServiceServerResetTestExecutionListener@73d3aa4d, org.springframework.boot.test.autoconfigure.web.servlet.MockMvcPrintOnlyOnFailureTestExecutionListener@348e209b, org.springframework.boot.test.autoconfigure.web.servlet.WebDriverTestExecutionListener@2179b92f, org.springframework.boot.test.mock.mockito.ResetMocksTestExecutionListener@40c1a80e]
14221 [Test worker] INFO  org.springframework.context.annotation.AnnotationConfigApplicationContext  – Refreshing org.springframework.context.annotation.AnnotationConfigApplicationContext@91206e6: startup date [Thu Aug 09 13:36:58 CEST 2018]; root of context hierarchy
14281 [Test worker] INFO  org.springframework.context.support.PostProcessorRegistrationDelegate$BeanPostProcessorChecker  – Bean 'configurationPropertiesRebinderAutoConfiguration' of type [org.springframework.cloud.autoconfigure.ConfigurationPropertiesRebinderAutoConfiguration$$EnhancerBySpringCGLIB$$7e42e66b] is not eligible for getting processed by all BeanPostProcessors (for example: not eligible for auto-proxying)
  ____                  _   _           _        ____            __                       _ 
 | __ )   ___   _ __   | | (_)  _ __   | | __   |  _ \    ___   / _|  _   _   _ __     __| |
 |  _ \  / __| | '_ \  | | | | | '_ \  | |/ /   | |_) |  / _ \ | |_  | | | | | '_ \   / _` |
 | |_) | \__ \ | |_) | | | | | | | | | |   <    |  _ <  |  __/ |  _| | |_| | | | | | | (_| |
 |____/  |___/ | .__/  |_| |_| |_| |_| |_|\_\   |_| \_\  \___| |_|    \__,_| |_| |_|  \__,_|
               |_|     
                                                         
                                       
 :: bsplink-refund-management
14434 [Test worker] INFO  org.iata.bsplink.refund.controller.AirlineControllerTest  – No active profile set, falling back to default profiles: default
14436 [Test worker] INFO  org.springframework.web.context.support.GenericWebApplicationContext  – Refreshing org.springframework.web.context.support.GenericWebApplicationContext@3aefa86c: startup date [Thu Aug 09 13:36:58 CEST 2018]; parent: org.springframework.context.annotation.AnnotationConfigApplicationContext@91206e6
15145 [Test worker] INFO  org.springframework.beans.factory.support.DefaultListableBeanFactory  – Overriding bean definition for bean 'dataSource' with a different definition: replacing [Root bean: class [null]; scope=refresh; abstract=false; lazyInit=false; autowireMode=3; dependencyCheck=0; autowireCandidate=false; primary=false; factoryBeanName=org.springframework.boot.autoconfigure.jdbc.DataSourceConfiguration$Hikari; factoryMethodName=dataSource; initMethodName=null; destroyMethodName=(inferred); defined in class path resource [org/springframework/boot/autoconfigure/jdbc/DataSourceConfiguration$Hikari.class]] with [Root bean: class [org.springframework.aop.scope.ScopedProxyFactoryBean]; scope=; abstract=false; lazyInit=false; autowireMode=0; dependencyCheck=0; autowireCandidate=true; primary=false; factoryBeanName=null; factoryMethodName=null; initMethodName=null; destroyMethodName=null; defined in BeanDefinition defined in class path resource [org/springframework/boot/autoconfigure/jdbc/DataSourceConfiguration$Hikari.class]]
15171 [Test worker] INFO  org.springframework.cloud.context.scope.GenericScope  – BeanFactory id=0cb40e0d-ae91-3a4e-9a0d-cdb6fd9a07d3
15307 [Test worker] INFO  org.springframework.context.support.PostProcessorRegistrationDelegate$BeanPostProcessorChecker  – Bean 'org.springframework.transaction.annotation.ProxyTransactionManagementConfiguration' of type [org.springframework.transaction.annotation.ProxyTransactionManagementConfiguration$$EnhancerBySpringCGLIB$$6228e36e] is not eligible for getting processed by all BeanPostProcessors (for example: not eligible for auto-proxying)
15330 [Test worker] INFO  org.springframework.context.support.PostProcessorRegistrationDelegate$BeanPostProcessorChecker  – Bean 'org.springframework.cloud.autoconfigure.ConfigurationPropertiesRebinderAutoConfiguration' of type [org.springframework.cloud.autoconfigure.ConfigurationPropertiesRebinderAutoConfiguration$$EnhancerBySpringCGLIB$$7e42e66b] is not eligible for getting processed by all BeanPostProcessors (for example: not eligible for auto-proxying)
2018-08-09 13:36:59.365  INFO 26020 --- [    Test worker] com.zaxxer.hikari.HikariDataSource       : HikariPool-2 - Starting...
2018-08-09 13:36:59.366  INFO 26020 --- [    Test worker] com.zaxxer.hikari.HikariDataSource       : HikariPool-2 - Start completed.
2018-08-09 13:36:59.367  INFO 26020 --- [    Test worker] o.f.c.internal.database.DatabaseFactory  : Database: jdbc:h2:mem:testdb (H2 1.4)
2018-08-09 13:36:59.376  INFO 26020 --- [    Test worker] o.f.core.internal.command.DbValidate     : Successfully validated 1 migration (execution time 00:00.004s)
2018-08-09 13:36:59.390  INFO 26020 --- [    Test worker] o.f.core.internal.command.DbMigrate      : Current version of schema "PUBLIC": 0001
2018-08-09 13:36:59.391  INFO 26020 --- [    Test worker] o.f.core.internal.command.DbMigrate      : Schema "PUBLIC" is up to date. No migration necessary.
15545 [Test worker] INFO  org.springframework.orm.jpa.LocalContainerEntityManagerFactoryBean  – Building JPA container EntityManagerFactory for persistence unit 'default'
2018-08-09 13:36:59.496  INFO 26020 --- [    Test worker] o.hibernate.jpa.internal.util.LogHelper  : HHH000204: Processing PersistenceUnitInfo [
	name: default
	...]
2018-08-09 13:36:59.514  INFO 26020 --- [    Test worker] org.hibernate.dialect.Dialect            : HHH000400: Using dialect: org.hibernate.dialect.H2Dialect
15805 [Test worker] INFO  org.springframework.orm.jpa.LocalContainerEntityManagerFactoryBean  – Initialized JPA EntityManagerFactory for persistence unit 'default'
15846 [Test worker] INFO  org.springframework.context.annotation.AnnotationConfigApplicationContext  – Refreshing FeignContext-agents: startup date [Thu Aug 09 13:36:59 CEST 2018]; parent: org.springframework.web.context.support.GenericWebApplicationContext@3aefa86c
16495 [Test worker] WARN  org.springframework.boot.autoconfigure.orm.jpa.JpaBaseConfiguration$JpaWebConfiguration$JpaWebMvcConfiguration  – spring.jpa.open-in-view is enabled by default. Therefore, database queries may be performed during view rendering. Explicitly configure spring.jpa.open-in-view to disable this warning
16534 [Test worker] INFO  org.springframework.web.servlet.mvc.method.annotation.RequestMappingHandlerMapping  – Mapped "{[/v1/agents/{code}],methods=[GET]}" onto public org.springframework.http.ResponseEntity<org.iata.bsplink.refund.dto.Agent> org.iata.bsplink.refund.controller.AgentController.getAgent(java.lang.String)
16535 [Test worker] INFO  org.springframework.web.servlet.mvc.method.annotation.RequestMappingHandlerMapping  – Mapped "{[/v1/airlines/{isoCountryCode}/{airlineCode}],methods=[GET]}" onto public org.springframework.http.ResponseEntity<org.iata.bsplink.refund.dto.Airline> org.iata.bsplink.refund.controller.AirlineController.getAirline(java.lang.String,java.lang.String)
16536 [Test worker] INFO  org.springframework.web.servlet.mvc.method.annotation.RequestMappingHandlerMapping  – Mapped "{[/v1/configurations/{isoc}],methods=[GET]}" onto public org.springframework.http.ResponseEntity<org.iata.bsplink.refund.model.entity.Config> org.iata.bsplink.refund.controller.ConfigController.getConfig(java.lang.String)
16536 [Test worker] INFO  org.springframework.web.servlet.mvc.method.annotation.RequestMappingHandlerMapping  – Mapped "{[/v1/configurations/isocs],methods=[GET]}" onto public org.springframework.http.ResponseEntity<java.util.List<java.lang.String>> org.iata.bsplink.refund.controller.ConfigController.getIsocs()
16537 [Test worker] INFO  org.springframework.web.servlet.mvc.method.annotation.RequestMappingHandlerMapping  – Mapped "{[/v1/configurations],methods=[GET]}" onto public org.springframework.http.ResponseEntity<java.util.List<org.iata.bsplink.refund.model.entity.Config>> org.iata.bsplink.refund.controller.ConfigController.getConfigs()
16537 [Test worker] INFO  org.springframework.web.servlet.mvc.method.annotation.RequestMappingHandlerMapping  – Mapped "{[/v1/configurations],methods=[POST]}" onto public org.springframework.http.ResponseEntity<org.iata.bsplink.refund.model.entity.Config> org.iata.bsplink.refund.controller.ConfigController.save(org.iata.bsplink.refund.model.entity.Config,org.springframework.validation.Errors)
16538 [Test worker] INFO  org.springframework.web.servlet.mvc.method.annotation.RequestMappingHandlerMapping  – Mapped "{[/v1/currencies/{isoc}],methods=[GET]}" onto public org.springframework.http.ResponseEntity<java.util.List<org.iata.bsplink.refund.fake.IsocCurrencies>> org.iata.bsplink.refund.controller.CurrenciesController.getCurrencies(java.lang.String)
16541 [Test worker] INFO  org.springframework.web.servlet.mvc.method.annotation.RequestMappingHandlerMapping  – Mapped "{[/v1/reasons/indirects/{id}],methods=[GET]}" onto public org.springframework.http.ResponseEntity<org.iata.bsplink.refund.model.entity.Reason> org.iata.bsplink.refund.controller.ReasonController.getReason(java.util.Optional<org.iata.bsplink.refund.model.entity.Reason>)
16541 [Test worker] INFO  org.springframework.web.servlet.mvc.method.annotation.RequestMappingHandlerMapping  – Mapped "{[/v1/reasons/indirects],methods=[POST]}" onto public org.springframework.http.ResponseEntity<org.iata.bsplink.refund.model.entity.Reason> org.iata.bsplink.refund.controller.ReasonController.createReason(org.iata.bsplink.refund.model.entity.Reason,org.springframework.validation.Errors)
16541 [Test worker] INFO  org.springframework.web.servlet.mvc.method.annotation.RequestMappingHandlerMapping  – Mapped "{[/v1/reasons/indirects],methods=[GET]}" onto public org.springframework.http.ResponseEntity<java.util.List<org.iata.bsplink.refund.model.entity.Reason>> org.iata.bsplink.refund.controller.ReasonController.getReasons()
16542 [Test worker] INFO  org.springframework.web.servlet.mvc.method.annotation.RequestMappingHandlerMapping  – Mapped "{[/v1/reasons/indirects],methods=[GET],params=[isoCountryCode && refundType]}" onto public org.springframework.http.ResponseEntity<java.util.List<org.iata.bsplink.refund.model.entity.Reason>> org.iata.bsplink.refund.controller.ReasonController.getReasonsByIsocAndType(java.lang.String,org.iata.bsplink.refund.model.entity.ReasonType)
16542 [Test worker] INFO  org.springframework.web.servlet.mvc.method.annotation.RequestMappingHandlerMapping  – Mapped "{[/v1/reasons/indirects],methods=[GET],params=[isoCountryCode]}" onto public org.springframework.http.ResponseEntity<java.util.List<org.iata.bsplink.refund.model.entity.Reason>> org.iata.bsplink.refund.controller.ReasonController.getReasonsByIsoc(java.lang.String)
16542 [Test worker] INFO  org.springframework.web.servlet.mvc.method.annotation.RequestMappingHandlerMapping  – Mapped "{[/v1/reasons/indirects/{id}],methods=[DELETE]}" onto public org.springframework.http.ResponseEntity<org.iata.bsplink.refund.model.entity.Reason> org.iata.bsplink.refund.controller.ReasonController.deleteReason(java.util.Optional<org.iata.bsplink.refund.model.entity.Reason>)
16543 [Test worker] INFO  org.springframework.web.servlet.mvc.method.annotation.RequestMappingHandlerMapping  – Mapped "{[/v1/reasons/indirects/{id}],methods=[PUT]}" onto public org.springframework.http.ResponseEntity<org.iata.bsplink.refund.model.entity.Reason> org.iata.bsplink.refund.controller.ReasonController.updateReason(java.lang.Long,org.iata.bsplink.refund.model.entity.Reason)
16547 [Test worker] INFO  org.springframework.web.servlet.mvc.method.annotation.RequestMappingHandlerMapping  – Mapped "{[/v1/refunds/indirects/{id}/files],methods=[GET]}" onto public org.springframework.http.ResponseEntity<java.util.List<org.iata.bsplink.refund.model.entity.BsplinkFile>> org.iata.bsplink.refund.controller.RefundController.getAllFilesForRefund(org.iata.bsplink.refund.model.entity.Refund)
16547 [Test worker] INFO  org.springframework.web.servlet.mvc.method.annotation.RequestMappingHandlerMapping  – Mapped "{[/v1/refunds/indirects/{id}/files],methods=[POST],consumes=[multipart/form-data]}" onto public org.springframework.http.ResponseEntity<java.util.List<org.iata.bsplink.refund.response.SimpleResponse>> org.iata.bsplink.refund.controller.RefundController.saveFiles(org.iata.bsplink.refund.model.entity.Refund,java.util.List<org.springframework.web.multipart.MultipartFile>)
16548 [Test worker] INFO  org.springframework.web.servlet.mvc.method.annotation.RequestMappingHandlerMapping  – Mapped "{[/v1/refunds/indirects],methods=[POST]}" onto public org.springframework.http.ResponseEntity<org.iata.bsplink.refund.model.entity.Refund> org.iata.bsplink.refund.controller.RefundController.saveRefund(org.iata.bsplink.refund.model.entity.Refund,org.springframework.validation.Errors)
16548 [Test worker] INFO  org.springframework.web.servlet.mvc.method.annotation.RequestMappingHandlerMapping  – Mapped "{[/v1/refunds/indirects/{id}],methods=[PUT]}" onto public org.springframework.http.ResponseEntity<org.iata.bsplink.refund.model.entity.Refund> org.iata.bsplink.refund.controller.RefundController.updateRefund(java.lang.Long,org.iata.bsplink.refund.model.entity.Refund,org.springframework.validation.Errors)
16550 [Test worker] INFO  org.springframework.web.servlet.mvc.method.annotation.RequestMappingHandlerMapping  – Mapped "{[/v1/refunds/indirects/{id}],methods=[DELETE]}" onto public org.springframework.http.ResponseEntity<org.iata.bsplink.refund.model.entity.Refund> org.iata.bsplink.refund.controller.RefundController.deleteRefund(java.util.Optional<org.iata.bsplink.refund.model.entity.Refund>)
16551 [Test worker] INFO  org.springframework.web.servlet.mvc.method.annotation.RequestMappingHandlerMapping  – Mapped "{[/v1/refunds/indirects/{id}/history],methods=[GET]}" onto public org.springframework.http.ResponseEntity<java.util.List<org.iata.bsplink.refund.model.entity.RefundHistory>> org.iata.bsplink.refund.controller.RefundController.getRefundHistory(java.util.Optional<org.iata.bsplink.refund.model.entity.Refund>)
16551 [Test worker] INFO  org.springframework.web.servlet.mvc.method.annotation.RequestMappingHandlerMapping  – Mapped "{[/v1/refunds/indirects/{id}/status],methods=[POST]}" onto public org.springframework.http.ResponseEntity<org.iata.bsplink.refund.model.entity.Refund> org.iata.bsplink.refund.controller.RefundController.changeRefundStatus(org.iata.bsplink.refund.model.entity.Refund,org.iata.bsplink.refund.dto.RefundStatusRequest,org.springframework.validation.Errors)
16551 [Test worker] INFO  org.springframework.web.servlet.mvc.method.annotation.RequestMappingHandlerMapping  – Mapped "{[/v1/refunds/indirects],methods=[GET],params=[isoCountryCode && airlineCode && ticketDocumentNumber]}" onto public org.springframework.http.ResponseEntity<org.iata.bsplink.refund.model.entity.Refund> org.iata.bsplink.refund.controller.RefundController.getRefundByIsoCountryCodeAirlineCodeTicketDocumentNumber(java.lang.String,java.lang.String,java.lang.String)
16552 [Test worker] INFO  org.springframework.web.servlet.mvc.method.annotation.RequestMappingHandlerMapping  – Mapped "{[/v1/refunds/indirects/{id}],methods=[PUT],params=[fileName]}" onto public org.springframework.http.ResponseEntity<org.iata.bsplink.refund.model.entity.Refund> org.iata.bsplink.refund.controller.RefundController.updateRefundViaMassload(java.lang.Long,java.lang.String,org.iata.bsplink.refund.model.entity.Refund,org.springframework.validation.Errors)
16552 [Test worker] INFO  org.springframework.web.servlet.mvc.method.annotation.RequestMappingHandlerMapping  – Mapped "{[/v1/refunds/indirects/{id}/status],methods=[POST],params=[fileName]}" onto public org.springframework.http.ResponseEntity<org.iata.bsplink.refund.model.entity.Refund> org.iata.bsplink.refund.controller.RefundController.changeRefundStatusViaMassload(java.lang.String,org.iata.bsplink.refund.model.entity.Refund,org.iata.bsplink.refund.dto.RefundStatusRequest,org.springframework.validation.Errors)
16553 [Test worker] INFO  org.springframework.web.servlet.mvc.method.annotation.RequestMappingHandlerMapping  – Mapped "{[/v1/refunds/indirects/{id}],methods=[GET]}" onto public org.springframework.http.ResponseEntity<org.iata.bsplink.refund.model.entity.Refund> org.iata.bsplink.refund.controller.RefundController.getRefund(java.util.Optional<org.iata.bsplink.refund.model.entity.Refund>)
16553 [Test worker] INFO  org.springframework.web.servlet.mvc.method.annotation.RequestMappingHandlerMapping  – Mapped "{[/v1/refunds/indirects],methods=[GET]}" onto public org.springframework.http.ResponseEntity<java.util.List<org.iata.bsplink.refund.model.entity.Refund>> org.iata.bsplink.refund.controller.RefundController.getRefunds()
16553 [Test worker] INFO  org.springframework.web.servlet.mvc.method.annotation.RequestMappingHandlerMapping  – Mapped "{[/v1/refunds/indirects/{id}/comments],methods=[GET],produces=[application/json;charset=UTF-8]}" onto public org.springframework.http.ResponseEntity<java.util.List<org.iata.bsplink.refund.model.entity.Comment>> org.iata.bsplink.refund.controller.RefundController.getAllCommentsForRefund(org.iata.bsplink.refund.model.entity.Refund)
16554 [Test worker] INFO  org.springframework.web.servlet.mvc.method.annotation.RequestMappingHandlerMapping  – Mapped "{[/v1/refunds/indirects/{id}/comments],methods=[POST]}" onto public org.springframework.http.ResponseEntity<org.iata.bsplink.refund.model.entity.Comment> org.iata.bsplink.refund.controller.RefundController.saveComment(org.iata.bsplink.refund.dto.CommentRequest,java.lang.Long)
16559 [Test worker] INFO  org.springframework.web.servlet.mvc.method.annotation.RequestMappingHandlerMapping  – Mapped "{[/v1/refunds/indirects/permissions],methods=[POST]}" onto public org.springframework.http.ResponseEntity<org.iata.bsplink.refund.model.entity.RefundIssuePermission> org.iata.bsplink.refund.controller.RefundIssuePermissionController.createRefundIssuePermission(org.iata.bsplink.refund.model.entity.RefundIssuePermission,org.springframework.validation.Errors)
16559 [Test worker] INFO  org.springframework.web.servlet.mvc.method.annotation.RequestMappingHandlerMapping  – Mapped "{[/v1/refunds/indirects/permissions],methods=[GET]}" onto public org.springframework.http.ResponseEntity<java.util.List<org.iata.bsplink.refund.model.entity.RefundIssuePermission>> org.iata.bsplink.refund.controller.RefundIssuePermissionController.getRefundIssuePermissions()
16559 [Test worker] INFO  org.springframework.web.servlet.mvc.method.annotation.RequestMappingHandlerMapping  – Mapped "{[/v1/refunds/indirects/permissions/{id}],methods=[DELETE]}" onto public org.springframework.http.ResponseEntity<org.iata.bsplink.refund.model.entity.RefundIssuePermission> org.iata.bsplink.refund.controller.RefundIssuePermissionController.deleteRefundIssuePermission(java.util.Optional<org.iata.bsplink.refund.model.entity.RefundIssuePermission>)
16560 [Test worker] INFO  org.springframework.web.servlet.mvc.method.annotation.RequestMappingHandlerMapping  – Mapped "{[/v1/refunds/indirects/permissions/{id}],methods=[GET]}" onto public org.springframework.http.ResponseEntity<org.iata.bsplink.refund.model.entity.RefundIssuePermission> org.iata.bsplink.refund.controller.RefundIssuePermissionController.getRefundIssuePermission(java.util.Optional<org.iata.bsplink.refund.model.entity.RefundIssuePermission>)
16560 [Test worker] INFO  org.springframework.web.servlet.mvc.method.annotation.RequestMappingHandlerMapping  – Mapped "{[/v1/refunds/indirects/permissions],methods=[GET],params=[isoCountryCode && airlineCode && agentCode]}" onto public org.springframework.http.ResponseEntity<org.iata.bsplink.refund.model.entity.RefundIssuePermission> org.iata.bsplink.refund.controller.RefundIssuePermissionController.getRefundIssuePermissionByIsoCountryCodeAndAirlineCodeAndAgentCode(java.lang.String,java.lang.String,java.lang.String)
16561 [Test worker] INFO  org.springframework.web.servlet.mvc.method.annotation.RequestMappingHandlerMapping  – Mapped "{[/v1/refunds/indirects/permissions],methods=[GET],params=[isoCountryCode && airlineCode]}" onto public org.springframework.http.ResponseEntity<java.util.List<org.iata.bsplink.refund.model.entity.RefundIssuePermission>> org.iata.bsplink.refund.controller.RefundIssuePermissionController.getRefundIssuePermissionByIsoCountryCodeAndAirlineCode(java.lang.String,java.lang.String)
16563 [Test worker] INFO  org.springframework.web.servlet.mvc.method.annotation.RequestMappingHandlerMapping  – Mapped "{[/swagger-resources/configuration/security]}" onto public org.springframework.http.ResponseEntity<springfox.documentation.swagger.web.SecurityConfiguration> springfox.documentation.swagger.web.ApiResourceController.securityConfiguration()
16563 [Test worker] INFO  org.springframework.web.servlet.mvc.method.annotation.RequestMappingHandlerMapping  – Mapped "{[/swagger-resources]}" onto public org.springframework.http.ResponseEntity<java.util.List<springfox.documentation.swagger.web.SwaggerResource>> springfox.documentation.swagger.web.ApiResourceController.swaggerResources()
16563 [Test worker] INFO  org.springframework.web.servlet.mvc.method.annotation.RequestMappingHandlerMapping  – Mapped "{[/swagger-resources/configuration/ui]}" onto public org.springframework.http.ResponseEntity<springfox.documentation.swagger.web.UiConfiguration> springfox.documentation.swagger.web.ApiResourceController.uiConfiguration()
16566 [Test worker] INFO  org.springframework.web.servlet.mvc.method.annotation.RequestMappingHandlerMapping  – Mapped "{[/error],produces=[text/html]}" onto public org.springframework.web.servlet.ModelAndView org.springframework.boot.autoconfigure.web.servlet.error.BasicErrorController.errorHtml(javax.servlet.http.HttpServletRequest,javax.servlet.http.HttpServletResponse)
16567 [Test worker] INFO  org.springframework.web.servlet.mvc.method.annotation.RequestMappingHandlerMapping  – Mapped "{[/error]}" onto public org.springframework.http.ResponseEntity<java.util.Map<java.lang.String, java.lang.Object>> org.springframework.boot.autoconfigure.web.servlet.error.BasicErrorController.error(javax.servlet.http.HttpServletRequest)
16679 [Test worker] INFO  springfox.documentation.spring.web.PropertySourcedRequestMappingHandlerMapping  – Mapped URL path [/v2/api-docs] onto method [public org.springframework.http.ResponseEntity<springfox.documentation.spring.web.json.Json> springfox.documentation.swagger2.web.Swagger2Controller.getDocumentation(java.lang.String,javax.servlet.http.HttpServletRequest)]
16808 [Test worker] INFO  org.springframework.boot.test.mock.web.SpringBootMockServletContext  – Initializing Spring FrameworkServlet ''
16808 [Test worker] INFO  org.springframework.test.web.servlet.TestDispatcherServlet  – FrameworkServlet '': initialization started
16845 [Test worker] INFO  org.springframework.web.servlet.handler.SimpleUrlHandlerMapping  – Mapped URL path [/webjars/**] onto handler of type [class org.springframework.web.servlet.resource.ResourceHttpRequestHandler]
16846 [Test worker] INFO  org.springframework.web.servlet.handler.SimpleUrlHandlerMapping  – Mapped URL path [/**] onto handler of type [class org.springframework.web.servlet.resource.ResourceHttpRequestHandler]
16867 [Test worker] INFO  org.springframework.web.servlet.handler.SimpleUrlHandlerMapping  – Mapped URL path [/**/favicon.ico] onto handler of type [class org.springframework.web.servlet.resource.ResourceHttpRequestHandler]
17012 [Test worker] INFO  org.springframework.web.servlet.mvc.method.annotation.RequestMappingHandlerAdapter  – Looking for @ControllerAdvice: org.springframework.web.context.support.GenericWebApplicationContext@3aefa86c: startup date [Thu Aug 09 13:36:58 CEST 2018]; parent: org.springframework.context.annotation.AnnotationConfigApplicationContext@91206e6
17058 [Test worker] INFO  org.springframework.web.servlet.mvc.method.annotation.ExceptionHandlerExceptionResolver  – Detected @ExceptionHandler methods in applicationExceptionHandler
17125 [Test worker] INFO  org.springframework.test.web.servlet.TestDispatcherServlet  – FrameworkServlet '': initialization completed in 317 ms
17186 [Test worker] WARN  org.springframework.cloud.netflix.archaius.ArchaiusAutoConfiguration  – Netflix ConfigurationManager has already been installed, unable to re-install
17539 [Test worker] INFO  org.springframework.context.support.DefaultLifecycleProcessor  – Starting beans in phase 2147483647
2018-08-09 13:37:01.491  INFO 26020 --- [    Test worker] d.s.w.p.DocumentationPluginsBootstrapper : Context refreshed
2018-08-09 13:37:01.492  INFO 26020 --- [    Test worker] d.s.w.p.DocumentationPluginsBootstrapper : Found 1 custom documentation plugin(s)
2018-08-09 13:37:01.520  INFO 26020 --- [    Test worker] s.d.s.w.s.ApiListingReferenceScanner     : Scanning for api listing references
17946 [Test worker] INFO  org.iata.bsplink.refund.controller.AirlineControllerTest  – Started AirlineControllerTest in 3.785 seconds (JVM running for 19.264)
]]></system-out>
  <system-err><![CDATA[]]></system-err>
</testsuite>
