<?xml version="1.0" encoding="UTF-8"?>
<testsuite name="org.iata.bsplink.refund.utils.FilesUtilityTest" tests="4" skipped="0" failures="0" errors="0" timestamp="2018-08-09T11:37:17" hostname="a2ljenkins1" time="0.016">
  <properties/>
  <testcase name="testGetRemoteFullPathForFile" classname="org.iata.bsplink.refund.utils.FilesUtilityTest" time="0.004"/>
  <testcase name="testSaveMultipartFilesFromLocalToRemote" classname="org.iata.bsplink.refund.utils.FilesUtilityTest" time="0.003"/>
  <testcase name="testCreateAttachedDirectory" classname="org.iata.bsplink.refund.utils.FilesUtilityTest" time="0.006"/>
  <testcase name="testGetRemotePathForFile" classname="org.iata.bsplink.refund.utils.FilesUtilityTest" time="0.002"/>
  <system-out><![CDATA[30674 [Test worker] INFO  org.springframework.boot.test.context.SpringBootTestContextBootstrapper  – Neither @ContextConfiguration nor @ContextHierarchy found for test class [org.iata.bsplink.refund.utils.FilesUtilityTest], using SpringBootContextLoader
30675 [Test worker] INFO  org.springframework.test.context.support.AbstractContextLoader  – Could not detect default resource locations for test class [org.iata.bsplink.refund.utils.FilesUtilityTest]: no resource found for suffixes {-context.xml, Context.groovy}.
30675 [Test worker] INFO  org.springframework.test.context.support.AnnotationConfigContextLoaderUtils  – Could not detect default configuration classes for test class [org.iata.bsplink.refund.utils.FilesUtilityTest]: FilesUtilityTest does not declare any static, non-private, non-final, nested classes annotated with @Configuration.
30686 [Test worker] INFO  org.springframework.boot.test.context.SpringBootTestContextBootstrapper  – Found @SpringBootConfiguration org.iata.bsplink.refund.Application for test class org.iata.bsplink.refund.utils.FilesUtilityTest
30687 [Test worker] INFO  org.springframework.boot.test.context.SpringBootTestContextBootstrapper  – Loaded default TestExecutionListener class names from location [META-INF/spring.factories]: [org.springframework.boot.test.autoconfigure.restdocs.RestDocsTestExecutionListener, org.springframework.boot.test.autoconfigure.web.client.MockRestServiceServerResetTestExecutionListener, org.springframework.boot.test.autoconfigure.web.servlet.MockMvcPrintOnlyOnFailureTestExecutionListener, org.springframework.boot.test.autoconfigure.web.servlet.WebDriverTestExecutionListener, org.springframework.boot.test.mock.mockito.MockitoTestExecutionListener, org.springframework.boot.test.mock.mockito.ResetMocksTestExecutionListener, org.springframework.test.context.web.ServletTestExecutionListener, org.springframework.test.context.support.DirtiesContextBeforeModesTestExecutionListener, org.springframework.test.context.support.DependencyInjectionTestExecutionListener, org.springframework.test.context.support.DirtiesContextTestExecutionListener, org.springframework.test.context.transaction.TransactionalTestExecutionListener, org.springframework.test.context.jdbc.SqlScriptsTestExecutionListener]
30687 [Test worker] INFO  org.springframework.boot.test.context.SpringBootTestContextBootstrapper  – Using TestExecutionListeners: [org.springframework.test.context.web.ServletTestExecutionListener@53103edb, org.springframework.test.context.support.DirtiesContextBeforeModesTestExecutionListener@3d886c60, org.springframework.boot.test.mock.mockito.MockitoTestExecutionListener@22e8efc7, org.springframework.boot.test.autoconfigure.SpringBootDependencyInjectionTestExecutionListener@7b23295a, org.springframework.test.context.support.DirtiesContextTestExecutionListener@29972603, org.springframework.test.context.transaction.TransactionalTestExecutionListener@5702a43d, org.springframework.test.context.jdbc.SqlScriptsTestExecutionListener@3271efcd, org.springframework.boot.test.autoconfigure.restdocs.RestDocsTestExecutionListener@507a6920, org.springframework.boot.test.autoconfigure.web.client.MockRestServiceServerResetTestExecutionListener@404dea12, org.springframework.boot.test.autoconfigure.web.servlet.MockMvcPrintOnlyOnFailureTestExecutionListener@22c8d6a, org.springframework.boot.test.autoconfigure.web.servlet.WebDriverTestExecutionListener@3f1e0565, org.springframework.boot.test.mock.mockito.ResetMocksTestExecutionListener@3c2e58cf]
30722 [Test worker] INFO  org.springframework.context.annotation.AnnotationConfigApplicationContext  – Refreshing org.springframework.context.annotation.AnnotationConfigApplicationContext@8a83cab: startup date [Thu Aug 09 13:37:14 CEST 2018]; root of context hierarchy
30758 [Test worker] INFO  org.springframework.context.support.PostProcessorRegistrationDelegate$BeanPostProcessorChecker  – Bean 'configurationPropertiesRebinderAutoConfiguration' of type [org.springframework.cloud.autoconfigure.ConfigurationPropertiesRebinderAutoConfiguration$$EnhancerBySpringCGLIB$$7e42e66b] is not eligible for getting processed by all BeanPostProcessors (for example: not eligible for auto-proxying)
  ____                  _   _           _        ____            __                       _ 
 | __ )   ___   _ __   | | (_)  _ __   | | __   |  _ \    ___   / _|  _   _   _ __     __| |
 |  _ \  / __| | '_ \  | | | | | '_ \  | |/ /   | |_) |  / _ \ | |_  | | | | | '_ \   / _` |
 | |_) | \__ \ | |_) | | | | | | | | | |   <    |  _ <  |  __/ |  _| | |_| | | | | | | (_| |
 |____/  |___/ | .__/  |_| |_| |_| |_| |_|\_\   |_| \_\  \___| |_|    \__,_| |_| |_|  \__,_|
               |_|     
                                                         
                                       
 :: bsplink-refund-management
30813 [Test worker] INFO  org.iata.bsplink.refund.utils.FilesUtilityTest  – No active profile set, falling back to default profiles: default
30815 [Test worker] INFO  org.springframework.web.context.support.GenericWebApplicationContext  – Refreshing org.springframework.web.context.support.GenericWebApplicationContext@9bdc408: startup date [Thu Aug 09 13:37:14 CEST 2018]; parent: org.springframework.context.annotation.AnnotationConfigApplicationContext@8a83cab
31196 [Test worker] INFO  org.springframework.beans.factory.support.DefaultListableBeanFactory  – Overriding bean definition for bean 'dataSource' with a different definition: replacing [Root bean: class [null]; scope=refresh; abstract=false; lazyInit=false; autowireMode=3; dependencyCheck=0; autowireCandidate=false; primary=false; factoryBeanName=org.springframework.boot.autoconfigure.jdbc.DataSourceConfiguration$Hikari; factoryMethodName=dataSource; initMethodName=null; destroyMethodName=(inferred); defined in class path resource [org/springframework/boot/autoconfigure/jdbc/DataSourceConfiguration$Hikari.class]] with [Root bean: class [org.springframework.aop.scope.ScopedProxyFactoryBean]; scope=; abstract=false; lazyInit=false; autowireMode=0; dependencyCheck=0; autowireCandidate=true; primary=false; factoryBeanName=null; factoryMethodName=null; initMethodName=null; destroyMethodName=null; defined in BeanDefinition defined in class path resource [org/springframework/boot/autoconfigure/jdbc/DataSourceConfiguration$Hikari.class]]
31207 [Test worker] INFO  org.springframework.cloud.context.scope.GenericScope  – BeanFactory id=0cb40e0d-ae91-3a4e-9a0d-cdb6fd9a07d3
31295 [Test worker] INFO  org.springframework.context.support.PostProcessorRegistrationDelegate$BeanPostProcessorChecker  – Bean 'org.springframework.transaction.annotation.ProxyTransactionManagementConfiguration' of type [org.springframework.transaction.annotation.ProxyTransactionManagementConfiguration$$EnhancerBySpringCGLIB$$6228e36e] is not eligible for getting processed by all BeanPostProcessors (for example: not eligible for auto-proxying)
31316 [Test worker] INFO  org.springframework.context.support.PostProcessorRegistrationDelegate$BeanPostProcessorChecker  – Bean 'org.springframework.cloud.autoconfigure.ConfigurationPropertiesRebinderAutoConfiguration' of type [org.springframework.cloud.autoconfigure.ConfigurationPropertiesRebinderAutoConfiguration$$EnhancerBySpringCGLIB$$7e42e66b] is not eligible for getting processed by all BeanPostProcessors (for example: not eligible for auto-proxying)
2018-08-09 13:37:15.338  INFO 26020 --- [    Test worker] com.zaxxer.hikari.HikariDataSource       : HikariPool-6 - Starting...
2018-08-09 13:37:15.340  INFO 26020 --- [    Test worker] com.zaxxer.hikari.HikariDataSource       : HikariPool-6 - Start completed.
2018-08-09 13:37:15.340  INFO 26020 --- [    Test worker] o.f.c.internal.database.DatabaseFactory  : Database: jdbc:h2:mem:testdb (H2 1.4)
2018-08-09 13:37:15.344  INFO 26020 --- [    Test worker] o.f.core.internal.command.DbValidate     : Successfully validated 1 migration (execution time 00:00.003s)
2018-08-09 13:37:15.421  INFO 26020 --- [    Test worker] o.f.core.internal.command.DbMigrate      : Current version of schema "PUBLIC": 0001
2018-08-09 13:37:15.422  INFO 26020 --- [    Test worker] o.f.core.internal.command.DbMigrate      : Schema "PUBLIC" is up to date. No migration necessary.
31541 [Test worker] INFO  org.springframework.orm.jpa.LocalContainerEntityManagerFactoryBean  – Building JPA container EntityManagerFactory for persistence unit 'default'
2018-08-09 13:37:15.492  INFO 26020 --- [    Test worker] o.hibernate.jpa.internal.util.LogHelper  : HHH000204: Processing PersistenceUnitInfo [
	name: default
	...]
2018-08-09 13:37:15.502  INFO 26020 --- [    Test worker] org.hibernate.dialect.Dialect            : HHH000400: Using dialect: org.hibernate.dialect.H2Dialect
31705 [Test worker] INFO  org.springframework.orm.jpa.LocalContainerEntityManagerFactoryBean  – Initialized JPA EntityManagerFactory for persistence unit 'default'
31744 [Test worker] INFO  org.springframework.context.annotation.AnnotationConfigApplicationContext  – Refreshing FeignContext-agents: startup date [Thu Aug 09 13:37:15 CEST 2018]; parent: org.springframework.web.context.support.GenericWebApplicationContext@9bdc408
31881 [Test worker] INFO  org.springframework.context.annotation.AnnotationConfigApplicationContext  – Refreshing FeignContext-airlines: startup date [Thu Aug 09 13:37:15 CEST 2018]; parent: org.springframework.web.context.support.GenericWebApplicationContext@9bdc408
32256 [Test worker] WARN  org.springframework.boot.autoconfigure.orm.jpa.JpaBaseConfiguration$JpaWebConfiguration$JpaWebMvcConfiguration  – spring.jpa.open-in-view is enabled by default. Therefore, database queries may be performed during view rendering. Explicitly configure spring.jpa.open-in-view to disable this warning
32285 [Test worker] INFO  org.springframework.web.servlet.mvc.method.annotation.RequestMappingHandlerMapping  – Mapped "{[/v1/agents/{code}],methods=[GET]}" onto public org.springframework.http.ResponseEntity<org.iata.bsplink.refund.dto.Agent> org.iata.bsplink.refund.controller.AgentController.getAgent(java.lang.String)
32286 [Test worker] INFO  org.springframework.web.servlet.mvc.method.annotation.RequestMappingHandlerMapping  – Mapped "{[/v1/airlines/{isoCountryCode}/{airlineCode}],methods=[GET]}" onto public org.springframework.http.ResponseEntity<org.iata.bsplink.refund.dto.Airline> org.iata.bsplink.refund.controller.AirlineController.getAirline(java.lang.String,java.lang.String)
32287 [Test worker] INFO  org.springframework.web.servlet.mvc.method.annotation.RequestMappingHandlerMapping  – Mapped "{[/v1/configurations/{isoc}],methods=[GET]}" onto public org.springframework.http.ResponseEntity<org.iata.bsplink.refund.model.entity.Config> org.iata.bsplink.refund.controller.ConfigController.getConfig(java.lang.String)
32287 [Test worker] INFO  org.springframework.web.servlet.mvc.method.annotation.RequestMappingHandlerMapping  – Mapped "{[/v1/configurations/isocs],methods=[GET]}" onto public org.springframework.http.ResponseEntity<java.util.List<java.lang.String>> org.iata.bsplink.refund.controller.ConfigController.getIsocs()
32287 [Test worker] INFO  org.springframework.web.servlet.mvc.method.annotation.RequestMappingHandlerMapping  – Mapped "{[/v1/configurations],methods=[GET]}" onto public org.springframework.http.ResponseEntity<java.util.List<org.iata.bsplink.refund.model.entity.Config>> org.iata.bsplink.refund.controller.ConfigController.getConfigs()
32287 [Test worker] INFO  org.springframework.web.servlet.mvc.method.annotation.RequestMappingHandlerMapping  – Mapped "{[/v1/configurations],methods=[POST]}" onto public org.springframework.http.ResponseEntity<org.iata.bsplink.refund.model.entity.Config> org.iata.bsplink.refund.controller.ConfigController.save(org.iata.bsplink.refund.model.entity.Config,org.springframework.validation.Errors)
32288 [Test worker] INFO  org.springframework.web.servlet.mvc.method.annotation.RequestMappingHandlerMapping  – Mapped "{[/v1/currencies/{isoc}],methods=[GET]}" onto public org.springframework.http.ResponseEntity<java.util.List<org.iata.bsplink.refund.fake.IsocCurrencies>> org.iata.bsplink.refund.controller.CurrenciesController.getCurrencies(java.lang.String)
32293 [Test worker] INFO  org.springframework.web.servlet.mvc.method.annotation.RequestMappingHandlerMapping  – Mapped "{[/v1/reasons/indirects/{id}],methods=[GET]}" onto public org.springframework.http.ResponseEntity<org.iata.bsplink.refund.model.entity.Reason> org.iata.bsplink.refund.controller.ReasonController.getReason(java.util.Optional<org.iata.bsplink.refund.model.entity.Reason>)
32293 [Test worker] INFO  org.springframework.web.servlet.mvc.method.annotation.RequestMappingHandlerMapping  – Mapped "{[/v1/reasons/indirects],methods=[POST]}" onto public org.springframework.http.ResponseEntity<org.iata.bsplink.refund.model.entity.Reason> org.iata.bsplink.refund.controller.ReasonController.createReason(org.iata.bsplink.refund.model.entity.Reason,org.springframework.validation.Errors)
32293 [Test worker] INFO  org.springframework.web.servlet.mvc.method.annotation.RequestMappingHandlerMapping  – Mapped "{[/v1/reasons/indirects],methods=[GET]}" onto public org.springframework.http.ResponseEntity<java.util.List<org.iata.bsplink.refund.model.entity.Reason>> org.iata.bsplink.refund.controller.ReasonController.getReasons()
32293 [Test worker] INFO  org.springframework.web.servlet.mvc.method.annotation.RequestMappingHandlerMapping  – Mapped "{[/v1/reasons/indirects],methods=[GET],params=[isoCountryCode && refundType]}" onto public org.springframework.http.ResponseEntity<java.util.List<org.iata.bsplink.refund.model.entity.Reason>> org.iata.bsplink.refund.controller.ReasonController.getReasonsByIsocAndType(java.lang.String,org.iata.bsplink.refund.model.entity.ReasonType)
32293 [Test worker] INFO  org.springframework.web.servlet.mvc.method.annotation.RequestMappingHandlerMapping  – Mapped "{[/v1/reasons/indirects],methods=[GET],params=[isoCountryCode]}" onto public org.springframework.http.ResponseEntity<java.util.List<org.iata.bsplink.refund.model.entity.Reason>> org.iata.bsplink.refund.controller.ReasonController.getReasonsByIsoc(java.lang.String)
32294 [Test worker] INFO  org.springframework.web.servlet.mvc.method.annotation.RequestMappingHandlerMapping  – Mapped "{[/v1/reasons/indirects/{id}],methods=[DELETE]}" onto public org.springframework.http.ResponseEntity<org.iata.bsplink.refund.model.entity.Reason> org.iata.bsplink.refund.controller.ReasonController.deleteReason(java.util.Optional<org.iata.bsplink.refund.model.entity.Reason>)
32294 [Test worker] INFO  org.springframework.web.servlet.mvc.method.annotation.RequestMappingHandlerMapping  – Mapped "{[/v1/reasons/indirects/{id}],methods=[PUT]}" onto public org.springframework.http.ResponseEntity<org.iata.bsplink.refund.model.entity.Reason> org.iata.bsplink.refund.controller.ReasonController.updateReason(java.lang.Long,org.iata.bsplink.refund.model.entity.Reason)
32299 [Test worker] INFO  org.springframework.web.servlet.mvc.method.annotation.RequestMappingHandlerMapping  – Mapped "{[/v1/refunds/indirects/{id}/files],methods=[GET]}" onto public org.springframework.http.ResponseEntity<java.util.List<org.iata.bsplink.refund.model.entity.BsplinkFile>> org.iata.bsplink.refund.controller.RefundController.getAllFilesForRefund(org.iata.bsplink.refund.model.entity.Refund)
32300 [Test worker] INFO  org.springframework.web.servlet.mvc.method.annotation.RequestMappingHandlerMapping  – Mapped "{[/v1/refunds/indirects/{id}/files],methods=[POST],consumes=[multipart/form-data]}" onto public org.springframework.http.ResponseEntity<java.util.List<org.iata.bsplink.refund.response.SimpleResponse>> org.iata.bsplink.refund.controller.RefundController.saveFiles(org.iata.bsplink.refund.model.entity.Refund,java.util.List<org.springframework.web.multipart.MultipartFile>)
32300 [Test worker] INFO  org.springframework.web.servlet.mvc.method.annotation.RequestMappingHandlerMapping  – Mapped "{[/v1/refunds/indirects],methods=[POST]}" onto public org.springframework.http.ResponseEntity<org.iata.bsplink.refund.model.entity.Refund> org.iata.bsplink.refund.controller.RefundController.saveRefund(org.iata.bsplink.refund.model.entity.Refund,org.springframework.validation.Errors)
32300 [Test worker] INFO  org.springframework.web.servlet.mvc.method.annotation.RequestMappingHandlerMapping  – Mapped "{[/v1/refunds/indirects/{id}],methods=[PUT]}" onto public org.springframework.http.ResponseEntity<org.iata.bsplink.refund.model.entity.Refund> org.iata.bsplink.refund.controller.RefundController.updateRefund(java.lang.Long,org.iata.bsplink.refund.model.entity.Refund,org.springframework.validation.Errors)
32300 [Test worker] INFO  org.springframework.web.servlet.mvc.method.annotation.RequestMappingHandlerMapping  – Mapped "{[/v1/refunds/indirects/{id}],methods=[DELETE]}" onto public org.springframework.http.ResponseEntity<org.iata.bsplink.refund.model.entity.Refund> org.iata.bsplink.refund.controller.RefundController.deleteRefund(java.util.Optional<org.iata.bsplink.refund.model.entity.Refund>)
32300 [Test worker] INFO  org.springframework.web.servlet.mvc.method.annotation.RequestMappingHandlerMapping  – Mapped "{[/v1/refunds/indirects/{id}/history],methods=[GET]}" onto public org.springframework.http.ResponseEntity<java.util.List<org.iata.bsplink.refund.model.entity.RefundHistory>> org.iata.bsplink.refund.controller.RefundController.getRefundHistory(java.util.Optional<org.iata.bsplink.refund.model.entity.Refund>)
32301 [Test worker] INFO  org.springframework.web.servlet.mvc.method.annotation.RequestMappingHandlerMapping  – Mapped "{[/v1/refunds/indirects/{id}/status],methods=[POST]}" onto public org.springframework.http.ResponseEntity<org.iata.bsplink.refund.model.entity.Refund> org.iata.bsplink.refund.controller.RefundController.changeRefundStatus(org.iata.bsplink.refund.model.entity.Refund,org.iata.bsplink.refund.dto.RefundStatusRequest,org.springframework.validation.Errors)
32301 [Test worker] INFO  org.springframework.web.servlet.mvc.method.annotation.RequestMappingHandlerMapping  – Mapped "{[/v1/refunds/indirects],methods=[GET],params=[isoCountryCode && airlineCode && ticketDocumentNumber]}" onto public org.springframework.http.ResponseEntity<org.iata.bsplink.refund.model.entity.Refund> org.iata.bsplink.refund.controller.RefundController.getRefundByIsoCountryCodeAirlineCodeTicketDocumentNumber(java.lang.String,java.lang.String,java.lang.String)
32301 [Test worker] INFO  org.springframework.web.servlet.mvc.method.annotation.RequestMappingHandlerMapping  – Mapped "{[/v1/refunds/indirects/{id}],methods=[PUT],params=[fileName]}" onto public org.springframework.http.ResponseEntity<org.iata.bsplink.refund.model.entity.Refund> org.iata.bsplink.refund.controller.RefundController.updateRefundViaMassload(java.lang.Long,java.lang.String,org.iata.bsplink.refund.model.entity.Refund,org.springframework.validation.Errors)
32301 [Test worker] INFO  org.springframework.web.servlet.mvc.method.annotation.RequestMappingHandlerMapping  – Mapped "{[/v1/refunds/indirects/{id}/status],methods=[POST],params=[fileName]}" onto public org.springframework.http.ResponseEntity<org.iata.bsplink.refund.model.entity.Refund> org.iata.bsplink.refund.controller.RefundController.changeRefundStatusViaMassload(java.lang.String,org.iata.bsplink.refund.model.entity.Refund,org.iata.bsplink.refund.dto.RefundStatusRequest,org.springframework.validation.Errors)
32301 [Test worker] INFO  org.springframework.web.servlet.mvc.method.annotation.RequestMappingHandlerMapping  – Mapped "{[/v1/refunds/indirects/{id}],methods=[GET]}" onto public org.springframework.http.ResponseEntity<org.iata.bsplink.refund.model.entity.Refund> org.iata.bsplink.refund.controller.RefundController.getRefund(java.util.Optional<org.iata.bsplink.refund.model.entity.Refund>)
32301 [Test worker] INFO  org.springframework.web.servlet.mvc.method.annotation.RequestMappingHandlerMapping  – Mapped "{[/v1/refunds/indirects],methods=[GET]}" onto public org.springframework.http.ResponseEntity<java.util.List<org.iata.bsplink.refund.model.entity.Refund>> org.iata.bsplink.refund.controller.RefundController.getRefunds()
32302 [Test worker] INFO  org.springframework.web.servlet.mvc.method.annotation.RequestMappingHandlerMapping  – Mapped "{[/v1/refunds/indirects/{id}/comments],methods=[GET],produces=[application/json;charset=UTF-8]}" onto public org.springframework.http.ResponseEntity<java.util.List<org.iata.bsplink.refund.model.entity.Comment>> org.iata.bsplink.refund.controller.RefundController.getAllCommentsForRefund(org.iata.bsplink.refund.model.entity.Refund)
32302 [Test worker] INFO  org.springframework.web.servlet.mvc.method.annotation.RequestMappingHandlerMapping  – Mapped "{[/v1/refunds/indirects/{id}/comments],methods=[POST]}" onto public org.springframework.http.ResponseEntity<org.iata.bsplink.refund.model.entity.Comment> org.iata.bsplink.refund.controller.RefundController.saveComment(org.iata.bsplink.refund.dto.CommentRequest,java.lang.Long)
32303 [Test worker] INFO  org.springframework.web.servlet.mvc.method.annotation.RequestMappingHandlerMapping  – Mapped "{[/v1/refunds/indirects/permissions],methods=[POST]}" onto public org.springframework.http.ResponseEntity<org.iata.bsplink.refund.model.entity.RefundIssuePermission> org.iata.bsplink.refund.controller.RefundIssuePermissionController.createRefundIssuePermission(org.iata.bsplink.refund.model.entity.RefundIssuePermission,org.springframework.validation.Errors)
32303 [Test worker] INFO  org.springframework.web.servlet.mvc.method.annotation.RequestMappingHandlerMapping  – Mapped "{[/v1/refunds/indirects/permissions],methods=[GET]}" onto public org.springframework.http.ResponseEntity<java.util.List<org.iata.bsplink.refund.model.entity.RefundIssuePermission>> org.iata.bsplink.refund.controller.RefundIssuePermissionController.getRefundIssuePermissions()
32303 [Test worker] INFO  org.springframework.web.servlet.mvc.method.annotation.RequestMappingHandlerMapping  – Mapped "{[/v1/refunds/indirects/permissions/{id}],methods=[DELETE]}" onto public org.springframework.http.ResponseEntity<org.iata.bsplink.refund.model.entity.RefundIssuePermission> org.iata.bsplink.refund.controller.RefundIssuePermissionController.deleteRefundIssuePermission(java.util.Optional<org.iata.bsplink.refund.model.entity.RefundIssuePermission>)
32304 [Test worker] INFO  org.springframework.web.servlet.mvc.method.annotation.RequestMappingHandlerMapping  – Mapped "{[/v1/refunds/indirects/permissions/{id}],methods=[GET]}" onto public org.springframework.http.ResponseEntity<org.iata.bsplink.refund.model.entity.RefundIssuePermission> org.iata.bsplink.refund.controller.RefundIssuePermissionController.getRefundIssuePermission(java.util.Optional<org.iata.bsplink.refund.model.entity.RefundIssuePermission>)
32304 [Test worker] INFO  org.springframework.web.servlet.mvc.method.annotation.RequestMappingHandlerMapping  – Mapped "{[/v1/refunds/indirects/permissions],methods=[GET],params=[isoCountryCode && airlineCode && agentCode]}" onto public org.springframework.http.ResponseEntity<org.iata.bsplink.refund.model.entity.RefundIssuePermission> org.iata.bsplink.refund.controller.RefundIssuePermissionController.getRefundIssuePermissionByIsoCountryCodeAndAirlineCodeAndAgentCode(java.lang.String,java.lang.String,java.lang.String)
32304 [Test worker] INFO  org.springframework.web.servlet.mvc.method.annotation.RequestMappingHandlerMapping  – Mapped "{[/v1/refunds/indirects/permissions],methods=[GET],params=[isoCountryCode && airlineCode]}" onto public org.springframework.http.ResponseEntity<java.util.List<org.iata.bsplink.refund.model.entity.RefundIssuePermission>> org.iata.bsplink.refund.controller.RefundIssuePermissionController.getRefundIssuePermissionByIsoCountryCodeAndAirlineCode(java.lang.String,java.lang.String)
32305 [Test worker] INFO  org.springframework.web.servlet.mvc.method.annotation.RequestMappingHandlerMapping  – Mapped "{[/swagger-resources/configuration/security]}" onto public org.springframework.http.ResponseEntity<springfox.documentation.swagger.web.SecurityConfiguration> springfox.documentation.swagger.web.ApiResourceController.securityConfiguration()
32305 [Test worker] INFO  org.springframework.web.servlet.mvc.method.annotation.RequestMappingHandlerMapping  – Mapped "{[/swagger-resources]}" onto public org.springframework.http.ResponseEntity<java.util.List<springfox.documentation.swagger.web.SwaggerResource>> springfox.documentation.swagger.web.ApiResourceController.swaggerResources()
32305 [Test worker] INFO  org.springframework.web.servlet.mvc.method.annotation.RequestMappingHandlerMapping  – Mapped "{[/swagger-resources/configuration/ui]}" onto public org.springframework.http.ResponseEntity<springfox.documentation.swagger.web.UiConfiguration> springfox.documentation.swagger.web.ApiResourceController.uiConfiguration()
32307 [Test worker] INFO  org.springframework.web.servlet.mvc.method.annotation.RequestMappingHandlerMapping  – Mapped "{[/error],produces=[text/html]}" onto public org.springframework.web.servlet.ModelAndView org.springframework.boot.autoconfigure.web.servlet.error.BasicErrorController.errorHtml(javax.servlet.http.HttpServletRequest,javax.servlet.http.HttpServletResponse)
32307 [Test worker] INFO  org.springframework.web.servlet.mvc.method.annotation.RequestMappingHandlerMapping  – Mapped "{[/error]}" onto public org.springframework.http.ResponseEntity<java.util.Map<java.lang.String, java.lang.Object>> org.springframework.boot.autoconfigure.web.servlet.error.BasicErrorController.error(javax.servlet.http.HttpServletRequest)
32398 [Test worker] INFO  springfox.documentation.spring.web.PropertySourcedRequestMappingHandlerMapping  – Mapped URL path [/v2/api-docs] onto method [public org.springframework.http.ResponseEntity<springfox.documentation.spring.web.json.Json> springfox.documentation.swagger2.web.Swagger2Controller.getDocumentation(java.lang.String,javax.servlet.http.HttpServletRequest)]
32491 [Test worker] INFO  org.springframework.boot.test.mock.web.SpringBootMockServletContext  – Initializing Spring FrameworkServlet ''
32491 [Test worker] INFO  org.springframework.test.web.servlet.TestDispatcherServlet  – FrameworkServlet '': initialization started
32523 [Test worker] INFO  org.springframework.web.servlet.handler.SimpleUrlHandlerMapping  – Mapped URL path [/webjars/**] onto handler of type [class org.springframework.web.servlet.resource.ResourceHttpRequestHandler]
32523 [Test worker] INFO  org.springframework.web.servlet.handler.SimpleUrlHandlerMapping  – Mapped URL path [/**] onto handler of type [class org.springframework.web.servlet.resource.ResourceHttpRequestHandler]
32542 [Test worker] INFO  org.springframework.web.servlet.handler.SimpleUrlHandlerMapping  – Mapped URL path [/**/favicon.ico] onto handler of type [class org.springframework.web.servlet.resource.ResourceHttpRequestHandler]
32671 [Test worker] INFO  org.springframework.web.servlet.mvc.method.annotation.RequestMappingHandlerAdapter  – Looking for @ControllerAdvice: org.springframework.web.context.support.GenericWebApplicationContext@9bdc408: startup date [Thu Aug 09 13:37:14 CEST 2018]; parent: org.springframework.context.annotation.AnnotationConfigApplicationContext@8a83cab
32700 [Test worker] INFO  org.springframework.web.servlet.mvc.method.annotation.ExceptionHandlerExceptionResolver  – Detected @ExceptionHandler methods in applicationExceptionHandler
32732 [Test worker] INFO  org.springframework.test.web.servlet.TestDispatcherServlet  – FrameworkServlet '': initialization completed in 241 ms
32774 [Test worker] WARN  org.springframework.cloud.netflix.archaius.ArchaiusAutoConfiguration  – Netflix ConfigurationManager has already been installed, unable to re-install
33005 [Test worker] INFO  org.springframework.context.support.DefaultLifecycleProcessor  – Starting beans in phase 2147483647
2018-08-09 13:37:16.956  INFO 26020 --- [    Test worker] d.s.w.p.DocumentationPluginsBootstrapper : Context refreshed
2018-08-09 13:37:16.957  INFO 26020 --- [    Test worker] d.s.w.p.DocumentationPluginsBootstrapper : Found 1 custom documentation plugin(s)
2018-08-09 13:37:16.969  INFO 26020 --- [    Test worker] s.d.s.w.s.ApiListingReferenceScanner     : Scanning for api listing references
33172 [Test worker] INFO  org.iata.bsplink.refund.utils.FilesUtilityTest  – Started FilesUtilityTest in 2.483 seconds (JVM running for 34.489)
2018-08-09 13:37:17.131  INFO 26020 --- [    Test worker] o.i.bsplink.refund.utils.FilesUtility    : get remote full path for file: file_one.txt with refund: Refund(id=789456123, ticketDocumentNumber=null, status=null, isoCountryCode=ES, agentCode=null, airlineCode=null, dateOfIssue=null, billingPeriod=null, currency=RefundCurrency(code=null, decimals=null), passenger=null, amounts=RefundAmounts(grossFare=0, lessGrossFareUsed=0, commissionAmount=0, commissionRate=0, spam=0, cancellationPenalty=0, miscellaneousFee=0, taxOnCancellationPenalty=0, taxOnMiscellaneousFee=0, commissionOnCpAndMfAmount=0, commissionOnCpAndMfRate=0, tax=0, refundToPassenger=0), partialRefund=false, netReporting=false, waiverCode=null, tourCode=null, dateOfIssueRelatedDocument=null, dateOfAirlineAction=null, exchange=false, agentContact=null, airlineContact=null, settlementAuthorisationCode=null, customerFileReference=null, agentVatNumber=null, airlineVatNumber=null, originalIssue=null, airlineCodeRelatedDocument=null, relatedDocument=null, statisticalCode=null, formOfPaymentAmounts=[], conjunctions=[], taxMiscellaneousFees=[], issueReason=null, rejectionReason=null, airlineRemark=null, attachedFiles=null, comments=null, history=null, agentRegistrationNumber=null, airlineRegistrationNumber=null)
2018-08-09 13:37:17.133  INFO 26020 --- [    Test worker] o.i.bsplink.refund.utils.FilesUtility    : save multipart file from local to remote. File name: fileOne.txt with refund: Refund(id=789456123, ticketDocumentNumber=null, status=null, isoCountryCode=ES, agentCode=null, airlineCode=null, dateOfIssue=null, billingPeriod=null, currency=RefundCurrency(code=null, decimals=null), passenger=null, amounts=RefundAmounts(grossFare=0, lessGrossFareUsed=0, commissionAmount=0, commissionRate=0, spam=0, cancellationPenalty=0, miscellaneousFee=0, taxOnCancellationPenalty=0, taxOnMiscellaneousFee=0, commissionOnCpAndMfAmount=0, commissionOnCpAndMfRate=0, tax=0, refundToPassenger=0), partialRefund=false, netReporting=false, waiverCode=null, tourCode=null, dateOfIssueRelatedDocument=null, dateOfAirlineAction=null, exchange=false, agentContact=null, airlineContact=null, settlementAuthorisationCode=null, customerFileReference=null, agentVatNumber=null, airlineVatNumber=null, originalIssue=null, airlineCodeRelatedDocument=null, relatedDocument=null, statisticalCode=null, formOfPaymentAmounts=[], conjunctions=[], taxMiscellaneousFees=[], issueReason=null, rejectionReason=null, airlineRemark=null, attachedFiles=null, comments=null, history=null, agentRegistrationNumber=null, airlineRegistrationNumber=null)
2018-08-09 13:37:17.134  INFO 26020 --- [    Test worker] o.i.bsplink.refund.utils.FilesUtility    : upload file: fileOne.txt from local to remote
2018-08-09 13:37:17.134  INFO 26020 --- [    Test worker] o.i.bsplink.refund.utils.FilesUtility    : get remote path for refund: Refund(id=789456123, ticketDocumentNumber=null, status=null, isoCountryCode=ES, agentCode=null, airlineCode=null, dateOfIssue=null, billingPeriod=null, currency=RefundCurrency(code=null, decimals=null), passenger=null, amounts=RefundAmounts(grossFare=0, lessGrossFareUsed=0, commissionAmount=0, commissionRate=0, spam=0, cancellationPenalty=0, miscellaneousFee=0, taxOnCancellationPenalty=0, taxOnMiscellaneousFee=0, commissionOnCpAndMfAmount=0, commissionOnCpAndMfRate=0, tax=0, refundToPassenger=0), partialRefund=false, netReporting=false, waiverCode=null, tourCode=null, dateOfIssueRelatedDocument=null, dateOfAirlineAction=null, exchange=false, agentContact=null, airlineContact=null, settlementAuthorisationCode=null, customerFileReference=null, agentVatNumber=null, airlineVatNumber=null, originalIssue=null, airlineCodeRelatedDocument=null, relatedDocument=null, statisticalCode=null, formOfPaymentAmounts=[], conjunctions=[], taxMiscellaneousFees=[], issueReason=null, rejectionReason=null, airlineRemark=null, attachedFiles=null, comments=null, history=null, agentRegistrationNumber=null, airlineRegistrationNumber=null)
2018-08-09 13:37:17.138  INFO 26020 --- [    Test worker] o.i.bsplink.refund.utils.FilesUtility    : save file fileOne.txt in attached_files directory
2018-08-09 13:37:17.138  INFO 26020 --- [    Test worker] o.i.bsplink.refund.utils.FilesUtility    : directory attached_files created
2018-08-09 13:37:17.138  INFO 26020 --- [    Test worker] o.i.bsplink.refund.utils.FilesUtility    : file fileOne.txt saved. Path: attached_files/fileOne.txt
2018-08-09 13:37:17.143  INFO 26020 --- [    Test worker] o.i.bsplink.refund.utils.FilesUtility    : get remote path for refund: Refund(id=789456123, ticketDocumentNumber=null, status=null, isoCountryCode=ES, agentCode=null, airlineCode=null, dateOfIssue=null, billingPeriod=null, currency=RefundCurrency(code=null, decimals=null), passenger=null, amounts=RefundAmounts(grossFare=0, lessGrossFareUsed=0, commissionAmount=0, commissionRate=0, spam=0, cancellationPenalty=0, miscellaneousFee=0, taxOnCancellationPenalty=0, taxOnMiscellaneousFee=0, commissionOnCpAndMfAmount=0, commissionOnCpAndMfRate=0, tax=0, refundToPassenger=0), partialRefund=false, netReporting=false, waiverCode=null, tourCode=null, dateOfIssueRelatedDocument=null, dateOfAirlineAction=null, exchange=false, agentContact=null, airlineContact=null, settlementAuthorisationCode=null, customerFileReference=null, agentVatNumber=null, airlineVatNumber=null, originalIssue=null, airlineCodeRelatedDocument=null, relatedDocument=null, statisticalCode=null, formOfPaymentAmounts=[], conjunctions=[], taxMiscellaneousFees=[], issueReason=null, rejectionReason=null, airlineRemark=null, attachedFiles=null, comments=null, history=null, agentRegistrationNumber=null, airlineRegistrationNumber=null)
]]></system-out>
  <system-err><![CDATA[]]></system-err>
</testsuite>
