<?xml version="1.0" encoding="UTF-8"?>
<testsuite name="org.iata.bsplink.refund.controller.AgentControllerTest" tests="2" skipped="0" failures="0" errors="0" timestamp="2018-08-09T11:36:57" hostname="a2ljenkins1" time="0.24">
  <properties/>
  <testcase name="testGetAgent" classname="org.iata.bsplink.refund.controller.AgentControllerTest" time="0.231"/>
  <testcase name="testGetAgentNotFound" classname="org.iata.bsplink.refund.controller.AgentControllerTest" time="0.007"/>
  <system-out><![CDATA[0    [Test worker] INFO  org.springframework.boot.test.context.SpringBootTestContextBootstrapper  – Neither @ContextConfiguration nor @ContextHierarchy found for test class [org.iata.bsplink.refund.controller.AgentControllerTest], using SpringBootContextLoader
9    [Test worker] INFO  org.springframework.test.context.support.AbstractContextLoader  – Could not detect default resource locations for test class [org.iata.bsplink.refund.controller.AgentControllerTest]: no resource found for suffixes {-context.xml, Context.groovy}.
15   [Test worker] INFO  org.springframework.test.context.support.AnnotationConfigContextLoaderUtils  – Could not detect default configuration classes for test class [org.iata.bsplink.refund.controller.AgentControllerTest]: AgentControllerTest does not declare any static, non-private, non-final, nested classes annotated with @Configuration.
439  [Test worker] INFO  org.springframework.boot.test.context.SpringBootTestContextBootstrapper  – Found @SpringBootConfiguration org.iata.bsplink.refund.Application for test class org.iata.bsplink.refund.controller.AgentControllerTest
692  [Test worker] INFO  org.springframework.boot.test.context.SpringBootTestContextBootstrapper  – Loaded default TestExecutionListener class names from location [META-INF/spring.factories]: [org.springframework.boot.test.autoconfigure.restdocs.RestDocsTestExecutionListener, org.springframework.boot.test.autoconfigure.web.client.MockRestServiceServerResetTestExecutionListener, org.springframework.boot.test.autoconfigure.web.servlet.MockMvcPrintOnlyOnFailureTestExecutionListener, org.springframework.boot.test.autoconfigure.web.servlet.WebDriverTestExecutionListener, org.springframework.boot.test.mock.mockito.MockitoTestExecutionListener, org.springframework.boot.test.mock.mockito.ResetMocksTestExecutionListener, org.springframework.test.context.web.ServletTestExecutionListener, org.springframework.test.context.support.DirtiesContextBeforeModesTestExecutionListener, org.springframework.test.context.support.DependencyInjectionTestExecutionListener, org.springframework.test.context.support.DirtiesContextTestExecutionListener, org.springframework.test.context.transaction.TransactionalTestExecutionListener, org.springframework.test.context.jdbc.SqlScriptsTestExecutionListener]
762  [Test worker] INFO  org.springframework.boot.test.context.SpringBootTestContextBootstrapper  – Using TestExecutionListeners: [org.springframework.test.context.web.ServletTestExecutionListener@1cdb0e68, org.springframework.test.context.support.DirtiesContextBeforeModesTestExecutionListener@34c06397, org.springframework.boot.test.mock.mockito.MockitoTestExecutionListener@359bce5b, org.springframework.boot.test.autoconfigure.SpringBootDependencyInjectionTestExecutionListener@4257429f, org.springframework.test.context.support.DirtiesContextTestExecutionListener@63bbcf3, org.springframework.test.context.transaction.TransactionalTestExecutionListener@3150bb78, org.springframework.test.context.jdbc.SqlScriptsTestExecutionListener@5ad2521f, org.springframework.boot.test.autoconfigure.restdocs.RestDocsTestExecutionListener@22e9b060, org.springframework.boot.test.autoconfigure.web.client.MockRestServiceServerResetTestExecutionListener@79ee5cea, org.springframework.boot.test.autoconfigure.web.servlet.MockMvcPrintOnlyOnFailureTestExecutionListener@4d51a3d4, org.springframework.boot.test.autoconfigure.web.servlet.WebDriverTestExecutionListener@55b42cb, org.springframework.boot.test.mock.mockito.ResetMocksTestExecutionListener@6ade98b0]
1963 [Test worker] INFO  org.springframework.context.annotation.AnnotationConfigApplicationContext  – Refreshing org.springframework.context.annotation.AnnotationConfigApplicationContext@2ae54f05: startup date [Thu Aug 09 13:36:45 CEST 2018]; root of context hierarchy
2697 [Test worker] INFO  org.springframework.context.support.PostProcessorRegistrationDelegate$BeanPostProcessorChecker  – Bean 'configurationPropertiesRebinderAutoConfiguration' of type [org.springframework.cloud.autoconfigure.ConfigurationPropertiesRebinderAutoConfiguration$$EnhancerBySpringCGLIB$$7e42e66b] is not eligible for getting processed by all BeanPostProcessors (for example: not eligible for auto-proxying)
  ____                  _   _           _        ____            __                       _ 
 | __ )   ___   _ __   | | (_)  _ __   | | __   |  _ \    ___   / _|  _   _   _ __     __| |
 |  _ \  / __| | '_ \  | | | | | '_ \  | |/ /   | |_) |  / _ \ | |_  | | | | | '_ \   / _` |
 | |_) | \__ \ | |_) | | | | | | | | | |   <    |  _ <  |  __/ |  _| | |_| | | | | | | (_| |
 |____/  |___/ | .__/  |_| |_| |_| |_| |_|\_\   |_| \_\  \___| |_|    \__,_| |_| |_|  \__,_|
               |_|     
                                                         
                                       
 :: bsplink-refund-management
3302 [Test worker] INFO  org.iata.bsplink.refund.controller.AgentControllerTest  – No active profile set, falling back to default profiles: default
3312 [Test worker] INFO  org.springframework.web.context.support.GenericWebApplicationContext  – Refreshing org.springframework.web.context.support.GenericWebApplicationContext@23a89810: startup date [Thu Aug 09 13:36:47 CEST 2018]; parent: org.springframework.context.annotation.AnnotationConfigApplicationContext@2ae54f05
5109 [Test worker] INFO  org.springframework.beans.factory.support.DefaultListableBeanFactory  – Overriding bean definition for bean 'dataSource' with a different definition: replacing [Root bean: class [null]; scope=refresh; abstract=false; lazyInit=false; autowireMode=3; dependencyCheck=0; autowireCandidate=false; primary=false; factoryBeanName=org.springframework.boot.autoconfigure.jdbc.DataSourceConfiguration$Hikari; factoryMethodName=dataSource; initMethodName=null; destroyMethodName=(inferred); defined in class path resource [org/springframework/boot/autoconfigure/jdbc/DataSourceConfiguration$Hikari.class]] with [Root bean: class [org.springframework.aop.scope.ScopedProxyFactoryBean]; scope=; abstract=false; lazyInit=false; autowireMode=0; dependencyCheck=0; autowireCandidate=true; primary=false; factoryBeanName=null; factoryMethodName=null; initMethodName=null; destroyMethodName=null; defined in BeanDefinition defined in class path resource [org/springframework/boot/autoconfigure/jdbc/DataSourceConfiguration$Hikari.class]]
5441 [Test worker] INFO  org.springframework.cloud.context.scope.GenericScope  – BeanFactory id=0cb40e0d-ae91-3a4e-9a0d-cdb6fd9a07d3
6352 [Test worker] INFO  org.springframework.context.support.PostProcessorRegistrationDelegate$BeanPostProcessorChecker  – Bean 'org.springframework.transaction.annotation.ProxyTransactionManagementConfiguration' of type [org.springframework.transaction.annotation.ProxyTransactionManagementConfiguration$$EnhancerBySpringCGLIB$$6228e36e] is not eligible for getting processed by all BeanPostProcessors (for example: not eligible for auto-proxying)
6474 [Test worker] INFO  org.springframework.context.support.PostProcessorRegistrationDelegate$BeanPostProcessorChecker  – Bean 'org.springframework.cloud.autoconfigure.ConfigurationPropertiesRebinderAutoConfiguration' of type [org.springframework.cloud.autoconfigure.ConfigurationPropertiesRebinderAutoConfiguration$$EnhancerBySpringCGLIB$$7e42e66b] is not eligible for getting processed by all BeanPostProcessors (for example: not eligible for auto-proxying)
2018-08-09 13:36:50.677  INFO 26020 --- [    Test worker] o.f.core.internal.util.VersionPrinter    : Flyway Community Edition 5.0.7 by Boxfuse
2018-08-09 13:36:50.766  INFO 26020 --- [    Test worker] com.zaxxer.hikari.HikariDataSource       : HikariPool-1 - Starting...
2018-08-09 13:36:51.038  INFO 26020 --- [    Test worker] com.zaxxer.hikari.HikariDataSource       : HikariPool-1 - Start completed.
2018-08-09 13:36:51.048  INFO 26020 --- [    Test worker] o.f.c.internal.database.DatabaseFactory  : Database: jdbc:h2:mem:testdb (H2 1.4)
2018-08-09 13:36:51.151  INFO 26020 --- [    Test worker] o.f.core.internal.command.DbValidate     : Successfully validated 1 migration (execution time 00:00.017s)
2018-08-09 13:36:51.166  INFO 26020 --- [    Test worker] o.f.c.i.s.JdbcTableSchemaHistory         : Creating Schema History table: "PUBLIC"."flyway_schema_history"
2018-08-09 13:36:51.198  INFO 26020 --- [    Test worker] o.f.core.internal.command.DbMigrate      : Current version of schema "PUBLIC": << Empty Schema >>
2018-08-09 13:36:51.214  INFO 26020 --- [    Test worker] o.f.core.internal.command.DbMigrate      : Migrating schema "PUBLIC" to version 0001 - init
2018-08-09 13:36:51.267  INFO 26020 --- [    Test worker] o.f.core.internal.command.DbMigrate      : Successfully applied 1 migration to schema "PUBLIC" (execution time 00:00.102s)
7608 [Test worker] INFO  org.springframework.orm.jpa.LocalContainerEntityManagerFactoryBean  – Building JPA container EntityManagerFactory for persistence unit 'default'
2018-08-09 13:36:51.588  INFO 26020 --- [    Test worker] o.hibernate.jpa.internal.util.LogHelper  : HHH000204: Processing PersistenceUnitInfo [
	name: default
	...]
2018-08-09 13:36:51.715  INFO 26020 --- [    Test worker] org.hibernate.Version                    : HHH000412: Hibernate Core {5.2.14.Final}
2018-08-09 13:36:51.717  INFO 26020 --- [    Test worker] org.hibernate.cfg.Environment            : HHH000206: hibernate.properties not found
2018-08-09 13:36:51.791  INFO 26020 --- [    Test worker] o.hibernate.annotations.common.Version   : HCANN000001: Hibernate Commons Annotations {5.0.1.Final}
2018-08-09 13:36:52.051  INFO 26020 --- [    Test worker] org.hibernate.dialect.Dialect            : HHH000400: Using dialect: org.hibernate.dialect.H2Dialect
9691 [Test worker] INFO  org.springframework.orm.jpa.LocalContainerEntityManagerFactoryBean  – Initialized JPA EntityManagerFactory for persistence unit 'default'
9771 [Test worker] INFO  org.springframework.context.annotation.AnnotationConfigApplicationContext  – Refreshing FeignContext-airlines: startup date [Thu Aug 09 13:36:53 CEST 2018]; parent: org.springframework.web.context.support.GenericWebApplicationContext@23a89810
11328 [Test worker] WARN  org.springframework.boot.autoconfigure.orm.jpa.JpaBaseConfiguration$JpaWebConfiguration$JpaWebMvcConfiguration  – spring.jpa.open-in-view is enabled by default. Therefore, database queries may be performed during view rendering. Explicitly configure spring.jpa.open-in-view to disable this warning
11418 [Test worker] INFO  org.springframework.web.servlet.mvc.method.annotation.RequestMappingHandlerMapping  – Mapped "{[/v1/agents/{code}],methods=[GET]}" onto public org.springframework.http.ResponseEntity<org.iata.bsplink.refund.dto.Agent> org.iata.bsplink.refund.controller.AgentController.getAgent(java.lang.String)
11420 [Test worker] INFO  org.springframework.web.servlet.mvc.method.annotation.RequestMappingHandlerMapping  – Mapped "{[/v1/airlines/{isoCountryCode}/{airlineCode}],methods=[GET]}" onto public org.springframework.http.ResponseEntity<org.iata.bsplink.refund.dto.Airline> org.iata.bsplink.refund.controller.AirlineController.getAirline(java.lang.String,java.lang.String)
11423 [Test worker] INFO  org.springframework.web.servlet.mvc.method.annotation.RequestMappingHandlerMapping  – Mapped "{[/v1/configurations/{isoc}],methods=[GET]}" onto public org.springframework.http.ResponseEntity<org.iata.bsplink.refund.model.entity.Config> org.iata.bsplink.refund.controller.ConfigController.getConfig(java.lang.String)
11423 [Test worker] INFO  org.springframework.web.servlet.mvc.method.annotation.RequestMappingHandlerMapping  – Mapped "{[/v1/configurations/isocs],methods=[GET]}" onto public org.springframework.http.ResponseEntity<java.util.List<java.lang.String>> org.iata.bsplink.refund.controller.ConfigController.getIsocs()
11424 [Test worker] INFO  org.springframework.web.servlet.mvc.method.annotation.RequestMappingHandlerMapping  – Mapped "{[/v1/configurations],methods=[GET]}" onto public org.springframework.http.ResponseEntity<java.util.List<org.iata.bsplink.refund.model.entity.Config>> org.iata.bsplink.refund.controller.ConfigController.getConfigs()
11424 [Test worker] INFO  org.springframework.web.servlet.mvc.method.annotation.RequestMappingHandlerMapping  – Mapped "{[/v1/configurations],methods=[POST]}" onto public org.springframework.http.ResponseEntity<org.iata.bsplink.refund.model.entity.Config> org.iata.bsplink.refund.controller.ConfigController.save(org.iata.bsplink.refund.model.entity.Config,org.springframework.validation.Errors)
11425 [Test worker] INFO  org.springframework.web.servlet.mvc.method.annotation.RequestMappingHandlerMapping  – Mapped "{[/v1/currencies/{isoc}],methods=[GET]}" onto public org.springframework.http.ResponseEntity<java.util.List<org.iata.bsplink.refund.fake.IsocCurrencies>> org.iata.bsplink.refund.controller.CurrenciesController.getCurrencies(java.lang.String)
11431 [Test worker] INFO  org.springframework.web.servlet.mvc.method.annotation.RequestMappingHandlerMapping  – Mapped "{[/v1/reasons/indirects/{id}],methods=[GET]}" onto public org.springframework.http.ResponseEntity<org.iata.bsplink.refund.model.entity.Reason> org.iata.bsplink.refund.controller.ReasonController.getReason(java.util.Optional<org.iata.bsplink.refund.model.entity.Reason>)
11432 [Test worker] INFO  org.springframework.web.servlet.mvc.method.annotation.RequestMappingHandlerMapping  – Mapped "{[/v1/reasons/indirects],methods=[POST]}" onto public org.springframework.http.ResponseEntity<org.iata.bsplink.refund.model.entity.Reason> org.iata.bsplink.refund.controller.ReasonController.createReason(org.iata.bsplink.refund.model.entity.Reason,org.springframework.validation.Errors)
11433 [Test worker] INFO  org.springframework.web.servlet.mvc.method.annotation.RequestMappingHandlerMapping  – Mapped "{[/v1/reasons/indirects],methods=[GET]}" onto public org.springframework.http.ResponseEntity<java.util.List<org.iata.bsplink.refund.model.entity.Reason>> org.iata.bsplink.refund.controller.ReasonController.getReasons()
11433 [Test worker] INFO  org.springframework.web.servlet.mvc.method.annotation.RequestMappingHandlerMapping  – Mapped "{[/v1/reasons/indirects],methods=[GET],params=[isoCountryCode && refundType]}" onto public org.springframework.http.ResponseEntity<java.util.List<org.iata.bsplink.refund.model.entity.Reason>> org.iata.bsplink.refund.controller.ReasonController.getReasonsByIsocAndType(java.lang.String,org.iata.bsplink.refund.model.entity.ReasonType)
11433 [Test worker] INFO  org.springframework.web.servlet.mvc.method.annotation.RequestMappingHandlerMapping  – Mapped "{[/v1/reasons/indirects],methods=[GET],params=[isoCountryCode]}" onto public org.springframework.http.ResponseEntity<java.util.List<org.iata.bsplink.refund.model.entity.Reason>> org.iata.bsplink.refund.controller.ReasonController.getReasonsByIsoc(java.lang.String)
11434 [Test worker] INFO  org.springframework.web.servlet.mvc.method.annotation.RequestMappingHandlerMapping  – Mapped "{[/v1/reasons/indirects/{id}],methods=[DELETE]}" onto public org.springframework.http.ResponseEntity<org.iata.bsplink.refund.model.entity.Reason> org.iata.bsplink.refund.controller.ReasonController.deleteReason(java.util.Optional<org.iata.bsplink.refund.model.entity.Reason>)
11434 [Test worker] INFO  org.springframework.web.servlet.mvc.method.annotation.RequestMappingHandlerMapping  – Mapped "{[/v1/reasons/indirects/{id}],methods=[PUT]}" onto public org.springframework.http.ResponseEntity<org.iata.bsplink.refund.model.entity.Reason> org.iata.bsplink.refund.controller.ReasonController.updateReason(java.lang.Long,org.iata.bsplink.refund.model.entity.Reason)
11443 [Test worker] INFO  org.springframework.web.servlet.mvc.method.annotation.RequestMappingHandlerMapping  – Mapped "{[/v1/refunds/indirects/{id}/files],methods=[GET]}" onto public org.springframework.http.ResponseEntity<java.util.List<org.iata.bsplink.refund.model.entity.BsplinkFile>> org.iata.bsplink.refund.controller.RefundController.getAllFilesForRefund(org.iata.bsplink.refund.model.entity.Refund)
11444 [Test worker] INFO  org.springframework.web.servlet.mvc.method.annotation.RequestMappingHandlerMapping  – Mapped "{[/v1/refunds/indirects/{id}/files],methods=[POST],consumes=[multipart/form-data]}" onto public org.springframework.http.ResponseEntity<java.util.List<org.iata.bsplink.refund.response.SimpleResponse>> org.iata.bsplink.refund.controller.RefundController.saveFiles(org.iata.bsplink.refund.model.entity.Refund,java.util.List<org.springframework.web.multipart.MultipartFile>)
11445 [Test worker] INFO  org.springframework.web.servlet.mvc.method.annotation.RequestMappingHandlerMapping  – Mapped "{[/v1/refunds/indirects],methods=[POST]}" onto public org.springframework.http.ResponseEntity<org.iata.bsplink.refund.model.entity.Refund> org.iata.bsplink.refund.controller.RefundController.saveRefund(org.iata.bsplink.refund.model.entity.Refund,org.springframework.validation.Errors)
11446 [Test worker] INFO  org.springframework.web.servlet.mvc.method.annotation.RequestMappingHandlerMapping  – Mapped "{[/v1/refunds/indirects/{id}],methods=[PUT]}" onto public org.springframework.http.ResponseEntity<org.iata.bsplink.refund.model.entity.Refund> org.iata.bsplink.refund.controller.RefundController.updateRefund(java.lang.Long,org.iata.bsplink.refund.model.entity.Refund,org.springframework.validation.Errors)
11446 [Test worker] INFO  org.springframework.web.servlet.mvc.method.annotation.RequestMappingHandlerMapping  – Mapped "{[/v1/refunds/indirects/{id}],methods=[DELETE]}" onto public org.springframework.http.ResponseEntity<org.iata.bsplink.refund.model.entity.Refund> org.iata.bsplink.refund.controller.RefundController.deleteRefund(java.util.Optional<org.iata.bsplink.refund.model.entity.Refund>)
11447 [Test worker] INFO  org.springframework.web.servlet.mvc.method.annotation.RequestMappingHandlerMapping  – Mapped "{[/v1/refunds/indirects/{id}/history],methods=[GET]}" onto public org.springframework.http.ResponseEntity<java.util.List<org.iata.bsplink.refund.model.entity.RefundHistory>> org.iata.bsplink.refund.controller.RefundController.getRefundHistory(java.util.Optional<org.iata.bsplink.refund.model.entity.Refund>)
11447 [Test worker] INFO  org.springframework.web.servlet.mvc.method.annotation.RequestMappingHandlerMapping  – Mapped "{[/v1/refunds/indirects/{id}/status],methods=[POST]}" onto public org.springframework.http.ResponseEntity<org.iata.bsplink.refund.model.entity.Refund> org.iata.bsplink.refund.controller.RefundController.changeRefundStatus(org.iata.bsplink.refund.model.entity.Refund,org.iata.bsplink.refund.dto.RefundStatusRequest,org.springframework.validation.Errors)
11448 [Test worker] INFO  org.springframework.web.servlet.mvc.method.annotation.RequestMappingHandlerMapping  – Mapped "{[/v1/refunds/indirects],methods=[GET],params=[isoCountryCode && airlineCode && ticketDocumentNumber]}" onto public org.springframework.http.ResponseEntity<org.iata.bsplink.refund.model.entity.Refund> org.iata.bsplink.refund.controller.RefundController.getRefundByIsoCountryCodeAirlineCodeTicketDocumentNumber(java.lang.String,java.lang.String,java.lang.String)
11448 [Test worker] INFO  org.springframework.web.servlet.mvc.method.annotation.RequestMappingHandlerMapping  – Mapped "{[/v1/refunds/indirects/{id}],methods=[PUT],params=[fileName]}" onto public org.springframework.http.ResponseEntity<org.iata.bsplink.refund.model.entity.Refund> org.iata.bsplink.refund.controller.RefundController.updateRefundViaMassload(java.lang.Long,java.lang.String,org.iata.bsplink.refund.model.entity.Refund,org.springframework.validation.Errors)
11449 [Test worker] INFO  org.springframework.web.servlet.mvc.method.annotation.RequestMappingHandlerMapping  – Mapped "{[/v1/refunds/indirects/{id}/status],methods=[POST],params=[fileName]}" onto public org.springframework.http.ResponseEntity<org.iata.bsplink.refund.model.entity.Refund> org.iata.bsplink.refund.controller.RefundController.changeRefundStatusViaMassload(java.lang.String,org.iata.bsplink.refund.model.entity.Refund,org.iata.bsplink.refund.dto.RefundStatusRequest,org.springframework.validation.Errors)
11449 [Test worker] INFO  org.springframework.web.servlet.mvc.method.annotation.RequestMappingHandlerMapping  – Mapped "{[/v1/refunds/indirects/{id}],methods=[GET]}" onto public org.springframework.http.ResponseEntity<org.iata.bsplink.refund.model.entity.Refund> org.iata.bsplink.refund.controller.RefundController.getRefund(java.util.Optional<org.iata.bsplink.refund.model.entity.Refund>)
11450 [Test worker] INFO  org.springframework.web.servlet.mvc.method.annotation.RequestMappingHandlerMapping  – Mapped "{[/v1/refunds/indirects],methods=[GET]}" onto public org.springframework.http.ResponseEntity<java.util.List<org.iata.bsplink.refund.model.entity.Refund>> org.iata.bsplink.refund.controller.RefundController.getRefunds()
11450 [Test worker] INFO  org.springframework.web.servlet.mvc.method.annotation.RequestMappingHandlerMapping  – Mapped "{[/v1/refunds/indirects/{id}/comments],methods=[GET],produces=[application/json;charset=UTF-8]}" onto public org.springframework.http.ResponseEntity<java.util.List<org.iata.bsplink.refund.model.entity.Comment>> org.iata.bsplink.refund.controller.RefundController.getAllCommentsForRefund(org.iata.bsplink.refund.model.entity.Refund)
11451 [Test worker] INFO  org.springframework.web.servlet.mvc.method.annotation.RequestMappingHandlerMapping  – Mapped "{[/v1/refunds/indirects/{id}/comments],methods=[POST]}" onto public org.springframework.http.ResponseEntity<org.iata.bsplink.refund.model.entity.Comment> org.iata.bsplink.refund.controller.RefundController.saveComment(org.iata.bsplink.refund.dto.CommentRequest,java.lang.Long)
11453 [Test worker] INFO  org.springframework.web.servlet.mvc.method.annotation.RequestMappingHandlerMapping  – Mapped "{[/v1/refunds/indirects/permissions],methods=[POST]}" onto public org.springframework.http.ResponseEntity<org.iata.bsplink.refund.model.entity.RefundIssuePermission> org.iata.bsplink.refund.controller.RefundIssuePermissionController.createRefundIssuePermission(org.iata.bsplink.refund.model.entity.RefundIssuePermission,org.springframework.validation.Errors)
11454 [Test worker] INFO  org.springframework.web.servlet.mvc.method.annotation.RequestMappingHandlerMapping  – Mapped "{[/v1/refunds/indirects/permissions],methods=[GET]}" onto public org.springframework.http.ResponseEntity<java.util.List<org.iata.bsplink.refund.model.entity.RefundIssuePermission>> org.iata.bsplink.refund.controller.RefundIssuePermissionController.getRefundIssuePermissions()
11454 [Test worker] INFO  org.springframework.web.servlet.mvc.method.annotation.RequestMappingHandlerMapping  – Mapped "{[/v1/refunds/indirects/permissions/{id}],methods=[DELETE]}" onto public org.springframework.http.ResponseEntity<org.iata.bsplink.refund.model.entity.RefundIssuePermission> org.iata.bsplink.refund.controller.RefundIssuePermissionController.deleteRefundIssuePermission(java.util.Optional<org.iata.bsplink.refund.model.entity.RefundIssuePermission>)
11456 [Test worker] INFO  org.springframework.web.servlet.mvc.method.annotation.RequestMappingHandlerMapping  – Mapped "{[/v1/refunds/indirects/permissions/{id}],methods=[GET]}" onto public org.springframework.http.ResponseEntity<org.iata.bsplink.refund.model.entity.RefundIssuePermission> org.iata.bsplink.refund.controller.RefundIssuePermissionController.getRefundIssuePermission(java.util.Optional<org.iata.bsplink.refund.model.entity.RefundIssuePermission>)
11456 [Test worker] INFO  org.springframework.web.servlet.mvc.method.annotation.RequestMappingHandlerMapping  – Mapped "{[/v1/refunds/indirects/permissions],methods=[GET],params=[isoCountryCode && airlineCode && agentCode]}" onto public org.springframework.http.ResponseEntity<org.iata.bsplink.refund.model.entity.RefundIssuePermission> org.iata.bsplink.refund.controller.RefundIssuePermissionController.getRefundIssuePermissionByIsoCountryCodeAndAirlineCodeAndAgentCode(java.lang.String,java.lang.String,java.lang.String)
11457 [Test worker] INFO  org.springframework.web.servlet.mvc.method.annotation.RequestMappingHandlerMapping  – Mapped "{[/v1/refunds/indirects/permissions],methods=[GET],params=[isoCountryCode && airlineCode]}" onto public org.springframework.http.ResponseEntity<java.util.List<org.iata.bsplink.refund.model.entity.RefundIssuePermission>> org.iata.bsplink.refund.controller.RefundIssuePermissionController.getRefundIssuePermissionByIsoCountryCodeAndAirlineCode(java.lang.String,java.lang.String)
11460 [Test worker] INFO  org.springframework.web.servlet.mvc.method.annotation.RequestMappingHandlerMapping  – Mapped "{[/swagger-resources/configuration/security]}" onto public org.springframework.http.ResponseEntity<springfox.documentation.swagger.web.SecurityConfiguration> springfox.documentation.swagger.web.ApiResourceController.securityConfiguration()
11461 [Test worker] INFO  org.springframework.web.servlet.mvc.method.annotation.RequestMappingHandlerMapping  – Mapped "{[/swagger-resources]}" onto public org.springframework.http.ResponseEntity<java.util.List<springfox.documentation.swagger.web.SwaggerResource>> springfox.documentation.swagger.web.ApiResourceController.swaggerResources()
11462 [Test worker] INFO  org.springframework.web.servlet.mvc.method.annotation.RequestMappingHandlerMapping  – Mapped "{[/swagger-resources/configuration/ui]}" onto public org.springframework.http.ResponseEntity<springfox.documentation.swagger.web.UiConfiguration> springfox.documentation.swagger.web.ApiResourceController.uiConfiguration()
11468 [Test worker] INFO  org.springframework.web.servlet.mvc.method.annotation.RequestMappingHandlerMapping  – Mapped "{[/error],produces=[text/html]}" onto public org.springframework.web.servlet.ModelAndView org.springframework.boot.autoconfigure.web.servlet.error.BasicErrorController.errorHtml(javax.servlet.http.HttpServletRequest,javax.servlet.http.HttpServletResponse)
11468 [Test worker] INFO  org.springframework.web.servlet.mvc.method.annotation.RequestMappingHandlerMapping  – Mapped "{[/error]}" onto public org.springframework.http.ResponseEntity<java.util.Map<java.lang.String, java.lang.Object>> org.springframework.boot.autoconfigure.web.servlet.error.BasicErrorController.error(javax.servlet.http.HttpServletRequest)
11638 [Test worker] INFO  springfox.documentation.spring.web.PropertySourcedRequestMappingHandlerMapping  – Mapped URL path [/v2/api-docs] onto method [public org.springframework.http.ResponseEntity<springfox.documentation.spring.web.json.Json> springfox.documentation.swagger2.web.Swagger2Controller.getDocumentation(java.lang.String,javax.servlet.http.HttpServletRequest)]
11892 [Test worker] INFO  org.springframework.boot.test.mock.web.SpringBootMockServletContext  – Initializing Spring FrameworkServlet ''
11893 [Test worker] INFO  org.springframework.test.web.servlet.TestDispatcherServlet  – FrameworkServlet '': initialization started
11962 [Test worker] INFO  org.springframework.web.servlet.handler.SimpleUrlHandlerMapping  – Mapped URL path [/webjars/**] onto handler of type [class org.springframework.web.servlet.resource.ResourceHttpRequestHandler]
11962 [Test worker] INFO  org.springframework.web.servlet.handler.SimpleUrlHandlerMapping  – Mapped URL path [/**] onto handler of type [class org.springframework.web.servlet.resource.ResourceHttpRequestHandler]
11995 [Test worker] INFO  org.springframework.web.servlet.handler.SimpleUrlHandlerMapping  – Mapped URL path [/**/favicon.ico] onto handler of type [class org.springframework.web.servlet.resource.ResourceHttpRequestHandler]
12349 [Test worker] INFO  org.springframework.web.servlet.mvc.method.annotation.RequestMappingHandlerAdapter  – Looking for @ControllerAdvice: org.springframework.web.context.support.GenericWebApplicationContext@23a89810: startup date [Thu Aug 09 13:36:47 CEST 2018]; parent: org.springframework.context.annotation.AnnotationConfigApplicationContext@2ae54f05
12449 [Test worker] INFO  org.springframework.web.servlet.mvc.method.annotation.ExceptionHandlerExceptionResolver  – Detected @ExceptionHandler methods in applicationExceptionHandler
12519 [Test worker] INFO  org.springframework.test.web.servlet.TestDispatcherServlet  – FrameworkServlet '': initialization completed in 626 ms
2018-08-09 13:36:56.623  WARN 26020 --- [    Test worker] c.n.c.sources.URLConfigurationSource     : No URLs will be polled as dynamic configuration sources.
2018-08-09 13:36:56.624  INFO 26020 --- [    Test worker] c.n.c.sources.URLConfigurationSource     : To enable URLs as dynamic configuration sources, define System property archaius.configurationSource.additionalUrls or make config.properties available on classpath.
2018-08-09 13:36:56.635  WARN 26020 --- [    Test worker] c.n.c.sources.URLConfigurationSource     : No URLs will be polled as dynamic configuration sources.
2018-08-09 13:36:56.635  INFO 26020 --- [    Test worker] c.n.c.sources.URLConfigurationSource     : To enable URLs as dynamic configuration sources, define System property archaius.configurationSource.additionalUrls or make config.properties available on classpath.
13159 [Test worker] INFO  org.springframework.context.support.DefaultLifecycleProcessor  – Starting beans in phase 2147483647
2018-08-09 13:36:57.110  INFO 26020 --- [    Test worker] d.s.w.p.DocumentationPluginsBootstrapper : Context refreshed
2018-08-09 13:36:57.147  INFO 26020 --- [    Test worker] d.s.w.p.DocumentationPluginsBootstrapper : Found 1 custom documentation plugin(s)
2018-08-09 13:36:57.220  INFO 26020 --- [    Test worker] s.d.s.w.s.ApiListingReferenceScanner     : Scanning for api listing references
13880 [Test worker] INFO  org.iata.bsplink.refund.controller.AgentControllerTest  – Started AgentControllerTest in 13.051 seconds (JVM running for 15.198)
]]></system-out>
  <system-err><![CDATA[]]></system-err>
</testsuite>
