<?xml version="1.0" encoding="UTF-8"?>
<testsuite name="org.iata.bsplink.refund.controller.ConfigControllerTest" tests="7" skipped="0" failures="0" errors="0" timestamp="2018-08-09T11:37:05" hostname="a2ljenkins1" time="0.611">
  <properties/>
  <testcase name="testGetIsocs" classname="org.iata.bsplink.refund.controller.ConfigControllerTest" time="0.335"/>
  <testcase name="testSave" classname="org.iata.bsplink.refund.controller.ConfigControllerTest" time="0.09"/>
  <testcase name="testValidatesConfig" classname="org.iata.bsplink.refund.controller.ConfigControllerTest" time="0.103"/>
  <testcase name="testReturnsSavedConfig" classname="org.iata.bsplink.refund.controller.ConfigControllerTest" time="0.012"/>
  <testcase name="testGetConfig" classname="org.iata.bsplink.refund.controller.ConfigControllerTest" time="0.024"/>
  <testcase name="testGetConfigs" classname="org.iata.bsplink.refund.controller.ConfigControllerTest" time="0.024"/>
  <testcase name="testReturnsDefaultWhenTryingToRetrieveNonExistentConfig" classname="org.iata.bsplink.refund.controller.ConfigControllerTest" time="0.019"/>
  <system-out><![CDATA[17989 [Test worker] INFO  org.springframework.boot.test.context.SpringBootTestContextBootstrapper  – Neither @ContextConfiguration nor @ContextHierarchy found for test class [org.iata.bsplink.refund.controller.ConfigControllerTest], using SpringBootContextLoader
17990 [Test worker] INFO  org.springframework.test.context.support.AbstractContextLoader  – Could not detect default resource locations for test class [org.iata.bsplink.refund.controller.ConfigControllerTest]: no resource found for suffixes {-context.xml, Context.groovy}.
17990 [Test worker] INFO  org.springframework.test.context.support.AnnotationConfigContextLoaderUtils  – Could not detect default configuration classes for test class [org.iata.bsplink.refund.controller.ConfigControllerTest]: ConfigControllerTest does not declare any static, non-private, non-final, nested classes annotated with @Configuration.
17999 [Test worker] INFO  org.springframework.boot.test.context.SpringBootTestContextBootstrapper  – Found @SpringBootConfiguration org.iata.bsplink.refund.Application for test class org.iata.bsplink.refund.controller.ConfigControllerTest
18001 [Test worker] INFO  org.springframework.boot.test.context.SpringBootTestContextBootstrapper  – Loaded default TestExecutionListener class names from location [META-INF/spring.factories]: [org.springframework.boot.test.autoconfigure.restdocs.RestDocsTestExecutionListener, org.springframework.boot.test.autoconfigure.web.client.MockRestServiceServerResetTestExecutionListener, org.springframework.boot.test.autoconfigure.web.servlet.MockMvcPrintOnlyOnFailureTestExecutionListener, org.springframework.boot.test.autoconfigure.web.servlet.WebDriverTestExecutionListener, org.springframework.boot.test.mock.mockito.MockitoTestExecutionListener, org.springframework.boot.test.mock.mockito.ResetMocksTestExecutionListener, org.springframework.test.context.web.ServletTestExecutionListener, org.springframework.test.context.support.DirtiesContextBeforeModesTestExecutionListener, org.springframework.test.context.support.DependencyInjectionTestExecutionListener, org.springframework.test.context.support.DirtiesContextTestExecutionListener, org.springframework.test.context.transaction.TransactionalTestExecutionListener, org.springframework.test.context.jdbc.SqlScriptsTestExecutionListener]
18001 [Test worker] INFO  org.springframework.boot.test.context.SpringBootTestContextBootstrapper  – Using TestExecutionListeners: [org.springframework.test.context.web.ServletTestExecutionListener@63d79fa6, org.springframework.test.context.support.DirtiesContextBeforeModesTestExecutionListener@5a43bcf2, org.springframework.boot.test.mock.mockito.MockitoTestExecutionListener@3ecac51b, org.springframework.boot.test.autoconfigure.SpringBootDependencyInjectionTestExecutionListener@197459a4, org.springframework.test.context.support.DirtiesContextTestExecutionListener@4681df83, org.springframework.test.context.transaction.TransactionalTestExecutionListener@1e24f8d, org.springframework.test.context.jdbc.SqlScriptsTestExecutionListener@6968b0b7, org.springframework.boot.test.autoconfigure.restdocs.RestDocsTestExecutionListener@526a7d47, org.springframework.boot.test.autoconfigure.web.client.MockRestServiceServerResetTestExecutionListener@1adfdd4e, org.springframework.boot.test.autoconfigure.web.servlet.MockMvcPrintOnlyOnFailureTestExecutionListener@95267bf, org.springframework.boot.test.autoconfigure.web.servlet.WebDriverTestExecutionListener@2593832a, org.springframework.boot.test.mock.mockito.ResetMocksTestExecutionListener@2492429a]
18049 [Test worker] INFO  org.springframework.context.annotation.AnnotationConfigApplicationContext  – Refreshing org.springframework.context.annotation.AnnotationConfigApplicationContext@3e9ce5e5: startup date [Thu Aug 09 13:37:02 CEST 2018]; root of context hierarchy
18092 [Test worker] INFO  org.springframework.context.support.PostProcessorRegistrationDelegate$BeanPostProcessorChecker  – Bean 'configurationPropertiesRebinderAutoConfiguration' of type [org.springframework.cloud.autoconfigure.ConfigurationPropertiesRebinderAutoConfiguration$$EnhancerBySpringCGLIB$$7e42e66b] is not eligible for getting processed by all BeanPostProcessors (for example: not eligible for auto-proxying)
  ____                  _   _           _        ____            __                       _ 
 | __ )   ___   _ __   | | (_)  _ __   | | __   |  _ \    ___   / _|  _   _   _ __     __| |
 |  _ \  / __| | '_ \  | | | | | '_ \  | |/ /   | |_) |  / _ \ | |_  | | | | | '_ \   / _` |
 | |_) | \__ \ | |_) | | | | | | | | | |   <    |  _ <  |  __/ |  _| | |_| | | | | | | (_| |
 |____/  |___/ | .__/  |_| |_| |_| |_| |_|\_\   |_| \_\  \___| |_|    \__,_| |_| |_|  \__,_|
               |_|     
                                                         
                                       
 :: bsplink-refund-management
18184 [Test worker] INFO  org.iata.bsplink.refund.controller.ConfigControllerTest  – No active profile set, falling back to default profiles: default
18186 [Test worker] INFO  org.springframework.web.context.support.GenericWebApplicationContext  – Refreshing org.springframework.web.context.support.GenericWebApplicationContext@686feea5: startup date [Thu Aug 09 13:37:02 CEST 2018]; parent: org.springframework.context.annotation.AnnotationConfigApplicationContext@3e9ce5e5
18645 [Test worker] INFO  org.springframework.beans.factory.support.DefaultListableBeanFactory  – Overriding bean definition for bean 'dataSource' with a different definition: replacing [Root bean: class [null]; scope=refresh; abstract=false; lazyInit=false; autowireMode=3; dependencyCheck=0; autowireCandidate=false; primary=false; factoryBeanName=org.springframework.boot.autoconfigure.jdbc.DataSourceConfiguration$Hikari; factoryMethodName=dataSource; initMethodName=null; destroyMethodName=(inferred); defined in class path resource [org/springframework/boot/autoconfigure/jdbc/DataSourceConfiguration$Hikari.class]] with [Root bean: class [org.springframework.aop.scope.ScopedProxyFactoryBean]; scope=; abstract=false; lazyInit=false; autowireMode=0; dependencyCheck=0; autowireCandidate=true; primary=false; factoryBeanName=null; factoryMethodName=null; initMethodName=null; destroyMethodName=null; defined in BeanDefinition defined in class path resource [org/springframework/boot/autoconfigure/jdbc/DataSourceConfiguration$Hikari.class]]
18659 [Test worker] INFO  org.springframework.cloud.context.scope.GenericScope  – BeanFactory id=0cb40e0d-ae91-3a4e-9a0d-cdb6fd9a07d3
18760 [Test worker] INFO  org.springframework.context.support.PostProcessorRegistrationDelegate$BeanPostProcessorChecker  – Bean 'org.springframework.transaction.annotation.ProxyTransactionManagementConfiguration' of type [org.springframework.transaction.annotation.ProxyTransactionManagementConfiguration$$EnhancerBySpringCGLIB$$6228e36e] is not eligible for getting processed by all BeanPostProcessors (for example: not eligible for auto-proxying)
18783 [Test worker] INFO  org.springframework.context.support.PostProcessorRegistrationDelegate$BeanPostProcessorChecker  – Bean 'org.springframework.cloud.autoconfigure.ConfigurationPropertiesRebinderAutoConfiguration' of type [org.springframework.cloud.autoconfigure.ConfigurationPropertiesRebinderAutoConfiguration$$EnhancerBySpringCGLIB$$7e42e66b] is not eligible for getting processed by all BeanPostProcessors (for example: not eligible for auto-proxying)
2018-08-09 13:37:02.871  INFO 26020 --- [    Test worker] com.zaxxer.hikari.HikariDataSource       : HikariPool-3 - Starting...
2018-08-09 13:37:02.875  INFO 26020 --- [    Test worker] com.zaxxer.hikari.HikariDataSource       : HikariPool-3 - Start completed.
2018-08-09 13:37:02.875  INFO 26020 --- [    Test worker] o.f.c.internal.database.DatabaseFactory  : Database: jdbc:h2:mem:testdb (H2 1.4)
2018-08-09 13:37:02.880  INFO 26020 --- [    Test worker] o.f.core.internal.command.DbValidate     : Successfully validated 1 migration (execution time 00:00.003s)
2018-08-09 13:37:02.897  INFO 26020 --- [    Test worker] o.f.core.internal.command.DbMigrate      : Current version of schema "PUBLIC": 0001
2018-08-09 13:37:02.898  INFO 26020 --- [    Test worker] o.f.core.internal.command.DbMigrate      : Schema "PUBLIC" is up to date. No migration necessary.
19024 [Test worker] INFO  org.springframework.orm.jpa.LocalContainerEntityManagerFactoryBean  – Building JPA container EntityManagerFactory for persistence unit 'default'
2018-08-09 13:37:02.975  INFO 26020 --- [    Test worker] o.hibernate.jpa.internal.util.LogHelper  : HHH000204: Processing PersistenceUnitInfo [
	name: default
	...]
2018-08-09 13:37:02.988  INFO 26020 --- [    Test worker] org.hibernate.dialect.Dialect            : HHH000400: Using dialect: org.hibernate.dialect.H2Dialect
19237 [Test worker] INFO  org.springframework.orm.jpa.LocalContainerEntityManagerFactoryBean  – Initialized JPA EntityManagerFactory for persistence unit 'default'
19273 [Test worker] INFO  org.springframework.context.annotation.AnnotationConfigApplicationContext  – Refreshing FeignContext-agents: startup date [Thu Aug 09 13:37:03 CEST 2018]; parent: org.springframework.web.context.support.GenericWebApplicationContext@686feea5
19411 [Test worker] INFO  org.springframework.context.annotation.AnnotationConfigApplicationContext  – Refreshing FeignContext-airlines: startup date [Thu Aug 09 13:37:03 CEST 2018]; parent: org.springframework.web.context.support.GenericWebApplicationContext@686feea5
19864 [Test worker] WARN  org.springframework.boot.autoconfigure.orm.jpa.JpaBaseConfiguration$JpaWebConfiguration$JpaWebMvcConfiguration  – spring.jpa.open-in-view is enabled by default. Therefore, database queries may be performed during view rendering. Explicitly configure spring.jpa.open-in-view to disable this warning
19899 [Test worker] INFO  org.springframework.web.servlet.mvc.method.annotation.RequestMappingHandlerMapping  – Mapped "{[/v1/agents/{code}],methods=[GET]}" onto public org.springframework.http.ResponseEntity<org.iata.bsplink.refund.dto.Agent> org.iata.bsplink.refund.controller.AgentController.getAgent(java.lang.String)
19900 [Test worker] INFO  org.springframework.web.servlet.mvc.method.annotation.RequestMappingHandlerMapping  – Mapped "{[/v1/airlines/{isoCountryCode}/{airlineCode}],methods=[GET]}" onto public org.springframework.http.ResponseEntity<org.iata.bsplink.refund.dto.Airline> org.iata.bsplink.refund.controller.AirlineController.getAirline(java.lang.String,java.lang.String)
19901 [Test worker] INFO  org.springframework.web.servlet.mvc.method.annotation.RequestMappingHandlerMapping  – Mapped "{[/v1/configurations/{isoc}],methods=[GET]}" onto public org.springframework.http.ResponseEntity<org.iata.bsplink.refund.model.entity.Config> org.iata.bsplink.refund.controller.ConfigController.getConfig(java.lang.String)
19901 [Test worker] INFO  org.springframework.web.servlet.mvc.method.annotation.RequestMappingHandlerMapping  – Mapped "{[/v1/configurations/isocs],methods=[GET]}" onto public org.springframework.http.ResponseEntity<java.util.List<java.lang.String>> org.iata.bsplink.refund.controller.ConfigController.getIsocs()
19901 [Test worker] INFO  org.springframework.web.servlet.mvc.method.annotation.RequestMappingHandlerMapping  – Mapped "{[/v1/configurations],methods=[GET]}" onto public org.springframework.http.ResponseEntity<java.util.List<org.iata.bsplink.refund.model.entity.Config>> org.iata.bsplink.refund.controller.ConfigController.getConfigs()
19902 [Test worker] INFO  org.springframework.web.servlet.mvc.method.annotation.RequestMappingHandlerMapping  – Mapped "{[/v1/configurations],methods=[POST]}" onto public org.springframework.http.ResponseEntity<org.iata.bsplink.refund.model.entity.Config> org.iata.bsplink.refund.controller.ConfigController.save(org.iata.bsplink.refund.model.entity.Config,org.springframework.validation.Errors)
19902 [Test worker] INFO  org.springframework.web.servlet.mvc.method.annotation.RequestMappingHandlerMapping  – Mapped "{[/v1/currencies/{isoc}],methods=[GET]}" onto public org.springframework.http.ResponseEntity<java.util.List<org.iata.bsplink.refund.fake.IsocCurrencies>> org.iata.bsplink.refund.controller.CurrenciesController.getCurrencies(java.lang.String)
19910 [Test worker] INFO  org.springframework.web.servlet.mvc.method.annotation.RequestMappingHandlerMapping  – Mapped "{[/v1/reasons/indirects/{id}],methods=[GET]}" onto public org.springframework.http.ResponseEntity<org.iata.bsplink.refund.model.entity.Reason> org.iata.bsplink.refund.controller.ReasonController.getReason(java.util.Optional<org.iata.bsplink.refund.model.entity.Reason>)
19910 [Test worker] INFO  org.springframework.web.servlet.mvc.method.annotation.RequestMappingHandlerMapping  – Mapped "{[/v1/reasons/indirects],methods=[POST]}" onto public org.springframework.http.ResponseEntity<org.iata.bsplink.refund.model.entity.Reason> org.iata.bsplink.refund.controller.ReasonController.createReason(org.iata.bsplink.refund.model.entity.Reason,org.springframework.validation.Errors)
19911 [Test worker] INFO  org.springframework.web.servlet.mvc.method.annotation.RequestMappingHandlerMapping  – Mapped "{[/v1/reasons/indirects],methods=[GET]}" onto public org.springframework.http.ResponseEntity<java.util.List<org.iata.bsplink.refund.model.entity.Reason>> org.iata.bsplink.refund.controller.ReasonController.getReasons()
19911 [Test worker] INFO  org.springframework.web.servlet.mvc.method.annotation.RequestMappingHandlerMapping  – Mapped "{[/v1/reasons/indirects],methods=[GET],params=[isoCountryCode && refundType]}" onto public org.springframework.http.ResponseEntity<java.util.List<org.iata.bsplink.refund.model.entity.Reason>> org.iata.bsplink.refund.controller.ReasonController.getReasonsByIsocAndType(java.lang.String,org.iata.bsplink.refund.model.entity.ReasonType)
19911 [Test worker] INFO  org.springframework.web.servlet.mvc.method.annotation.RequestMappingHandlerMapping  – Mapped "{[/v1/reasons/indirects],methods=[GET],params=[isoCountryCode]}" onto public org.springframework.http.ResponseEntity<java.util.List<org.iata.bsplink.refund.model.entity.Reason>> org.iata.bsplink.refund.controller.ReasonController.getReasonsByIsoc(java.lang.String)
19912 [Test worker] INFO  org.springframework.web.servlet.mvc.method.annotation.RequestMappingHandlerMapping  – Mapped "{[/v1/reasons/indirects/{id}],methods=[DELETE]}" onto public org.springframework.http.ResponseEntity<org.iata.bsplink.refund.model.entity.Reason> org.iata.bsplink.refund.controller.ReasonController.deleteReason(java.util.Optional<org.iata.bsplink.refund.model.entity.Reason>)
19912 [Test worker] INFO  org.springframework.web.servlet.mvc.method.annotation.RequestMappingHandlerMapping  – Mapped "{[/v1/reasons/indirects/{id}],methods=[PUT]}" onto public org.springframework.http.ResponseEntity<org.iata.bsplink.refund.model.entity.Reason> org.iata.bsplink.refund.controller.ReasonController.updateReason(java.lang.Long,org.iata.bsplink.refund.model.entity.Reason)
19915 [Test worker] INFO  org.springframework.web.servlet.mvc.method.annotation.RequestMappingHandlerMapping  – Mapped "{[/v1/refunds/indirects/{id}/files],methods=[GET]}" onto public org.springframework.http.ResponseEntity<java.util.List<org.iata.bsplink.refund.model.entity.BsplinkFile>> org.iata.bsplink.refund.controller.RefundController.getAllFilesForRefund(org.iata.bsplink.refund.model.entity.Refund)
19916 [Test worker] INFO  org.springframework.web.servlet.mvc.method.annotation.RequestMappingHandlerMapping  – Mapped "{[/v1/refunds/indirects/{id}/files],methods=[POST],consumes=[multipart/form-data]}" onto public org.springframework.http.ResponseEntity<java.util.List<org.iata.bsplink.refund.response.SimpleResponse>> org.iata.bsplink.refund.controller.RefundController.saveFiles(org.iata.bsplink.refund.model.entity.Refund,java.util.List<org.springframework.web.multipart.MultipartFile>)
19916 [Test worker] INFO  org.springframework.web.servlet.mvc.method.annotation.RequestMappingHandlerMapping  – Mapped "{[/v1/refunds/indirects],methods=[POST]}" onto public org.springframework.http.ResponseEntity<org.iata.bsplink.refund.model.entity.Refund> org.iata.bsplink.refund.controller.RefundController.saveRefund(org.iata.bsplink.refund.model.entity.Refund,org.springframework.validation.Errors)
19916 [Test worker] INFO  org.springframework.web.servlet.mvc.method.annotation.RequestMappingHandlerMapping  – Mapped "{[/v1/refunds/indirects/{id}],methods=[PUT]}" onto public org.springframework.http.ResponseEntity<org.iata.bsplink.refund.model.entity.Refund> org.iata.bsplink.refund.controller.RefundController.updateRefund(java.lang.Long,org.iata.bsplink.refund.model.entity.Refund,org.springframework.validation.Errors)
19916 [Test worker] INFO  org.springframework.web.servlet.mvc.method.annotation.RequestMappingHandlerMapping  – Mapped "{[/v1/refunds/indirects/{id}],methods=[DELETE]}" onto public org.springframework.http.ResponseEntity<org.iata.bsplink.refund.model.entity.Refund> org.iata.bsplink.refund.controller.RefundController.deleteRefund(java.util.Optional<org.iata.bsplink.refund.model.entity.Refund>)
19917 [Test worker] INFO  org.springframework.web.servlet.mvc.method.annotation.RequestMappingHandlerMapping  – Mapped "{[/v1/refunds/indirects/{id}/history],methods=[GET]}" onto public org.springframework.http.ResponseEntity<java.util.List<org.iata.bsplink.refund.model.entity.RefundHistory>> org.iata.bsplink.refund.controller.RefundController.getRefundHistory(java.util.Optional<org.iata.bsplink.refund.model.entity.Refund>)
19917 [Test worker] INFO  org.springframework.web.servlet.mvc.method.annotation.RequestMappingHandlerMapping  – Mapped "{[/v1/refunds/indirects/{id}/status],methods=[POST]}" onto public org.springframework.http.ResponseEntity<org.iata.bsplink.refund.model.entity.Refund> org.iata.bsplink.refund.controller.RefundController.changeRefundStatus(org.iata.bsplink.refund.model.entity.Refund,org.iata.bsplink.refund.dto.RefundStatusRequest,org.springframework.validation.Errors)
19917 [Test worker] INFO  org.springframework.web.servlet.mvc.method.annotation.RequestMappingHandlerMapping  – Mapped "{[/v1/refunds/indirects],methods=[GET],params=[isoCountryCode && airlineCode && ticketDocumentNumber]}" onto public org.springframework.http.ResponseEntity<org.iata.bsplink.refund.model.entity.Refund> org.iata.bsplink.refund.controller.RefundController.getRefundByIsoCountryCodeAirlineCodeTicketDocumentNumber(java.lang.String,java.lang.String,java.lang.String)
19918 [Test worker] INFO  org.springframework.web.servlet.mvc.method.annotation.RequestMappingHandlerMapping  – Mapped "{[/v1/refunds/indirects/{id}],methods=[PUT],params=[fileName]}" onto public org.springframework.http.ResponseEntity<org.iata.bsplink.refund.model.entity.Refund> org.iata.bsplink.refund.controller.RefundController.updateRefundViaMassload(java.lang.Long,java.lang.String,org.iata.bsplink.refund.model.entity.Refund,org.springframework.validation.Errors)
19918 [Test worker] INFO  org.springframework.web.servlet.mvc.method.annotation.RequestMappingHandlerMapping  – Mapped "{[/v1/refunds/indirects/{id}/status],methods=[POST],params=[fileName]}" onto public org.springframework.http.ResponseEntity<org.iata.bsplink.refund.model.entity.Refund> org.iata.bsplink.refund.controller.RefundController.changeRefundStatusViaMassload(java.lang.String,org.iata.bsplink.refund.model.entity.Refund,org.iata.bsplink.refund.dto.RefundStatusRequest,org.springframework.validation.Errors)
19918 [Test worker] INFO  org.springframework.web.servlet.mvc.method.annotation.RequestMappingHandlerMapping  – Mapped "{[/v1/refunds/indirects/{id}],methods=[GET]}" onto public org.springframework.http.ResponseEntity<org.iata.bsplink.refund.model.entity.Refund> org.iata.bsplink.refund.controller.RefundController.getRefund(java.util.Optional<org.iata.bsplink.refund.model.entity.Refund>)
19923 [Test worker] INFO  org.springframework.web.servlet.mvc.method.annotation.RequestMappingHandlerMapping  – Mapped "{[/v1/refunds/indirects],methods=[GET]}" onto public org.springframework.http.ResponseEntity<java.util.List<org.iata.bsplink.refund.model.entity.Refund>> org.iata.bsplink.refund.controller.RefundController.getRefunds()
19923 [Test worker] INFO  org.springframework.web.servlet.mvc.method.annotation.RequestMappingHandlerMapping  – Mapped "{[/v1/refunds/indirects/{id}/comments],methods=[GET],produces=[application/json;charset=UTF-8]}" onto public org.springframework.http.ResponseEntity<java.util.List<org.iata.bsplink.refund.model.entity.Comment>> org.iata.bsplink.refund.controller.RefundController.getAllCommentsForRefund(org.iata.bsplink.refund.model.entity.Refund)
19923 [Test worker] INFO  org.springframework.web.servlet.mvc.method.annotation.RequestMappingHandlerMapping  – Mapped "{[/v1/refunds/indirects/{id}/comments],methods=[POST]}" onto public org.springframework.http.ResponseEntity<org.iata.bsplink.refund.model.entity.Comment> org.iata.bsplink.refund.controller.RefundController.saveComment(org.iata.bsplink.refund.dto.CommentRequest,java.lang.Long)
19925 [Test worker] INFO  org.springframework.web.servlet.mvc.method.annotation.RequestMappingHandlerMapping  – Mapped "{[/v1/refunds/indirects/permissions],methods=[POST]}" onto public org.springframework.http.ResponseEntity<org.iata.bsplink.refund.model.entity.RefundIssuePermission> org.iata.bsplink.refund.controller.RefundIssuePermissionController.createRefundIssuePermission(org.iata.bsplink.refund.model.entity.RefundIssuePermission,org.springframework.validation.Errors)
19925 [Test worker] INFO  org.springframework.web.servlet.mvc.method.annotation.RequestMappingHandlerMapping  – Mapped "{[/v1/refunds/indirects/permissions],methods=[GET]}" onto public org.springframework.http.ResponseEntity<java.util.List<org.iata.bsplink.refund.model.entity.RefundIssuePermission>> org.iata.bsplink.refund.controller.RefundIssuePermissionController.getRefundIssuePermissions()
19926 [Test worker] INFO  org.springframework.web.servlet.mvc.method.annotation.RequestMappingHandlerMapping  – Mapped "{[/v1/refunds/indirects/permissions/{id}],methods=[DELETE]}" onto public org.springframework.http.ResponseEntity<org.iata.bsplink.refund.model.entity.RefundIssuePermission> org.iata.bsplink.refund.controller.RefundIssuePermissionController.deleteRefundIssuePermission(java.util.Optional<org.iata.bsplink.refund.model.entity.RefundIssuePermission>)
19926 [Test worker] INFO  org.springframework.web.servlet.mvc.method.annotation.RequestMappingHandlerMapping  – Mapped "{[/v1/refunds/indirects/permissions/{id}],methods=[GET]}" onto public org.springframework.http.ResponseEntity<org.iata.bsplink.refund.model.entity.RefundIssuePermission> org.iata.bsplink.refund.controller.RefundIssuePermissionController.getRefundIssuePermission(java.util.Optional<org.iata.bsplink.refund.model.entity.RefundIssuePermission>)
19926 [Test worker] INFO  org.springframework.web.servlet.mvc.method.annotation.RequestMappingHandlerMapping  – Mapped "{[/v1/refunds/indirects/permissions],methods=[GET],params=[isoCountryCode && airlineCode && agentCode]}" onto public org.springframework.http.ResponseEntity<org.iata.bsplink.refund.model.entity.RefundIssuePermission> org.iata.bsplink.refund.controller.RefundIssuePermissionController.getRefundIssuePermissionByIsoCountryCodeAndAirlineCodeAndAgentCode(java.lang.String,java.lang.String,java.lang.String)
19926 [Test worker] INFO  org.springframework.web.servlet.mvc.method.annotation.RequestMappingHandlerMapping  – Mapped "{[/v1/refunds/indirects/permissions],methods=[GET],params=[isoCountryCode && airlineCode]}" onto public org.springframework.http.ResponseEntity<java.util.List<org.iata.bsplink.refund.model.entity.RefundIssuePermission>> org.iata.bsplink.refund.controller.RefundIssuePermissionController.getRefundIssuePermissionByIsoCountryCodeAndAirlineCode(java.lang.String,java.lang.String)
19928 [Test worker] INFO  org.springframework.web.servlet.mvc.method.annotation.RequestMappingHandlerMapping  – Mapped "{[/swagger-resources/configuration/security]}" onto public org.springframework.http.ResponseEntity<springfox.documentation.swagger.web.SecurityConfiguration> springfox.documentation.swagger.web.ApiResourceController.securityConfiguration()
19928 [Test worker] INFO  org.springframework.web.servlet.mvc.method.annotation.RequestMappingHandlerMapping  – Mapped "{[/swagger-resources]}" onto public org.springframework.http.ResponseEntity<java.util.List<springfox.documentation.swagger.web.SwaggerResource>> springfox.documentation.swagger.web.ApiResourceController.swaggerResources()
19928 [Test worker] INFO  org.springframework.web.servlet.mvc.method.annotation.RequestMappingHandlerMapping  – Mapped "{[/swagger-resources/configuration/ui]}" onto public org.springframework.http.ResponseEntity<springfox.documentation.swagger.web.UiConfiguration> springfox.documentation.swagger.web.ApiResourceController.uiConfiguration()
19931 [Test worker] INFO  org.springframework.web.servlet.mvc.method.annotation.RequestMappingHandlerMapping  – Mapped "{[/error],produces=[text/html]}" onto public org.springframework.web.servlet.ModelAndView org.springframework.boot.autoconfigure.web.servlet.error.BasicErrorController.errorHtml(javax.servlet.http.HttpServletRequest,javax.servlet.http.HttpServletResponse)
19931 [Test worker] INFO  org.springframework.web.servlet.mvc.method.annotation.RequestMappingHandlerMapping  – Mapped "{[/error]}" onto public org.springframework.http.ResponseEntity<java.util.Map<java.lang.String, java.lang.Object>> org.springframework.boot.autoconfigure.web.servlet.error.BasicErrorController.error(javax.servlet.http.HttpServletRequest)
20034 [Test worker] INFO  springfox.documentation.spring.web.PropertySourcedRequestMappingHandlerMapping  – Mapped URL path [/v2/api-docs] onto method [public org.springframework.http.ResponseEntity<springfox.documentation.spring.web.json.Json> springfox.documentation.swagger2.web.Swagger2Controller.getDocumentation(java.lang.String,javax.servlet.http.HttpServletRequest)]
20151 [Test worker] INFO  org.springframework.boot.test.mock.web.SpringBootMockServletContext  – Initializing Spring FrameworkServlet ''
20151 [Test worker] INFO  org.springframework.test.web.servlet.TestDispatcherServlet  – FrameworkServlet '': initialization started
20192 [Test worker] INFO  org.springframework.web.servlet.handler.SimpleUrlHandlerMapping  – Mapped URL path [/webjars/**] onto handler of type [class org.springframework.web.servlet.resource.ResourceHttpRequestHandler]
20192 [Test worker] INFO  org.springframework.web.servlet.handler.SimpleUrlHandlerMapping  – Mapped URL path [/**] onto handler of type [class org.springframework.web.servlet.resource.ResourceHttpRequestHandler]
20215 [Test worker] INFO  org.springframework.web.servlet.handler.SimpleUrlHandlerMapping  – Mapped URL path [/**/favicon.ico] onto handler of type [class org.springframework.web.servlet.resource.ResourceHttpRequestHandler]
20366 [Test worker] INFO  org.springframework.web.servlet.mvc.method.annotation.RequestMappingHandlerAdapter  – Looking for @ControllerAdvice: org.springframework.web.context.support.GenericWebApplicationContext@686feea5: startup date [Thu Aug 09 13:37:02 CEST 2018]; parent: org.springframework.context.annotation.AnnotationConfigApplicationContext@3e9ce5e5
20409 [Test worker] INFO  org.springframework.web.servlet.mvc.method.annotation.ExceptionHandlerExceptionResolver  – Detected @ExceptionHandler methods in applicationExceptionHandler
20448 [Test worker] INFO  org.springframework.test.web.servlet.TestDispatcherServlet  – FrameworkServlet '': initialization completed in 297 ms
20497 [Test worker] WARN  org.springframework.cloud.netflix.archaius.ArchaiusAutoConfiguration  – Netflix ConfigurationManager has already been installed, unable to re-install
20759 [Test worker] INFO  org.springframework.context.support.DefaultLifecycleProcessor  – Starting beans in phase 2147483647
2018-08-09 13:37:04.711  INFO 26020 --- [    Test worker] d.s.w.p.DocumentationPluginsBootstrapper : Context refreshed
2018-08-09 13:37:04.712  INFO 26020 --- [    Test worker] d.s.w.p.DocumentationPluginsBootstrapper : Found 1 custom documentation plugin(s)
2018-08-09 13:37:04.733  INFO 26020 --- [    Test worker] s.d.s.w.s.ApiListingReferenceScanner     : Scanning for api listing references
21050 [Test worker] INFO  org.iata.bsplink.refund.controller.ConfigControllerTest  – Started ConfigControllerTest in 3.047 seconds (JVM running for 22.368)
21089 [Test worker] INFO  org.springframework.test.context.transaction.TransactionContext  – Began transaction (1) for test context [DefaultTestContext@618de62a testClass = ConfigControllerTest, testInstance = org.iata.bsplink.refund.controller.ConfigControllerTest@6e21b312, testMethod = testGetIsocs@ConfigControllerTest, testException = [null], mergedContextConfiguration = [WebMergedContextConfiguration@76b39014 testClass = ConfigControllerTest, locations = '{}', classes = '{class org.iata.bsplink.refund.Application}', contextInitializerClasses = '[]', activeProfiles = '{}', propertySourceLocations = '{}', propertySourceProperties = '{org.springframework.boot.test.context.SpringBootTestContextBootstrapper=true}', contextCustomizers = set[org.springframework.boot.test.autoconfigure.properties.PropertyMappingContextCustomizer@e7e8512, org.springframework.boot.test.autoconfigure.web.servlet.WebDriverContextCustomizerFactory$Customizer@4ece6cea, [ImportsContextCustomizer@628361e7 key = [org.springframework.boot.test.autoconfigure.web.servlet.MockMvcAutoConfiguration, org.springframework.boot.test.autoconfigure.web.servlet.MockMvcSecurityAutoConfiguration, org.springframework.boot.test.autoconfigure.web.servlet.MockMvcWebClientAutoConfiguration, org.springframework.boot.test.autoconfigure.web.servlet.MockMvcWebDriverAutoConfiguration]], org.springframework.boot.test.context.filter.ExcludeFilterContextCustomizer@7c81a5a0, org.springframework.boot.test.json.DuplicateJsonObjectContextCustomizerFactory$DuplicateJsonObjectContextCustomizer@2dc9c285, org.springframework.boot.test.mock.mockito.MockitoContextCustomizer@0, org.springframework.boot.test.web.client.TestRestTemplateContextCustomizer@794b4b8d], resourceBasePath = 'src/main/webapp', contextLoader = 'org.springframework.boot.test.context.SpringBootContextLoader', parent = [null]], attributes = map['org.springframework.test.context.web.ServletTestExecutionListener.activateListener' -> true, 'org.springframework.test.context.web.ServletTestExecutionListener.populatedRequestContextHolder' -> true, 'org.springframework.test.context.web.ServletTestExecutionListener.resetRequestContextHolder' -> true]]; transaction manager [org.springframework.orm.jpa.JpaTransactionManager@3d6a1f01]; rollback [true]
2018-08-09 13:37:05.207  INFO 26020 --- [    Test worker] o.h.h.i.QueryTranslatorFactoryInitiator  : HHH000397: Using ASTQueryTranslatorFactory
21411 [Test worker] INFO  org.springframework.test.context.transaction.TransactionContext  – Rolled back transaction for test context [DefaultTestContext@618de62a testClass = ConfigControllerTest, testInstance = org.iata.bsplink.refund.controller.ConfigControllerTest@6e21b312, testMethod = testGetIsocs@ConfigControllerTest, testException = [null], mergedContextConfiguration = [WebMergedContextConfiguration@76b39014 testClass = ConfigControllerTest, locations = '{}', classes = '{class org.iata.bsplink.refund.Application}', contextInitializerClasses = '[]', activeProfiles = '{}', propertySourceLocations = '{}', propertySourceProperties = '{org.springframework.boot.test.context.SpringBootTestContextBootstrapper=true}', contextCustomizers = set[org.springframework.boot.test.autoconfigure.properties.PropertyMappingContextCustomizer@e7e8512, org.springframework.boot.test.autoconfigure.web.servlet.WebDriverContextCustomizerFactory$Customizer@4ece6cea, [ImportsContextCustomizer@628361e7 key = [org.springframework.boot.test.autoconfigure.web.servlet.MockMvcAutoConfiguration, org.springframework.boot.test.autoconfigure.web.servlet.MockMvcSecurityAutoConfiguration, org.springframework.boot.test.autoconfigure.web.servlet.MockMvcWebClientAutoConfiguration, org.springframework.boot.test.autoconfigure.web.servlet.MockMvcWebDriverAutoConfiguration]], org.springframework.boot.test.context.filter.ExcludeFilterContextCustomizer@7c81a5a0, org.springframework.boot.test.json.DuplicateJsonObjectContextCustomizerFactory$DuplicateJsonObjectContextCustomizer@2dc9c285, org.springframework.boot.test.mock.mockito.MockitoContextCustomizer@0, org.springframework.boot.test.web.client.TestRestTemplateContextCustomizer@794b4b8d], resourceBasePath = 'src/main/webapp', contextLoader = 'org.springframework.boot.test.context.SpringBootContextLoader', parent = [null]], attributes = map['org.springframework.test.context.web.ServletTestExecutionListener.activateListener' -> true, 'org.springframework.test.context.web.ServletTestExecutionListener.populatedRequestContextHolder' -> true, 'org.springframework.test.context.web.ServletTestExecutionListener.resetRequestContextHolder' -> true]].
21414 [Test worker] INFO  org.springframework.test.context.transaction.TransactionContext  – Began transaction (1) for test context [DefaultTestContext@618de62a testClass = ConfigControllerTest, testInstance = org.iata.bsplink.refund.controller.ConfigControllerTest@58c7276d, testMethod = testSave@ConfigControllerTest, testException = [null], mergedContextConfiguration = [WebMergedContextConfiguration@76b39014 testClass = ConfigControllerTest, locations = '{}', classes = '{class org.iata.bsplink.refund.Application}', contextInitializerClasses = '[]', activeProfiles = '{}', propertySourceLocations = '{}', propertySourceProperties = '{org.springframework.boot.test.context.SpringBootTestContextBootstrapper=true}', contextCustomizers = set[org.springframework.boot.test.autoconfigure.properties.PropertyMappingContextCustomizer@e7e8512, org.springframework.boot.test.autoconfigure.web.servlet.WebDriverContextCustomizerFactory$Customizer@4ece6cea, [ImportsContextCustomizer@628361e7 key = [org.springframework.boot.test.autoconfigure.web.servlet.MockMvcAutoConfiguration, org.springframework.boot.test.autoconfigure.web.servlet.MockMvcSecurityAutoConfiguration, org.springframework.boot.test.autoconfigure.web.servlet.MockMvcWebClientAutoConfiguration, org.springframework.boot.test.autoconfigure.web.servlet.MockMvcWebDriverAutoConfiguration]], org.springframework.boot.test.context.filter.ExcludeFilterContextCustomizer@7c81a5a0, org.springframework.boot.test.json.DuplicateJsonObjectContextCustomizerFactory$DuplicateJsonObjectContextCustomizer@2dc9c285, org.springframework.boot.test.mock.mockito.MockitoContextCustomizer@0, org.springframework.boot.test.web.client.TestRestTemplateContextCustomizer@794b4b8d], resourceBasePath = 'src/main/webapp', contextLoader = 'org.springframework.boot.test.context.SpringBootContextLoader', parent = [null]], attributes = map['org.springframework.test.context.web.ServletTestExecutionListener.activateListener' -> true, 'org.springframework.test.context.web.ServletTestExecutionListener.populatedRequestContextHolder' -> true, 'org.springframework.test.context.web.ServletTestExecutionListener.resetRequestContextHolder' -> true]]; transaction manager [org.springframework.orm.jpa.JpaTransactionManager@3d6a1f01]; rollback [true]
21502 [Test worker] INFO  org.springframework.test.context.transaction.TransactionContext  – Rolled back transaction for test context [DefaultTestContext@618de62a testClass = ConfigControllerTest, testInstance = org.iata.bsplink.refund.controller.ConfigControllerTest@58c7276d, testMethod = testSave@ConfigControllerTest, testException = [null], mergedContextConfiguration = [WebMergedContextConfiguration@76b39014 testClass = ConfigControllerTest, locations = '{}', classes = '{class org.iata.bsplink.refund.Application}', contextInitializerClasses = '[]', activeProfiles = '{}', propertySourceLocations = '{}', propertySourceProperties = '{org.springframework.boot.test.context.SpringBootTestContextBootstrapper=true}', contextCustomizers = set[org.springframework.boot.test.autoconfigure.properties.PropertyMappingContextCustomizer@e7e8512, org.springframework.boot.test.autoconfigure.web.servlet.WebDriverContextCustomizerFactory$Customizer@4ece6cea, [ImportsContextCustomizer@628361e7 key = [org.springframework.boot.test.autoconfigure.web.servlet.MockMvcAutoConfiguration, org.springframework.boot.test.autoconfigure.web.servlet.MockMvcSecurityAutoConfiguration, org.springframework.boot.test.autoconfigure.web.servlet.MockMvcWebClientAutoConfiguration, org.springframework.boot.test.autoconfigure.web.servlet.MockMvcWebDriverAutoConfiguration]], org.springframework.boot.test.context.filter.ExcludeFilterContextCustomizer@7c81a5a0, org.springframework.boot.test.json.DuplicateJsonObjectContextCustomizerFactory$DuplicateJsonObjectContextCustomizer@2dc9c285, org.springframework.boot.test.mock.mockito.MockitoContextCustomizer@0, org.springframework.boot.test.web.client.TestRestTemplateContextCustomizer@794b4b8d], resourceBasePath = 'src/main/webapp', contextLoader = 'org.springframework.boot.test.context.SpringBootContextLoader', parent = [null]], attributes = map['org.springframework.test.context.web.ServletTestExecutionListener.activateListener' -> true, 'org.springframework.test.context.web.ServletTestExecutionListener.populatedRequestContextHolder' -> true, 'org.springframework.test.context.web.ServletTestExecutionListener.resetRequestContextHolder' -> true]].
21504 [Test worker] INFO  org.springframework.test.context.transaction.TransactionContext  – Began transaction (1) for test context [DefaultTestContext@618de62a testClass = ConfigControllerTest, testInstance = org.iata.bsplink.refund.controller.ConfigControllerTest@3243ff9c, testMethod = testValidatesConfig@ConfigControllerTest, testException = [null], mergedContextConfiguration = [WebMergedContextConfiguration@76b39014 testClass = ConfigControllerTest, locations = '{}', classes = '{class org.iata.bsplink.refund.Application}', contextInitializerClasses = '[]', activeProfiles = '{}', propertySourceLocations = '{}', propertySourceProperties = '{org.springframework.boot.test.context.SpringBootTestContextBootstrapper=true}', contextCustomizers = set[org.springframework.boot.test.autoconfigure.properties.PropertyMappingContextCustomizer@e7e8512, org.springframework.boot.test.autoconfigure.web.servlet.WebDriverContextCustomizerFactory$Customizer@4ece6cea, [ImportsContextCustomizer@628361e7 key = [org.springframework.boot.test.autoconfigure.web.servlet.MockMvcAutoConfiguration, org.springframework.boot.test.autoconfigure.web.servlet.MockMvcSecurityAutoConfiguration, org.springframework.boot.test.autoconfigure.web.servlet.MockMvcWebClientAutoConfiguration, org.springframework.boot.test.autoconfigure.web.servlet.MockMvcWebDriverAutoConfiguration]], org.springframework.boot.test.context.filter.ExcludeFilterContextCustomizer@7c81a5a0, org.springframework.boot.test.json.DuplicateJsonObjectContextCustomizerFactory$DuplicateJsonObjectContextCustomizer@2dc9c285, org.springframework.boot.test.mock.mockito.MockitoContextCustomizer@0, org.springframework.boot.test.web.client.TestRestTemplateContextCustomizer@794b4b8d], resourceBasePath = 'src/main/webapp', contextLoader = 'org.springframework.boot.test.context.SpringBootContextLoader', parent = [null]], attributes = map['org.springframework.test.context.web.ServletTestExecutionListener.activateListener' -> true, 'org.springframework.test.context.web.ServletTestExecutionListener.populatedRequestContextHolder' -> true, 'org.springframework.test.context.web.ServletTestExecutionListener.resetRequestContextHolder' -> true]]; transaction manager [org.springframework.orm.jpa.JpaTransactionManager@3d6a1f01]; rollback [true]
21547 [Test worker] INFO  org.iata.bsplink.commons.rest.exception.handler.ApplicationExceptionHandler  – <400 Bad Request,ValidationErrorResponse(validationErrors=[org.iata.bsplink.commons.rest.response.validation.ValidationError@38926f18]),{}>
org.iata.bsplink.commons.rest.exception.ApplicationValidationException: Validation error
	at org.iata.bsplink.refund.controller.ConfigController.save(ConfigController.java:67)
	at sun.reflect.NativeMethodAccessorImpl.invoke0(Native Method)
	at sun.reflect.NativeMethodAccessorImpl.invoke(NativeMethodAccessorImpl.java:62)
	at sun.reflect.DelegatingMethodAccessorImpl.invoke(DelegatingMethodAccessorImpl.java:43)
	at java.lang.reflect.Method.invoke(Method.java:498)
	at org.springframework.web.method.support.InvocableHandlerMethod.doInvoke(InvocableHandlerMethod.java:209)
	at org.springframework.web.method.support.InvocableHandlerMethod.invokeForRequest(InvocableHandlerMethod.java:136)
	at org.springframework.web.servlet.mvc.method.annotation.ServletInvocableHandlerMethod.invokeAndHandle(ServletInvocableHandlerMethod.java:102)
	at org.springframework.web.servlet.mvc.method.annotation.RequestMappingHandlerAdapter.invokeHandlerMethod(RequestMappingHandlerAdapter.java:870)
	at org.springframework.web.servlet.mvc.method.annotation.RequestMappingHandlerAdapter.handleInternal(RequestMappingHandlerAdapter.java:776)
	at org.springframework.web.servlet.mvc.method.AbstractHandlerMethodAdapter.handle(AbstractHandlerMethodAdapter.java:87)
	at org.springframework.web.servlet.DispatcherServlet.doDispatch(DispatcherServlet.java:991)
	at org.springframework.web.servlet.DispatcherServlet.doService(DispatcherServlet.java:925)
	at org.springframework.web.servlet.FrameworkServlet.processRequest(FrameworkServlet.java:978)
	at org.springframework.web.servlet.FrameworkServlet.doPost(FrameworkServlet.java:881)
	at javax.servlet.http.HttpServlet.service(HttpServlet.java:661)
	at org.springframework.web.servlet.FrameworkServlet.service(FrameworkServlet.java:855)
	at org.springframework.test.web.servlet.TestDispatcherServlet.service(TestDispatcherServlet.java:66)
	at javax.servlet.http.HttpServlet.service(HttpServlet.java:742)
	at org.springframework.mock.web.MockFilterChain$ServletFilterProxy.doFilter(MockFilterChain.java:166)
	at org.springframework.mock.web.MockFilterChain.doFilter(MockFilterChain.java:133)
	at org.springframework.web.filter.RequestContextFilter.doFilterInternal(RequestContextFilter.java:99)
	at org.springframework.web.filter.OncePerRequestFilter.doFilter(OncePerRequestFilter.java:107)
	at org.springframework.mock.web.MockFilterChain.doFilter(MockFilterChain.java:133)
	at org.springframework.web.filter.HttpPutFormContentFilter.doFilterInternal(HttpPutFormContentFilter.java:109)
	at org.springframework.web.filter.OncePerRequestFilter.doFilter(OncePerRequestFilter.java:107)
	at org.springframework.mock.web.MockFilterChain.doFilter(MockFilterChain.java:133)
	at org.springframework.web.filter.HiddenHttpMethodFilter.doFilterInternal(HiddenHttpMethodFilter.java:81)
	at org.springframework.web.filter.OncePerRequestFilter.doFilter(OncePerRequestFilter.java:107)
	at org.springframework.mock.web.MockFilterChain.doFilter(MockFilterChain.java:133)
	at org.springframework.web.filter.CharacterEncodingFilter.doFilterInternal(CharacterEncodingFilter.java:200)
	at org.springframework.web.filter.OncePerRequestFilter.doFilter(OncePerRequestFilter.java:107)
	at org.springframework.mock.web.MockFilterChain.doFilter(MockFilterChain.java:133)
	at org.springframework.test.web.servlet.MockMvc.perform(MockMvc.java:166)
	at org.iata.bsplink.refund.controller.ConfigControllerTest.testValidatesConfig(ConfigControllerTest.java:171)
	at sun.reflect.NativeMethodAccessorImpl.invoke0(Native Method)
	at sun.reflect.NativeMethodAccessorImpl.invoke(NativeMethodAccessorImpl.java:62)
	at sun.reflect.DelegatingMethodAccessorImpl.invoke(DelegatingMethodAccessorImpl.java:43)
	at java.lang.reflect.Method.invoke(Method.java:498)
	at org.junit.runners.model.FrameworkMethod$1.runReflectiveCall(FrameworkMethod.java:50)
	at org.junit.internal.runners.model.ReflectiveCallable.run(ReflectiveCallable.java:12)
	at org.junit.runners.model.FrameworkMethod.invokeExplosively(FrameworkMethod.java:47)
	at org.junit.internal.runners.statements.InvokeMethod.evaluate(InvokeMethod.java:17)
	at org.springframework.test.context.junit4.statements.RunBeforeTestExecutionCallbacks.evaluate(RunBeforeTestExecutionCallbacks.java:73)
	at org.springframework.test.context.junit4.statements.RunAfterTestExecutionCallbacks.evaluate(RunAfterTestExecutionCallbacks.java:83)
	at org.junit.internal.runners.statements.RunBefores.evaluate(RunBefores.java:26)
	at org.springframework.test.context.junit4.statements.RunBeforeTestMethodCallbacks.evaluate(RunBeforeTestMethodCallbacks.java:75)
	at org.springframework.test.context.junit4.statements.RunAfterTestMethodCallbacks.evaluate(RunAfterTestMethodCallbacks.java:86)
	at org.springframework.test.context.junit4.statements.SpringRepeat.evaluate(SpringRepeat.java:84)
	at org.junit.runners.ParentRunner.runLeaf(ParentRunner.java:325)
	at org.springframework.test.context.junit4.SpringJUnit4ClassRunner.runChild(SpringJUnit4ClassRunner.java:251)
	at org.springframework.test.context.junit4.SpringJUnit4ClassRunner.runChild(SpringJUnit4ClassRunner.java:97)
	at org.junit.runners.ParentRunner$3.run(ParentRunner.java:290)
	at org.junit.runners.ParentRunner$1.schedule(ParentRunner.java:71)
	at org.junit.runners.ParentRunner.runChildren(ParentRunner.java:288)
	at org.junit.runners.ParentRunner.access$000(ParentRunner.java:58)
	at org.junit.runners.ParentRunner$2.evaluate(ParentRunner.java:268)
	at org.springframework.test.context.junit4.statements.RunBeforeTestClassCallbacks.evaluate(RunBeforeTestClassCallbacks.java:61)
	at org.springframework.test.context.junit4.statements.RunAfterTestClassCallbacks.evaluate(RunAfterTestClassCallbacks.java:70)
	at org.junit.runners.ParentRunner.run(ParentRunner.java:363)
	at org.springframework.test.context.junit4.SpringJUnit4ClassRunner.run(SpringJUnit4ClassRunner.java:190)
	at org.gradle.api.internal.tasks.testing.junit.JUnitTestClassExecutor.runTestClass(JUnitTestClassExecutor.java:116)
	at org.gradle.api.internal.tasks.testing.junit.JUnitTestClassExecutor.execute(JUnitTestClassExecutor.java:59)
	at org.gradle.api.internal.tasks.testing.junit.JUnitTestClassExecutor.execute(JUnitTestClassExecutor.java:39)
	at org.gradle.api.internal.tasks.testing.junit.AbstractJUnitTestClassProcessor.processTestClass(AbstractJUnitTestClassProcessor.java:66)
	at org.gradle.api.internal.tasks.testing.SuiteTestClassProcessor.processTestClass(SuiteTestClassProcessor.java:51)
	at sun.reflect.NativeMethodAccessorImpl.invoke0(Native Method)
	at sun.reflect.NativeMethodAccessorImpl.invoke(NativeMethodAccessorImpl.java:62)
	at sun.reflect.DelegatingMethodAccessorImpl.invoke(DelegatingMethodAccessorImpl.java:43)
	at java.lang.reflect.Method.invoke(Method.java:498)
	at org.gradle.internal.dispatch.ReflectionDispatch.dispatch(ReflectionDispatch.java:35)
	at org.gradle.internal.dispatch.ReflectionDispatch.dispatch(ReflectionDispatch.java:24)
	at org.gradle.internal.dispatch.ContextClassLoaderDispatch.dispatch(ContextClassLoaderDispatch.java:32)
	at org.gradle.internal.dispatch.ProxyDispatchAdapter$DispatchingInvocationHandler.invoke(ProxyDispatchAdapter.java:93)
	at com.sun.proxy.$Proxy1.processTestClass(Unknown Source)
	at org.gradle.api.internal.tasks.testing.worker.TestWorker.processTestClass(TestWorker.java:109)
	at sun.reflect.NativeMethodAccessorImpl.invoke0(Native Method)
	at sun.reflect.NativeMethodAccessorImpl.invoke(NativeMethodAccessorImpl.java:62)
	at sun.reflect.DelegatingMethodAccessorImpl.invoke(DelegatingMethodAccessorImpl.java:43)
	at java.lang.reflect.Method.invoke(Method.java:498)
	at org.gradle.internal.dispatch.ReflectionDispatch.dispatch(ReflectionDispatch.java:35)
	at org.gradle.internal.dispatch.ReflectionDispatch.dispatch(ReflectionDispatch.java:24)
	at org.gradle.internal.remote.internal.hub.MessageHubBackedObjectConnection$DispatchWrapper.dispatch(MessageHubBackedObjectConnection.java:146)
	at org.gradle.internal.remote.internal.hub.MessageHubBackedObjectConnection$DispatchWrapper.dispatch(MessageHubBackedObjectConnection.java:128)
	at org.gradle.internal.remote.internal.hub.MessageHub$Handler.run(MessageHub.java:404)
	at org.gradle.internal.concurrent.ExecutorPolicy$CatchAndRecordFailures.onExecute(ExecutorPolicy.java:63)
	at org.gradle.internal.concurrent.ManagedExecutorImpl$1.run(ManagedExecutorImpl.java:46)
	at java.util.concurrent.ThreadPoolExecutor.runWorker(ThreadPoolExecutor.java:1149)
	at java.util.concurrent.ThreadPoolExecutor$Worker.run(ThreadPoolExecutor.java:624)
	at org.gradle.internal.concurrent.ThreadFactoryImpl$ManagedThreadRunnable.run(ThreadFactoryImpl.java:55)
	at java.lang.Thread.run(Thread.java:748)
21604 [Test worker] INFO  org.springframework.test.context.transaction.TransactionContext  – Rolled back transaction for test context [DefaultTestContext@618de62a testClass = ConfigControllerTest, testInstance = org.iata.bsplink.refund.controller.ConfigControllerTest@3243ff9c, testMethod = testValidatesConfig@ConfigControllerTest, testException = [null], mergedContextConfiguration = [WebMergedContextConfiguration@76b39014 testClass = ConfigControllerTest, locations = '{}', classes = '{class org.iata.bsplink.refund.Application}', contextInitializerClasses = '[]', activeProfiles = '{}', propertySourceLocations = '{}', propertySourceProperties = '{org.springframework.boot.test.context.SpringBootTestContextBootstrapper=true}', contextCustomizers = set[org.springframework.boot.test.autoconfigure.properties.PropertyMappingContextCustomizer@e7e8512, org.springframework.boot.test.autoconfigure.web.servlet.WebDriverContextCustomizerFactory$Customizer@4ece6cea, [ImportsContextCustomizer@628361e7 key = [org.springframework.boot.test.autoconfigure.web.servlet.MockMvcAutoConfiguration, org.springframework.boot.test.autoconfigure.web.servlet.MockMvcSecurityAutoConfiguration, org.springframework.boot.test.autoconfigure.web.servlet.MockMvcWebClientAutoConfiguration, org.springframework.boot.test.autoconfigure.web.servlet.MockMvcWebDriverAutoConfiguration]], org.springframework.boot.test.context.filter.ExcludeFilterContextCustomizer@7c81a5a0, org.springframework.boot.test.json.DuplicateJsonObjectContextCustomizerFactory$DuplicateJsonObjectContextCustomizer@2dc9c285, org.springframework.boot.test.mock.mockito.MockitoContextCustomizer@0, org.springframework.boot.test.web.client.TestRestTemplateContextCustomizer@794b4b8d], resourceBasePath = 'src/main/webapp', contextLoader = 'org.springframework.boot.test.context.SpringBootContextLoader', parent = [null]], attributes = map['org.springframework.test.context.web.ServletTestExecutionListener.activateListener' -> true, 'org.springframework.test.context.web.ServletTestExecutionListener.populatedRequestContextHolder' -> true, 'org.springframework.test.context.web.ServletTestExecutionListener.resetRequestContextHolder' -> true]].
21608 [Test worker] INFO  org.springframework.test.context.transaction.TransactionContext  – Began transaction (1) for test context [DefaultTestContext@618de62a testClass = ConfigControllerTest, testInstance = org.iata.bsplink.refund.controller.ConfigControllerTest@45798630, testMethod = testReturnsSavedConfig@ConfigControllerTest, testException = [null], mergedContextConfiguration = [WebMergedContextConfiguration@76b39014 testClass = ConfigControllerTest, locations = '{}', classes = '{class org.iata.bsplink.refund.Application}', contextInitializerClasses = '[]', activeProfiles = '{}', propertySourceLocations = '{}', propertySourceProperties = '{org.springframework.boot.test.context.SpringBootTestContextBootstrapper=true}', contextCustomizers = set[org.springframework.boot.test.autoconfigure.properties.PropertyMappingContextCustomizer@e7e8512, org.springframework.boot.test.autoconfigure.web.servlet.WebDriverContextCustomizerFactory$Customizer@4ece6cea, [ImportsContextCustomizer@628361e7 key = [org.springframework.boot.test.autoconfigure.web.servlet.MockMvcAutoConfiguration, org.springframework.boot.test.autoconfigure.web.servlet.MockMvcSecurityAutoConfiguration, org.springframework.boot.test.autoconfigure.web.servlet.MockMvcWebClientAutoConfiguration, org.springframework.boot.test.autoconfigure.web.servlet.MockMvcWebDriverAutoConfiguration]], org.springframework.boot.test.context.filter.ExcludeFilterContextCustomizer@7c81a5a0, org.springframework.boot.test.json.DuplicateJsonObjectContextCustomizerFactory$DuplicateJsonObjectContextCustomizer@2dc9c285, org.springframework.boot.test.mock.mockito.MockitoContextCustomizer@0, org.springframework.boot.test.web.client.TestRestTemplateContextCustomizer@794b4b8d], resourceBasePath = 'src/main/webapp', contextLoader = 'org.springframework.boot.test.context.SpringBootContextLoader', parent = [null]], attributes = map['org.springframework.test.context.web.ServletTestExecutionListener.activateListener' -> true, 'org.springframework.test.context.web.ServletTestExecutionListener.populatedRequestContextHolder' -> true, 'org.springframework.test.context.web.ServletTestExecutionListener.resetRequestContextHolder' -> true]]; transaction manager [org.springframework.orm.jpa.JpaTransactionManager@3d6a1f01]; rollback [true]
21618 [Test worker] INFO  org.springframework.test.context.transaction.TransactionContext  – Rolled back transaction for test context [DefaultTestContext@618de62a testClass = ConfigControllerTest, testInstance = org.iata.bsplink.refund.controller.ConfigControllerTest@45798630, testMethod = testReturnsSavedConfig@ConfigControllerTest, testException = [null], mergedContextConfiguration = [WebMergedContextConfiguration@76b39014 testClass = ConfigControllerTest, locations = '{}', classes = '{class org.iata.bsplink.refund.Application}', contextInitializerClasses = '[]', activeProfiles = '{}', propertySourceLocations = '{}', propertySourceProperties = '{org.springframework.boot.test.context.SpringBootTestContextBootstrapper=true}', contextCustomizers = set[org.springframework.boot.test.autoconfigure.properties.PropertyMappingContextCustomizer@e7e8512, org.springframework.boot.test.autoconfigure.web.servlet.WebDriverContextCustomizerFactory$Customizer@4ece6cea, [ImportsContextCustomizer@628361e7 key = [org.springframework.boot.test.autoconfigure.web.servlet.MockMvcAutoConfiguration, org.springframework.boot.test.autoconfigure.web.servlet.MockMvcSecurityAutoConfiguration, org.springframework.boot.test.autoconfigure.web.servlet.MockMvcWebClientAutoConfiguration, org.springframework.boot.test.autoconfigure.web.servlet.MockMvcWebDriverAutoConfiguration]], org.springframework.boot.test.context.filter.ExcludeFilterContextCustomizer@7c81a5a0, org.springframework.boot.test.json.DuplicateJsonObjectContextCustomizerFactory$DuplicateJsonObjectContextCustomizer@2dc9c285, org.springframework.boot.test.mock.mockito.MockitoContextCustomizer@0, org.springframework.boot.test.web.client.TestRestTemplateContextCustomizer@794b4b8d], resourceBasePath = 'src/main/webapp', contextLoader = 'org.springframework.boot.test.context.SpringBootContextLoader', parent = [null]], attributes = map['org.springframework.test.context.web.ServletTestExecutionListener.activateListener' -> true, 'org.springframework.test.context.web.ServletTestExecutionListener.populatedRequestContextHolder' -> true, 'org.springframework.test.context.web.ServletTestExecutionListener.resetRequestContextHolder' -> true]].
21620 [Test worker] INFO  org.springframework.test.context.transaction.TransactionContext  – Began transaction (1) for test context [DefaultTestContext@618de62a testClass = ConfigControllerTest, testInstance = org.iata.bsplink.refund.controller.ConfigControllerTest@4bf64a1f, testMethod = testGetConfig@ConfigControllerTest, testException = [null], mergedContextConfiguration = [WebMergedContextConfiguration@76b39014 testClass = ConfigControllerTest, locations = '{}', classes = '{class org.iata.bsplink.refund.Application}', contextInitializerClasses = '[]', activeProfiles = '{}', propertySourceLocations = '{}', propertySourceProperties = '{org.springframework.boot.test.context.SpringBootTestContextBootstrapper=true}', contextCustomizers = set[org.springframework.boot.test.autoconfigure.properties.PropertyMappingContextCustomizer@e7e8512, org.springframework.boot.test.autoconfigure.web.servlet.WebDriverContextCustomizerFactory$Customizer@4ece6cea, [ImportsContextCustomizer@628361e7 key = [org.springframework.boot.test.autoconfigure.web.servlet.MockMvcAutoConfiguration, org.springframework.boot.test.autoconfigure.web.servlet.MockMvcSecurityAutoConfiguration, org.springframework.boot.test.autoconfigure.web.servlet.MockMvcWebClientAutoConfiguration, org.springframework.boot.test.autoconfigure.web.servlet.MockMvcWebDriverAutoConfiguration]], org.springframework.boot.test.context.filter.ExcludeFilterContextCustomizer@7c81a5a0, org.springframework.boot.test.json.DuplicateJsonObjectContextCustomizerFactory$DuplicateJsonObjectContextCustomizer@2dc9c285, org.springframework.boot.test.mock.mockito.MockitoContextCustomizer@0, org.springframework.boot.test.web.client.TestRestTemplateContextCustomizer@794b4b8d], resourceBasePath = 'src/main/webapp', contextLoader = 'org.springframework.boot.test.context.SpringBootContextLoader', parent = [null]], attributes = map['org.springframework.test.context.web.ServletTestExecutionListener.activateListener' -> true, 'org.springframework.test.context.web.ServletTestExecutionListener.populatedRequestContextHolder' -> true, 'org.springframework.test.context.web.ServletTestExecutionListener.resetRequestContextHolder' -> true]]; transaction manager [org.springframework.orm.jpa.JpaTransactionManager@3d6a1f01]; rollback [true]
21643 [Test worker] INFO  org.springframework.test.context.transaction.TransactionContext  – Rolled back transaction for test context [DefaultTestContext@618de62a testClass = ConfigControllerTest, testInstance = org.iata.bsplink.refund.controller.ConfigControllerTest@4bf64a1f, testMethod = testGetConfig@ConfigControllerTest, testException = [null], mergedContextConfiguration = [WebMergedContextConfiguration@76b39014 testClass = ConfigControllerTest, locations = '{}', classes = '{class org.iata.bsplink.refund.Application}', contextInitializerClasses = '[]', activeProfiles = '{}', propertySourceLocations = '{}', propertySourceProperties = '{org.springframework.boot.test.context.SpringBootTestContextBootstrapper=true}', contextCustomizers = set[org.springframework.boot.test.autoconfigure.properties.PropertyMappingContextCustomizer@e7e8512, org.springframework.boot.test.autoconfigure.web.servlet.WebDriverContextCustomizerFactory$Customizer@4ece6cea, [ImportsContextCustomizer@628361e7 key = [org.springframework.boot.test.autoconfigure.web.servlet.MockMvcAutoConfiguration, org.springframework.boot.test.autoconfigure.web.servlet.MockMvcSecurityAutoConfiguration, org.springframework.boot.test.autoconfigure.web.servlet.MockMvcWebClientAutoConfiguration, org.springframework.boot.test.autoconfigure.web.servlet.MockMvcWebDriverAutoConfiguration]], org.springframework.boot.test.context.filter.ExcludeFilterContextCustomizer@7c81a5a0, org.springframework.boot.test.json.DuplicateJsonObjectContextCustomizerFactory$DuplicateJsonObjectContextCustomizer@2dc9c285, org.springframework.boot.test.mock.mockito.MockitoContextCustomizer@0, org.springframework.boot.test.web.client.TestRestTemplateContextCustomizer@794b4b8d], resourceBasePath = 'src/main/webapp', contextLoader = 'org.springframework.boot.test.context.SpringBootContextLoader', parent = [null]], attributes = map['org.springframework.test.context.web.ServletTestExecutionListener.activateListener' -> true, 'org.springframework.test.context.web.ServletTestExecutionListener.populatedRequestContextHolder' -> true, 'org.springframework.test.context.web.ServletTestExecutionListener.resetRequestContextHolder' -> true]].
21645 [Test worker] INFO  org.springframework.test.context.transaction.TransactionContext  – Began transaction (1) for test context [DefaultTestContext@618de62a testClass = ConfigControllerTest, testInstance = org.iata.bsplink.refund.controller.ConfigControllerTest@4852e454, testMethod = testGetConfigs@ConfigControllerTest, testException = [null], mergedContextConfiguration = [WebMergedContextConfiguration@76b39014 testClass = ConfigControllerTest, locations = '{}', classes = '{class org.iata.bsplink.refund.Application}', contextInitializerClasses = '[]', activeProfiles = '{}', propertySourceLocations = '{}', propertySourceProperties = '{org.springframework.boot.test.context.SpringBootTestContextBootstrapper=true}', contextCustomizers = set[org.springframework.boot.test.autoconfigure.properties.PropertyMappingContextCustomizer@e7e8512, org.springframework.boot.test.autoconfigure.web.servlet.WebDriverContextCustomizerFactory$Customizer@4ece6cea, [ImportsContextCustomizer@628361e7 key = [org.springframework.boot.test.autoconfigure.web.servlet.MockMvcAutoConfiguration, org.springframework.boot.test.autoconfigure.web.servlet.MockMvcSecurityAutoConfiguration, org.springframework.boot.test.autoconfigure.web.servlet.MockMvcWebClientAutoConfiguration, org.springframework.boot.test.autoconfigure.web.servlet.MockMvcWebDriverAutoConfiguration]], org.springframework.boot.test.context.filter.ExcludeFilterContextCustomizer@7c81a5a0, org.springframework.boot.test.json.DuplicateJsonObjectContextCustomizerFactory$DuplicateJsonObjectContextCustomizer@2dc9c285, org.springframework.boot.test.mock.mockito.MockitoContextCustomizer@0, org.springframework.boot.test.web.client.TestRestTemplateContextCustomizer@794b4b8d], resourceBasePath = 'src/main/webapp', contextLoader = 'org.springframework.boot.test.context.SpringBootContextLoader', parent = [null]], attributes = map['org.springframework.test.context.web.ServletTestExecutionListener.activateListener' -> true, 'org.springframework.test.context.web.ServletTestExecutionListener.populatedRequestContextHolder' -> true, 'org.springframework.test.context.web.ServletTestExecutionListener.resetRequestContextHolder' -> true]]; transaction manager [org.springframework.orm.jpa.JpaTransactionManager@3d6a1f01]; rollback [true]
21668 [Test worker] INFO  org.springframework.test.context.transaction.TransactionContext  – Rolled back transaction for test context [DefaultTestContext@618de62a testClass = ConfigControllerTest, testInstance = org.iata.bsplink.refund.controller.ConfigControllerTest@4852e454, testMethod = testGetConfigs@ConfigControllerTest, testException = [null], mergedContextConfiguration = [WebMergedContextConfiguration@76b39014 testClass = ConfigControllerTest, locations = '{}', classes = '{class org.iata.bsplink.refund.Application}', contextInitializerClasses = '[]', activeProfiles = '{}', propertySourceLocations = '{}', propertySourceProperties = '{org.springframework.boot.test.context.SpringBootTestContextBootstrapper=true}', contextCustomizers = set[org.springframework.boot.test.autoconfigure.properties.PropertyMappingContextCustomizer@e7e8512, org.springframework.boot.test.autoconfigure.web.servlet.WebDriverContextCustomizerFactory$Customizer@4ece6cea, [ImportsContextCustomizer@628361e7 key = [org.springframework.boot.test.autoconfigure.web.servlet.MockMvcAutoConfiguration, org.springframework.boot.test.autoconfigure.web.servlet.MockMvcSecurityAutoConfiguration, org.springframework.boot.test.autoconfigure.web.servlet.MockMvcWebClientAutoConfiguration, org.springframework.boot.test.autoconfigure.web.servlet.MockMvcWebDriverAutoConfiguration]], org.springframework.boot.test.context.filter.ExcludeFilterContextCustomizer@7c81a5a0, org.springframework.boot.test.json.DuplicateJsonObjectContextCustomizerFactory$DuplicateJsonObjectContextCustomizer@2dc9c285, org.springframework.boot.test.mock.mockito.MockitoContextCustomizer@0, org.springframework.boot.test.web.client.TestRestTemplateContextCustomizer@794b4b8d], resourceBasePath = 'src/main/webapp', contextLoader = 'org.springframework.boot.test.context.SpringBootContextLoader', parent = [null]], attributes = map['org.springframework.test.context.web.ServletTestExecutionListener.activateListener' -> true, 'org.springframework.test.context.web.ServletTestExecutionListener.populatedRequestContextHolder' -> true, 'org.springframework.test.context.web.ServletTestExecutionListener.resetRequestContextHolder' -> true]].
21671 [Test worker] INFO  org.springframework.test.context.transaction.TransactionContext  – Began transaction (1) for test context [DefaultTestContext@618de62a testClass = ConfigControllerTest, testInstance = org.iata.bsplink.refund.controller.ConfigControllerTest@5f65f41a, testMethod = testReturnsDefaultWhenTryingToRetrieveNonExistentConfig@ConfigControllerTest, testException = [null], mergedContextConfiguration = [WebMergedContextConfiguration@76b39014 testClass = ConfigControllerTest, locations = '{}', classes = '{class org.iata.bsplink.refund.Application}', contextInitializerClasses = '[]', activeProfiles = '{}', propertySourceLocations = '{}', propertySourceProperties = '{org.springframework.boot.test.context.SpringBootTestContextBootstrapper=true}', contextCustomizers = set[org.springframework.boot.test.autoconfigure.properties.PropertyMappingContextCustomizer@e7e8512, org.springframework.boot.test.autoconfigure.web.servlet.WebDriverContextCustomizerFactory$Customizer@4ece6cea, [ImportsContextCustomizer@628361e7 key = [org.springframework.boot.test.autoconfigure.web.servlet.MockMvcAutoConfiguration, org.springframework.boot.test.autoconfigure.web.servlet.MockMvcSecurityAutoConfiguration, org.springframework.boot.test.autoconfigure.web.servlet.MockMvcWebClientAutoConfiguration, org.springframework.boot.test.autoconfigure.web.servlet.MockMvcWebDriverAutoConfiguration]], org.springframework.boot.test.context.filter.ExcludeFilterContextCustomizer@7c81a5a0, org.springframework.boot.test.json.DuplicateJsonObjectContextCustomizerFactory$DuplicateJsonObjectContextCustomizer@2dc9c285, org.springframework.boot.test.mock.mockito.MockitoContextCustomizer@0, org.springframework.boot.test.web.client.TestRestTemplateContextCustomizer@794b4b8d], resourceBasePath = 'src/main/webapp', contextLoader = 'org.springframework.boot.test.context.SpringBootContextLoader', parent = [null]], attributes = map['org.springframework.test.context.web.ServletTestExecutionListener.activateListener' -> true, 'org.springframework.test.context.web.ServletTestExecutionListener.populatedRequestContextHolder' -> true, 'org.springframework.test.context.web.ServletTestExecutionListener.resetRequestContextHolder' -> true]]; transaction manager [org.springframework.orm.jpa.JpaTransactionManager@3d6a1f01]; rollback [true]
21688 [Test worker] INFO  org.springframework.test.context.transaction.TransactionContext  – Rolled back transaction for test context [DefaultTestContext@618de62a testClass = ConfigControllerTest, testInstance = org.iata.bsplink.refund.controller.ConfigControllerTest@5f65f41a, testMethod = testReturnsDefaultWhenTryingToRetrieveNonExistentConfig@ConfigControllerTest, testException = [null], mergedContextConfiguration = [WebMergedContextConfiguration@76b39014 testClass = ConfigControllerTest, locations = '{}', classes = '{class org.iata.bsplink.refund.Application}', contextInitializerClasses = '[]', activeProfiles = '{}', propertySourceLocations = '{}', propertySourceProperties = '{org.springframework.boot.test.context.SpringBootTestContextBootstrapper=true}', contextCustomizers = set[org.springframework.boot.test.autoconfigure.properties.PropertyMappingContextCustomizer@e7e8512, org.springframework.boot.test.autoconfigure.web.servlet.WebDriverContextCustomizerFactory$Customizer@4ece6cea, [ImportsContextCustomizer@628361e7 key = [org.springframework.boot.test.autoconfigure.web.servlet.MockMvcAutoConfiguration, org.springframework.boot.test.autoconfigure.web.servlet.MockMvcSecurityAutoConfiguration, org.springframework.boot.test.autoconfigure.web.servlet.MockMvcWebClientAutoConfiguration, org.springframework.boot.test.autoconfigure.web.servlet.MockMvcWebDriverAutoConfiguration]], org.springframework.boot.test.context.filter.ExcludeFilterContextCustomizer@7c81a5a0, org.springframework.boot.test.json.DuplicateJsonObjectContextCustomizerFactory$DuplicateJsonObjectContextCustomizer@2dc9c285, org.springframework.boot.test.mock.mockito.MockitoContextCustomizer@0, org.springframework.boot.test.web.client.TestRestTemplateContextCustomizer@794b4b8d], resourceBasePath = 'src/main/webapp', contextLoader = 'org.springframework.boot.test.context.SpringBootContextLoader', parent = [null]], attributes = map['org.springframework.test.context.web.ServletTestExecutionListener.activateListener' -> true, 'org.springframework.test.context.web.ServletTestExecutionListener.populatedRequestContextHolder' -> true, 'org.springframework.test.context.web.ServletTestExecutionListener.resetRequestContextHolder' -> true]].
]]></system-out>
  <system-err><![CDATA[]]></system-err>
</testsuite>
